[11:17:27] [Worker-Main-3/ERROR]: Invalid path in pack: tusb_remake:functions/TEST.mcfunction, ignoring
[11:17:27] [Worker-Main-4/ERROR]: Couldn't parse data file usb:chests/hatena from usb:loot_tables/chests/hatena.json
com.google.gson.JsonParseException: com.google.gson.stream.MalformedJsonException: Unterminated object at line 13 column 347 path $.pools[0].entries[0].functions[0].tag
        at aue.a(SourceFile:529) ~[server-1.20.4.jar:?]
        at aue.b(SourceFile:534) ~[server-1.20.4.jar:?]
        at aue.a(SourceFile:584) ~[server-1.20.4.jar:?]
        at aqm.a(SourceFile:44) ~[server-1.20.4.jar:?]
        at egz.a(SourceFile:50) ~[server-1.20.4.jar:?]
        at java.util.concurrent.CompletableFuture$AsyncRun.run(CompletableFuture.java:1804) ~[?:?]
        at java.util.concurrent.CompletableFuture$AsyncRun.exec(CompletableFuture.java:1796) ~[?:?]
        at java.util.concurrent.ForkJoinTask.doExec(ForkJoinTask.java:387) ~[?:?]
        at java.util.concurrent.ForkJoinPool$WorkQueue.topLevelExec(ForkJoinPool.java:1312) ~[?:?]
        at java.util.concurrent.ForkJoinPool.scan(ForkJoinPool.java:1843) ~[?:?]
        at java.util.concurrent.ForkJoinPool.runWorker(ForkJoinPool.java:1808) ~[?:?]
        at java.util.concurrent.ForkJoinWorkerThread.run(ForkJoinWorkerThread.java:188) ~[?:?]
Caused by: com.google.gson.stream.MalformedJsonException: Unterminated object at line 13 column 347 path $.pools[0].entries[0].functions[0].tag
        at com.google.gson.stream.JsonReader.syntaxError(JsonReader.java:1659) ~[gson-2.10.1.jar:?]
        at com.google.gson.stream.JsonReader.doPeek(JsonReader.java:500) ~[gson-2.10.1.jar:?]
        at com.google.gson.stream.JsonReader.hasNext(JsonReader.java:422) ~[gson-2.10.1.jar:?]
        at com.google.gson.internal.bind.TypeAdapters$28.read(TypeAdapters.java:779) ~[gson-2.10.1.jar:?]
        at com.google.gson.internal.bind.TypeAdapters$28.read(TypeAdapters.java:725) ~[gson-2.10.1.jar:?]
        at com.google.gson.internal.bind.TypeAdapters$34$1.read(TypeAdapters.java:1007) ~[gson-2.10.1.jar:?]
        at aue.a(SourceFile:527) ~[server-1.20.4.jar:?]
        ... 11 more
[11:17:27] [Worker-Main-4/ERROR]: Couldn't parse data file usb:chests/iceworld from usb:loot_tables/chests/iceworld.json
com.google.gson.JsonParseException: com.google.gson.stream.MalformedJsonException: Unterminated object at line 895 column 97 path $.pools[2].entries[15].functions[1].tag
        at aue.a(SourceFile:529) ~[server-1.20.4.jar:?]
        at aue.b(SourceFile:534) ~[server-1.20.4.jar:?]
        at aue.a(SourceFile:584) ~[server-1.20.4.jar:?]
        at aqm.a(SourceFile:44) ~[server-1.20.4.jar:?]
        at egz.a(SourceFile:50) ~[server-1.20.4.jar:?]
        at java.util.concurrent.CompletableFuture$AsyncRun.run(CompletableFuture.java:1804) ~[?:?]
        at java.util.concurrent.CompletableFuture$AsyncRun.exec(CompletableFuture.java:1796) ~[?:?]
        at java.util.concurrent.ForkJoinTask.doExec(ForkJoinTask.java:387) ~[?:?]
        at java.util.concurrent.ForkJoinPool$WorkQueue.topLevelExec(ForkJoinPool.java:1312) ~[?:?]
        at java.util.concurrent.ForkJoinPool.scan(ForkJoinPool.java:1843) ~[?:?]
        at java.util.concurrent.ForkJoinPool.runWorker(ForkJoinPool.java:1808) ~[?:?]
        at java.util.concurrent.ForkJoinWorkerThread.run(ForkJoinWorkerThread.java:188) ~[?:?]
Caused by: com.google.gson.stream.MalformedJsonException: Unterminated object at line 895 column 97 path $.pools[2].entries[15].functions[1].tag
        at com.google.gson.stream.JsonReader.syntaxError(JsonReader.java:1659) ~[gson-2.10.1.jar:?]
        at com.google.gson.stream.JsonReader.doPeek(JsonReader.java:500) ~[gson-2.10.1.jar:?]
        at com.google.gson.stream.JsonReader.hasNext(JsonReader.java:422) ~[gson-2.10.1.jar:?]
        at com.google.gson.internal.bind.TypeAdapters$28.read(TypeAdapters.java:779) ~[gson-2.10.1.jar:?]
        at com.google.gson.internal.bind.TypeAdapters$28.read(TypeAdapters.java:725) ~[gson-2.10.1.jar:?]
        at com.google.gson.internal.bind.TypeAdapters$34$1.read(TypeAdapters.java:1007) ~[gson-2.10.1.jar:?]
        at aue.a(SourceFile:527) ~[server-1.20.4.jar:?]
        ... 11 more
[11:17:27] [Worker-Main-4/ERROR]: Couldn't parse data file usb:gameplay/fishing/item from usb:loot_tables/gameplay/fishing/item.json
com.google.gson.JsonParseException: com.google.gson.stream.MalformedJsonException: Unterminated object at line 173 column 97 path $.pools[0].entries[32].functions[0].tag
        at aue.a(SourceFile:529) ~[server-1.20.4.jar:?]
        at aue.b(SourceFile:534) ~[server-1.20.4.jar:?]
        at aue.a(SourceFile:584) ~[server-1.20.4.jar:?]
        at aqm.a(SourceFile:44) ~[server-1.20.4.jar:?]
        at egz.a(SourceFile:50) ~[server-1.20.4.jar:?]
        at java.util.concurrent.CompletableFuture$AsyncRun.run(CompletableFuture.java:1804) ~[?:?]
        at java.util.concurrent.CompletableFuture$AsyncRun.exec(CompletableFuture.java:1796) ~[?:?]
        at java.util.concurrent.ForkJoinTask.doExec(ForkJoinTask.java:387) ~[?:?]
        at java.util.concurrent.ForkJoinPool$WorkQueue.topLevelExec(ForkJoinPool.java:1312) ~[?:?]
        at java.util.concurrent.ForkJoinPool.scan(ForkJoinPool.java:1843) ~[?:?]
        at java.util.concurrent.ForkJoinPool.runWorker(ForkJoinPool.java:1808) ~[?:?]
        at java.util.concurrent.ForkJoinWorkerThread.run(ForkJoinWorkerThread.java:188) ~[?:?]
Caused by: com.google.gson.stream.MalformedJsonException: Unterminated object at line 173 column 97 path $.pools[0].entries[32].functions[0].tag
        at com.google.gson.stream.JsonReader.syntaxError(JsonReader.java:1659) ~[gson-2.10.1.jar:?]
        at com.google.gson.stream.JsonReader.doPeek(JsonReader.java:500) ~[gson-2.10.1.jar:?]
        at com.google.gson.stream.JsonReader.hasNext(JsonReader.java:422) ~[gson-2.10.1.jar:?]
        at com.google.gson.internal.bind.TypeAdapters$28.read(TypeAdapters.java:779) ~[gson-2.10.1.jar:?]
        at com.google.gson.internal.bind.TypeAdapters$28.read(TypeAdapters.java:725) ~[gson-2.10.1.jar:?]
        at com.google.gson.internal.bind.TypeAdapters$34$1.read(TypeAdapters.java:1007) ~[gson-2.10.1.jar:?]
        at aue.a(SourceFile:527) ~[server-1.20.4.jar:?]
        ... 11 more
[11:17:27] [Worker-Main-4/ERROR]: Couldn't parse data file usb:signs/ether1 from usb:loot_tables/signs/ether1.json
com.google.gson.JsonParseException: com.google.gson.stream.MalformedJsonException: Unterminated object at line 13 column 81 path $.pools[0].entries[0].functions[0].tag
        at aue.a(SourceFile:529) ~[server-1.20.4.jar:?]
        at aue.b(SourceFile:534) ~[server-1.20.4.jar:?]
        at aue.a(SourceFile:584) ~[server-1.20.4.jar:?]
        at aqm.a(SourceFile:44) ~[server-1.20.4.jar:?]
        at egz.a(SourceFile:50) ~[server-1.20.4.jar:?]
        at java.util.concurrent.CompletableFuture$AsyncRun.run(CompletableFuture.java:1804) ~[?:?]
        at java.util.concurrent.CompletableFuture$AsyncRun.exec(CompletableFuture.java:1796) ~[?:?]
        at java.util.concurrent.ForkJoinTask.doExec(ForkJoinTask.java:387) ~[?:?]
        at java.util.concurrent.ForkJoinPool$WorkQueue.topLevelExec(ForkJoinPool.java:1312) ~[?:?]
        at java.util.concurrent.ForkJoinPool.scan(ForkJoinPool.java:1843) ~[?:?]
        at java.util.concurrent.ForkJoinPool.runWorker(ForkJoinPool.java:1808) ~[?:?]
        at java.util.concurrent.ForkJoinWorkerThread.run(ForkJoinWorkerThread.java:188) ~[?:?]
Caused by: com.google.gson.stream.MalformedJsonException: Unterminated object at line 13 column 81 path $.pools[0].entries[0].functions[0].tag
        at com.google.gson.stream.JsonReader.syntaxError(JsonReader.java:1659) ~[gson-2.10.1.jar:?]
        at com.google.gson.stream.JsonReader.doPeek(JsonReader.java:500) ~[gson-2.10.1.jar:?]
        at com.google.gson.stream.JsonReader.hasNext(JsonReader.java:422) ~[gson-2.10.1.jar:?]
        at com.google.gson.internal.bind.TypeAdapters$28.read(TypeAdapters.java:779) ~[gson-2.10.1.jar:?]
        at com.google.gson.internal.bind.TypeAdapters$28.read(TypeAdapters.java:725) ~[gson-2.10.1.jar:?]
        at com.google.gson.internal.bind.TypeAdapters$34$1.read(TypeAdapters.java:1007) ~[gson-2.10.1.jar:?]
        at aue.a(SourceFile:527) ~[server-1.20.4.jar:?]
        ... 11 more
[11:17:27] [Worker-Main-4/ERROR]: Couldn't parse data file usb:signs/ether2 from usb:loot_tables/signs/ether2.json
com.google.gson.JsonParseException: com.google.gson.stream.MalformedJsonException: Unterminated object at line 13 column 81 path $.pools[0].entries[0].functions[0].tag
        at aue.a(SourceFile:529) ~[server-1.20.4.jar:?]
        at aue.b(SourceFile:534) ~[server-1.20.4.jar:?]
        at aue.a(SourceFile:584) ~[server-1.20.4.jar:?]
        at aqm.a(SourceFile:44) ~[server-1.20.4.jar:?]
        at egz.a(SourceFile:50) ~[server-1.20.4.jar:?]
        at java.util.concurrent.CompletableFuture$AsyncRun.run(CompletableFuture.java:1804) ~[?:?]
        at java.util.concurrent.CompletableFuture$AsyncRun.exec(CompletableFuture.java:1796) ~[?:?]
        at java.util.concurrent.ForkJoinTask.doExec(ForkJoinTask.java:387) ~[?:?]
        at java.util.concurrent.ForkJoinPool$WorkQueue.topLevelExec(ForkJoinPool.java:1312) ~[?:?]
        at java.util.concurrent.ForkJoinPool.scan(ForkJoinPool.java:1843) ~[?:?]
        at java.util.concurrent.ForkJoinPool.runWorker(ForkJoinPool.java:1808) ~[?:?]
        at java.util.concurrent.ForkJoinWorkerThread.run(ForkJoinWorkerThread.java:188) ~[?:?]
Caused by: com.google.gson.stream.MalformedJsonException: Unterminated object at line 13 column 81 path $.pools[0].entries[0].functions[0].tag
        at com.google.gson.stream.JsonReader.syntaxError(JsonReader.java:1659) ~[gson-2.10.1.jar:?]
        at com.google.gson.stream.JsonReader.doPeek(JsonReader.java:500) ~[gson-2.10.1.jar:?]
        at com.google.gson.stream.JsonReader.hasNext(JsonReader.java:422) ~[gson-2.10.1.jar:?]
        at com.google.gson.internal.bind.TypeAdapters$28.read(TypeAdapters.java:779) ~[gson-2.10.1.jar:?]
        at com.google.gson.internal.bind.TypeAdapters$28.read(TypeAdapters.java:725) ~[gson-2.10.1.jar:?]
        at com.google.gson.internal.bind.TypeAdapters$34$1.read(TypeAdapters.java:1007) ~[gson-2.10.1.jar:?]
        at aue.a(SourceFile:527) ~[server-1.20.4.jar:?]
        ... 11 more
[11:17:27] [Worker-Main-4/ERROR]: Couldn't parse data file usb:signs/ether3 from usb:loot_tables/signs/ether3.json
com.google.gson.JsonParseException: com.google.gson.stream.MalformedJsonException: Unterminated object at line 13 column 81 path $.pools[0].entries[0].functions[0].tag
        at aue.a(SourceFile:529) ~[server-1.20.4.jar:?]
        at aue.b(SourceFile:534) ~[server-1.20.4.jar:?]
        at aue.a(SourceFile:584) ~[server-1.20.4.jar:?]
        at aqm.a(SourceFile:44) ~[server-1.20.4.jar:?]
        at egz.a(SourceFile:50) ~[server-1.20.4.jar:?]
        at java.util.concurrent.CompletableFuture$AsyncRun.run(CompletableFuture.java:1804) ~[?:?]
        at java.util.concurrent.CompletableFuture$AsyncRun.exec(CompletableFuture.java:1796) ~[?:?]
        at java.util.concurrent.ForkJoinTask.doExec(ForkJoinTask.java:387) ~[?:?]
        at java.util.concurrent.ForkJoinPool$WorkQueue.topLevelExec(ForkJoinPool.java:1312) ~[?:?]
        at java.util.concurrent.ForkJoinPool.scan(ForkJoinPool.java:1843) ~[?:?]
        at java.util.concurrent.ForkJoinPool.runWorker(ForkJoinPool.java:1808) ~[?:?]
        at java.util.concurrent.ForkJoinWorkerThread.run(ForkJoinWorkerThread.java:188) ~[?:?]
Caused by: com.google.gson.stream.MalformedJsonException: Unterminated object at line 13 column 81 path $.pools[0].entries[0].functions[0].tag
        at com.google.gson.stream.JsonReader.syntaxError(JsonReader.java:1659) ~[gson-2.10.1.jar:?]
        at com.google.gson.stream.JsonReader.doPeek(JsonReader.java:500) ~[gson-2.10.1.jar:?]
        at com.google.gson.stream.JsonReader.hasNext(JsonReader.java:422) ~[gson-2.10.1.jar:?]
        at com.google.gson.internal.bind.TypeAdapters$28.read(TypeAdapters.java:779) ~[gson-2.10.1.jar:?]
        at com.google.gson.internal.bind.TypeAdapters$28.read(TypeAdapters.java:725) ~[gson-2.10.1.jar:?]
        at com.google.gson.internal.bind.TypeAdapters$34$1.read(TypeAdapters.java:1007) ~[gson-2.10.1.jar:?]
        at aue.a(SourceFile:527) ~[server-1.20.4.jar:?]
        ... 11 more
[11:17:27] [ServerMain/WARN]: Found loot table element validation problem in {loot_tables:usb:chests/rank1}.pools[1].entries[0]->{usb:chests/itemrank/f}.pools[0].entries[5]: Unreachable entry!
[11:17:27] [ServerMain/WARN]: Found loot table element validation problem in {loot_tables:usb:chests/enjoy}.pools[0].entries[2]->{usb:chests/itemrank/d}.pools[0].entries[8]: Unreachable entry!
[11:17:27] [ServerMain/WARN]: Found loot table element validation problem in {loot_tables:usb:chests/rank1}.pools[1].entries[0]->{usb:chests/itemrank/f}.pools[0].entries[64]: Unreachable entry!
[11:17:27] [ServerMain/WARN]: Found loot table element validation problem in {loot_tables:usb:entities/table/mob4}.pools[2].entries[0]->{usb:entities/table/mobs}.pools[0].entries[6]->{minecraft:entities/guardian}.pools[2].entries[0]->{minecraft:gameplay/fishing}.pools[0].entries[3]->{usb:gameplay/fishing/special}.pools[0].entries[0]: Unknown loot table called usb:gameplay/fishing/item
[11:17:27] [ServerMain/WARN]: Found loot table element validation problem in {loot_tables:usb:chests/enjoy}.pools[0].entries[0]->{usb:chests/itemrank/f}.pools[0].entries[24]: Unreachable entry!
[11:17:27] [ServerMain/WARN]: Found loot table element validation problem in {loot_tables:usb:chests/rank1}.pools[1].entries[0]->{usb:chests/itemrank/f}.pools[0].entries[24]: Unreachable entry!
[11:17:27] [ServerMain/WARN]: Found loot table element validation problem in {loot_tables:usb:chests/itemrank/f}.pools[0].entries[2]: Unreachable entry!
[11:17:27] [ServerMain/WARN]: Found loot table element validation problem in {loot_tables:usb:chests/rank2}.pools[1].entries[0]->{usb:chests/itemrank/f}.pools[0].entries[207]: Unreachable entry!
[11:17:27] [ServerMain/WARN]: Found loot table element validation problem in {loot_tables:usb:chests/itemrank/e}.pools[0].entries[56]: Unreachable entry!
[11:17:27] [ServerMain/WARN]: Found loot table element validation problem in {loot_tables:usb:chests/itemrank/e}.pools[0].entries[44]: Unreachable entry!
[11:17:27] [ServerMain/WARN]: Found loot table element validation problem in {loot_tables:usb:chests/rank2}.pools[1].entries[0]->{usb:chests/itemrank/f}.pools[0].entries[64]: Unreachable entry!
[11:17:27] [ServerMain/WARN]: Found loot table element validation problem in {loot_tables:usb:chests/enjoy}.pools[0].entries[0]->{usb:chests/itemrank/f}.pools[0].entries[2]: Unreachable entry!
[11:17:27] [ServerMain/WARN]: Found loot table element validation problem in {loot_tables:usb:chests/enjoy}.pools[0].entries[0]->{usb:chests/itemrank/f}.pools[0].entries[63]: Unreachable entry!
[11:17:27] [ServerMain/WARN]: Found loot table element validation problem in {loot_tables:usb:chests/rank2}.pools[1].entries[0]->{usb:chests/itemrank/f}.pools[0].entries[113]: Unreachable entry!
[11:17:27] [ServerMain/WARN]: Found loot table element validation problem in {loot_tables:usb:chests/enjoy}.pools[0].entries[5]->{usb:chests/itemrank/a}.pools[0].entries[0]: Unreachable entry!
[11:17:27] [ServerMain/WARN]: Found loot table element validation problem in {loot_tables:usb:entities/table/mob2}.pools[2].entries[0]->{usb:entities/table/mobs}.pools[0].entries[6]->{minecraft:entities/guardian}.pools[2].entries[0]->{minecraft:gameplay/fishing}.pools[0].entries[3]->{usb:gameplay/fishing/special}.pools[0].entries[0]: Unknown loot table called usb:gameplay/fishing/item
[11:17:27] [ServerMain/WARN]: Found loot table element validation problem in {loot_tables:usb:chests/enjoy}.pools[0].entries[0]->{usb:chests/itemrank/f}.pools[0].entries[11]: Unreachable entry!
[11:17:27] [ServerMain/WARN]: Found loot table element validation problem in {loot_tables:usb:chests/enjoy}.pools[0].entries[1]->{usb:chests/itemrank/e}.pools[0].entries[5]: Unreachable entry!
[11:17:27] [ServerMain/WARN]: Found loot table element validation problem in {loot_tables:usb:chests/rank3}.pools[1].entries[0]->{usb:chests/itemrank/d}.pools[0].entries[6]: Unreachable entry!
[11:17:27] [ServerMain/WARN]: Found loot table element validation problem in {loot_tables:usb:chests/rank2}.pools[1].entries[1]->{usb:chests/itemrank/e}.pools[0].entries[144]: Unreachable entry!
[11:17:27] [ServerMain/WARN]: Found loot table element validation problem in {loot_tables:usb:chests/rank4}.pools[1].entries[0]->{usb:chests/itemrank/d}.pools[0].entries[6]: Unreachable entry!
[11:17:27] [ServerMain/WARN]: Found loot table element validation problem in {loot_tables:usb:chests/rank1}.pools[1].entries[0]->{usb:chests/itemrank/f}.pools[0].entries[104]: Unreachable entry!
[11:17:27] [ServerMain/WARN]: Found loot table element validation problem in {loot_tables:usb:chests/rank2}.pools[1].entries[1]->{usb:chests/itemrank/e}.pools[0].entries[116]: Unreachable entry!
[11:17:27] [ServerMain/WARN]: Found loot table element validation problem in {loot_tables:usb:chests/itemrank/f}.pools[0].entries[207]: Unreachable entry!
[11:17:27] [ServerMain/WARN]: Found loot table element validation problem in {loot_tables:usb:chests/rank2}.pools[1].entries[0]->{usb:chests/itemrank/f}.pools[0].entries[24]: Unreachable entry!
[11:17:27] [ServerMain/WARN]: Found loot table element validation problem in {loot_tables:usb:chests/itemrank/e}.pools[0].entries[68]: Unreachable entry!
[11:17:27] [ServerMain/WARN]: Found loot table element validation problem in {loot_tables:usb:chests/enjoy}.pools[0].entries[0]->{usb:chests/itemrank/f}.pools[0].entries[91]: Unreachable entry!
[11:17:27] [ServerMain/WARN]: Found loot table element validation problem in {loot_tables:usb:chests/rank2}.pools[1].entries[0]->{usb:chests/itemrank/f}.pools[0].entries[4]: Unreachable entry!
[11:17:27] [ServerMain/WARN]: Found loot table element validation problem in {loot_tables:usb:entities/table/mobs}.pools[0].entries[6]->{minecraft:entities/guardian}.pools[2].entries[0]->{minecraft:gameplay/fishing}.pools[0].entries[3]->{usb:gameplay/fishing/special}.pools[0].entries[0]: Unknown loot table called usb:gameplay/fishing/item
[11:17:27] [ServerMain/WARN]: Found loot table element validation problem in {loot_tables:usb:chests/rank10}.pools[1].entries[1]->{usb:chests/itemrank/s}.pools[0].entries[0]: Unreachable entry!
[11:17:27] [ServerMain/WARN]: Found loot table element validation problem in {loot_tables:usb:chests/rank3}.pools[1].entries[0]->{usb:chests/itemrank/d}.pools[0].entries[8]: Unreachable entry!
[11:17:27] [ServerMain/WARN]: Found loot table element validation problem in {loot_tables:usb:chests/rank1}.pools[1].entries[0]->{usb:chests/itemrank/f}.pools[0].entries[89]: Unreachable entry!
[11:17:27] [ServerMain/WARN]: Found loot table element validation problem in {loot_tables:usb:chests/itemrank/f}.pools[0].entries[15]: Unreachable entry!
[11:17:27] [ServerMain/WARN]: Found loot table element validation problem in {loot_tables:usb:chests/itemrank/c}.pools[0].entries[58]: Unknown loot table called usb:chests/hatena
[11:17:27] [ServerMain/WARN]: Found loot table element validation problem in {loot_tables:usb:chests/itemrank/e}.pools[0].entries[2]: Unreachable entry!
[11:17:27] [ServerMain/WARN]: Found loot table element validation problem in {loot_tables:usb:chests/itemrank/e}.pools[0].entries[67]: Unreachable entry!
[11:17:27] [ServerMain/WARN]: Found loot table element validation problem in {loot_tables:usb:chests/itemrank/e}.pools[0].entries[15]: Unreachable entry!
[11:17:27] [ServerMain/WARN]: Found loot table element validation problem in {loot_tables:usb:chests/itemrank/e}.pools[0].entries[43]: Unreachable entry!
[11:17:27] [ServerMain/WARN]: Found loot table element validation problem in {loot_tables:usb:chests/rank2}.pools[1].entries[0]->{usb:chests/itemrank/f}.pools[0].entries[63]: Unreachable entry!
[11:17:27] [ServerMain/WARN]: Found loot table element validation problem in {loot_tables:usb:chests/rank2}.pools[1].entries[1]->{usb:chests/itemrank/e}.pools[0].entries[0]: Unreachable entry!
[11:17:27] [ServerMain/WARN]: Found loot table element validation problem in {loot_tables:usb:chests/itemrank/f}.pools[0].entries[0]: Unreachable entry!
[11:17:27] [ServerMain/WARN]: Found loot table element validation problem in {loot_tables:usb:chests/itemrank/f}.pools[0].entries[103]: Unreachable entry!
[11:17:27] [ServerMain/WARN]: Found loot table element validation problem in {loot_tables:usb:chests/rank2}.pools[1].entries[0]->{usb:chests/itemrank/f}.pools[0].entries[91]: Unreachable entry!
[11:17:27] [ServerMain/WARN]: Found loot table element validation problem in {loot_tables:usb:chests/enjoy}.pools[0].entries[0]->{usb:chests/itemrank/f}.pools[0].entries[10]: Unreachable entry!
[11:17:27] [ServerMain/WARN]: Found loot table element validation problem in {loot_tables:usb:chests/enjoy}.pools[0].entries[0]->{usb:chests/itemrank/f}.pools[0].entries[104]: Unreachable entry!
[11:17:27] [ServerMain/WARN]: Found loot table element validation problem in {loot_tables:usb:chests/enjoy}.pools[0].entries[1]->{usb:chests/itemrank/e}.pools[0].entries[4]: Unreachable entry!
[11:17:27] [ServerMain/WARN]: Found loot table element validation problem in {loot_tables:usb:chests/rank2}.pools[1].entries[0]->{usb:chests/itemrank/f}.pools[0].entries[11]: Unreachable entry!
[11:17:27] [ServerMain/WARN]: Found loot table element validation problem in {loot_tables:usb:chests/rank2}.pools[1].entries[0]->{usb:chests/itemrank/f}.pools[0].entries[5]: Unreachable entry!
[11:17:27] [ServerMain/WARN]: Found loot table element validation problem in {loot_tables:usb:chests/itemrank/f}.pools[0].entries[10]: Unreachable entry!
[11:17:27] [ServerMain/WARN]: Found loot table element validation problem in {loot_tables:usb:chests/rank1}.pools[1].entries[0]->{usb:chests/itemrank/f}.pools[0].entries[113]: Unreachable entry!
[11:17:27] [ServerMain/WARN]: Found loot table element validation problem in {loot_tables:usb:chests/rank1}.pools[1].entries[0]->{usb:chests/itemrank/f}.pools[0].entries[10]: Unreachable entry!
[11:17:27] [ServerMain/WARN]: Found loot table element validation problem in {loot_tables:usb:chests/rank2}.pools[1].entries[0]->{usb:chests/itemrank/f}.pools[0].entries[104]: Unreachable entry!
[11:17:27] [ServerMain/WARN]: Found loot table element validation problem in {loot_tables:usb:chests/enjoy}.pools[0].entries[0]->{usb:chests/itemrank/f}.pools[0].entries[26]: Unreachable entry!
[11:17:27] [ServerMain/WARN]: Found loot table element validation problem in {loot_tables:usb:chests/itemrank/e}.pools[0].entries[0]: Unreachable entry!
[11:17:27] [ServerMain/WARN]: Found loot table element validation problem in {loot_tables:usb:chests/enjoy}.pools[0].entries[1]->{usb:chests/itemrank/e}.pools[0].entries[22]: Unreachable entry!
[11:17:27] [ServerMain/WARN]: Found loot table element validation problem in {loot_tables:usb:chests/enjoy}.pools[0].entries[1]->{usb:chests/itemrank/e}.pools[0].entries[10]: Unreachable entry!
[11:17:27] [ServerMain/WARN]: Found loot table element validation problem in {loot_tables:usb:chests/itemrank/e}.pools[0].entries[66]: Unreachable entry!
[11:17:27] [ServerMain/WARN]: Found loot table element validation problem in {loot_tables:usb:chests/itemrank/f}.pools[0].entries[104]: Unreachable entry!
[11:17:27] [ServerMain/WARN]: Found loot table element validation problem in {loot_tables:usb:chests/rank2}.pools[1].entries[0]->{usb:chests/itemrank/f}.pools[0].entries[30]: Unreachable entry!
[11:17:27] [ServerMain/WARN]: Found loot table element validation problem in {loot_tables:usb:chests/rank2}.pools[1].entries[1]->{usb:chests/itemrank/e}.pools[0].entries[5]: Unreachable entry!
[11:17:27] [ServerMain/WARN]: Found loot table element validation problem in {loot_tables:usb:chests/enjoy}.pools[0].entries[0]->{usb:chests/itemrank/f}.pools[0].entries[147]: Unreachable entry!
[11:17:27] [ServerMain/WARN]: Found loot table element validation problem in {loot_tables:usb:chests/rank2}.pools[1].entries[0]->{usb:chests/itemrank/f}.pools[0].entries[103]: Unreachable entry!
[11:17:27] [ServerMain/WARN]: Found loot table element validation problem in {loot_tables:usb:chests/rank2}.pools[1].entries[1]->{usb:chests/itemrank/e}.pools[0].entries[10]: Unreachable entry!
[11:17:27] [ServerMain/WARN]: Found loot table element validation problem in {loot_tables:usb:chests/rank2}.pools[1].entries[1]->{usb:chests/itemrank/e}.pools[0].entries[22]: Unreachable entry!
[11:17:27] [ServerMain/WARN]: Found loot table element validation problem in {loot_tables:usb:chests/rank2}.pools[1].entries[0]->{usb:chests/itemrank/f}.pools[0].entries[26]: Unreachable entry!
[11:17:27] [ServerMain/WARN]: Found loot table element validation problem in {loot_tables:usb:chests/rank1}.pools[1].entries[0]->{usb:chests/itemrank/f}.pools[0].entries[207]: Unreachable entry!
[11:17:27] [ServerMain/WARN]: Found loot table element validation problem in {loot_tables:usb:chests/enjoy}.pools[0].entries[0]->{usb:chests/itemrank/f}.pools[0].entries[4]: Unreachable entry!
[11:17:27] [ServerMain/WARN]: Found loot table element validation problem in {loot_tables:usb:chests/rank2}.pools[1].entries[1]->{usb:chests/itemrank/e}.pools[0].entries[90]: Unreachable entry!
[11:17:27] [ServerMain/WARN]: Found loot table element validation problem in {loot_tables:usb:chests/enjoy}.pools[0].entries[6]->{usb:chests/itemrank/s}.pools[0].entries[0]: Unreachable entry!
[11:17:27] [ServerMain/WARN]: Found loot table element validation problem in {loot_tables:usb:chests/rank2}.pools[1].entries[0]->{usb:chests/itemrank/f}.pools[0].entries[2]: Unreachable entry!
[11:17:27] [ServerMain/WARN]: Found loot table element validation problem in {loot_tables:usb:chests/rank1}.pools[1].entries[0]->{usb:chests/itemrank/f}.pools[0].entries[91]: Unreachable entry!
[11:17:27] [ServerMain/WARN]: Found loot table element validation problem in {loot_tables:usb:chests/itemrank/f}.pools[0].entries[61]: Unreachable entry!
[11:17:27] [ServerMain/WARN]: Found loot table element validation problem in {loot_tables:usb:chests/rank1}.pools[1].entries[0]->{usb:chests/itemrank/f}.pools[0].entries[63]: Unreachable entry!
[11:17:27] [ServerMain/WARN]: Found loot table element validation problem in {loot_tables:usb:chests/enjoy}.pools[0].entries[0]->{usb:chests/itemrank/f}.pools[0].entries[89]: Unreachable entry!
[11:17:27] [ServerMain/WARN]: Found loot table element validation problem in {loot_tables:usb:chests/itemrank/f}.pools[0].entries[29]: Unreachable entry!
[11:17:27] [ServerMain/WARN]: Found loot table element validation problem in {loot_tables:usb:chests/rank1}.pools[1].entries[0]->{usb:chests/itemrank/f}.pools[0].entries[11]: Unreachable entry!
[11:17:27] [ServerMain/WARN]: Found loot table element validation problem in {loot_tables:usb:chests/itemrank/s}.pools[0].entries[0]: Unreachable entry!
[11:17:27] [ServerMain/WARN]: Found loot table element validation problem in {loot_tables:usb:chests/enjoy}.pools[0].entries[1]->{usb:chests/itemrank/e}.pools[0].entries[11]: Unreachable entry!
[11:17:27] [ServerMain/WARN]: Found loot table element validation problem in {loot_tables:usb:gameplay/fishing/special}.pools[0].entries[0]: Unknown loot table called usb:gameplay/fishing/item
[11:17:27] [ServerMain/WARN]: Found loot table element validation problem in {loot_tables:usb:chests/enjoy}.pools[0].entries[0]->{usb:chests/itemrank/f}.pools[0].entries[64]: Unreachable entry!
[11:17:27] [ServerMain/WARN]: Found loot table element validation problem in {loot_tables:usb:chests/enjoy}.pools[0].entries[1]->{usb:chests/itemrank/e}.pools[0].entries[90]: Unreachable entry!
[11:17:27] [ServerMain/WARN]: Found loot table element validation problem in {loot_tables:usb:chests/rank2}.pools[1].entries[1]->{usb:chests/itemrank/e}.pools[0].entries[11]: Unreachable entry!
[11:17:27] [ServerMain/WARN]: Found loot table element validation problem in {loot_tables:usb:chests/enjoy}.pools[0].entries[0]->{usb:chests/itemrank/f}.pools[0].entries[110]: Unreachable entry!
[11:17:27] [ServerMain/WARN]: Found loot table element validation problem in {loot_tables:usb:chests/itemrank/e}.pools[0].entries[116]: Unreachable entry!
[11:17:27] [ServerMain/WARN]: Found loot table element validation problem in {loot_tables:usb:chests/rank1}.pools[1].entries[0]->{usb:chests/itemrank/f}.pools[0].entries[103]: Unreachable entry!
[11:17:27] [ServerMain/WARN]: Found loot table element validation problem in {loot_tables:usb:chests/rank2}.pools[1].entries[0]->{usb:chests/itemrank/f}.pools[0].entries[89]: Unreachable entry!
[11:17:27] [ServerMain/WARN]: Found loot table element validation problem in {loot_tables:usb:entities/table/mob3}.pools[2].entries[0]->{usb:entities/table/mobs}.pools[0].entries[6]->{minecraft:entities/guardian}.pools[2].entries[0]->{minecraft:gameplay/fishing}.pools[0].entries[3]->{usb:gameplay/fishing/special}.pools[0].entries[0]: Unknown loot table called usb:gameplay/fishing/item
[11:17:27] [ServerMain/WARN]: Found loot table element validation problem in {loot_tables:usb:chests/itemrank/f}.pools[0].entries[24]: Unreachable entry!
[11:17:27] [ServerMain/WARN]: Found loot table element validation problem in {loot_tables:usb:chests/itemrank/f}.pools[0].entries[64]: Unreachable entry!
[11:17:27] [ServerMain/WARN]: Found loot table element validation problem in {loot_tables:usb:chests/rank2}.pools[1].entries[0]->{usb:chests/itemrank/f}.pools[0].entries[29]: Unreachable entry!
[11:17:27] [ServerMain/WARN]: Found loot table element validation problem in {loot_tables:usb:chests/itemrank/e}.pools[0].entries[144]: Unreachable entry!
[11:17:27] [ServerMain/WARN]: Found loot table element validation problem in {loot_tables:usb:chests/enjoy}.pools[0].entries[1]->{usb:chests/itemrank/e}.pools[0].entries[68]: Unreachable entry!
[11:17:27] [ServerMain/WARN]: Found loot table element validation problem in {loot_tables:usb:chests/enjoy}.pools[0].entries[1]->{usb:chests/itemrank/e}.pools[0].entries[56]: Unreachable entry!
[11:17:27] [ServerMain/WARN]: Found loot table element validation problem in {loot_tables:usb:chests/enjoy}.pools[0].entries[1]->{usb:chests/itemrank/e}.pools[0].entries[44]: Unreachable entry!
[11:17:27] [ServerMain/WARN]: Found loot table element validation problem in {loot_tables:usb:events/sniper}.pools[1].entries[0]->{minecraft:entities/guardian}.pools[2].entries[0]->{minecraft:gameplay/fishing}.pools[0].entries[3]->{usb:gameplay/fishing/special}.pools[0].entries[0]: Unknown loot table called usb:gameplay/fishing/item
[11:17:27] [ServerMain/WARN]: Found loot table element validation problem in {loot_tables:usb:chests/enjoy}.pools[0].entries[1]->{usb:chests/itemrank/e}.pools[0].entries[144]: Unreachable entry!
[11:17:27] [ServerMain/WARN]: Found loot table element validation problem in {loot_tables:usb:chests/rank2}.pools[1].entries[1]->{usb:chests/itemrank/e}.pools[0].entries[56]: Unreachable entry!
[11:17:27] [ServerMain/WARN]: Found loot table element validation problem in {loot_tables:usb:entities/table/mob1}.pools[2].entries[0]->{usb:entities/table/mobs}.pools[0].entries[6]->{minecraft:entities/guardian}.pools[2].entries[0]->{minecraft:gameplay/fishing}.pools[0].entries[3]->{usb:gameplay/fishing/special}.pools[0].entries[0]: Unknown loot table called usb:gameplay/fishing/item
[11:17:27] [ServerMain/WARN]: Found loot table element validation problem in {loot_tables:usb:chests/rank2}.pools[1].entries[1]->{usb:chests/itemrank/e}.pools[0].entries[68]: Unreachable entry!
[11:17:27] [ServerMain/WARN]: Found loot table element validation problem in {loot_tables:usb:chests/itemrank/d}.pools[0].entries[8]: Unreachable entry!
[11:17:27] [ServerMain/WARN]: Found loot table element validation problem in {loot_tables:usb:chests/enjoy}.pools[0].entries[0]->{usb:chests/itemrank/f}.pools[0].entries[113]: Unreachable entry!
[11:17:27] [ServerMain/WARN]: Found loot table element validation problem in {loot_tables:usb:chests/rank2}.pools[1].entries[1]->{usb:chests/itemrank/e}.pools[0].entries[44]: Unreachable entry!
[11:17:27] [ServerMain/WARN]: Found loot table element validation problem in {loot_tables:usb:chests/rank7}.pools[2].entries[0]: Unknown loot table called usb:chests/hatena
[11:17:27] [ServerMain/WARN]: Found loot table element validation problem in {loot_tables:usb:chests/rank1}.pools[1].entries[0]->{usb:chests/itemrank/f}.pools[0].entries[0]: Unreachable entry!
[11:17:27] [ServerMain/WARN]: Found loot table element validation problem in {loot_tables:usb:chests/enjoy}.pools[0].entries[1]->{usb:chests/itemrank/e}.pools[0].entries[116]: Unreachable entry!
[11:17:27] [ServerMain/WARN]: Found loot table element validation problem in {loot_tables:usb:chests/rank1}.pools[1].entries[0]->{usb:chests/itemrank/f}.pools[0].entries[61]: Unreachable entry!
[11:17:27] [ServerMain/WARN]: Found loot table element validation problem in {loot_tables:usb:chests/rank1}.pools[1].entries[0]->{usb:chests/itemrank/f}.pools[0].entries[176]: Unreachable entry!
[11:17:27] [ServerMain/WARN]: Found loot table element validation problem in {loot_tables:usb:chests/itemrank/f}.pools[0].entries[11]: Unreachable entry!
[11:17:27] [ServerMain/WARN]: Found loot table element validation problem in {loot_tables:usb:chests/itemrank/f}.pools[0].entries[63]: Unreachable entry!
[11:17:27] [ServerMain/WARN]: Found loot table element validation problem in {loot_tables:usb:chests/rank2}.pools[1].entries[0]->{usb:chests/itemrank/f}.pools[0].entries[0]: Unreachable entry!
[11:17:27] [ServerMain/WARN]: Found loot table element validation problem in {loot_tables:usb:chests/itemrank/f}.pools[0].entries[110]: Unreachable entry!
[11:17:27] [ServerMain/WARN]: Found loot table element validation problem in {loot_tables:usb:chests/enjoy}.pools[0].entries[0]->{usb:chests/itemrank/f}.pools[0].entries[15]: Unreachable entry!
[11:17:27] [ServerMain/WARN]: Found loot table element validation problem in {loot_tables:usb:chests/rank1}.pools[1].entries[0]->{usb:chests/itemrank/f}.pools[0].entries[29]: Unreachable entry!
[11:17:27] [ServerMain/WARN]: Found loot table element validation problem in {loot_tables:usb:chests/enjoy}.pools[0].entries[1]->{usb:chests/itemrank/e}.pools[0].entries[45]: Unreachable entry!
[11:17:27] [ServerMain/WARN]: Found loot table element validation problem in {loot_tables:usb:chests/itemrank/f}.pools[0].entries[5]: Unreachable entry!
[11:17:27] [ServerMain/WARN]: Found loot table element validation problem in {loot_tables:usb:chests/rank2}.pools[1].entries[1]->{usb:chests/itemrank/e}.pools[0].entries[45]: Unreachable entry!
[11:17:27] [ServerMain/WARN]: Found loot table element validation problem in {loot_tables:usb:chests/rank2}.pools[1].entries[0]->{usb:chests/itemrank/f}.pools[0].entries[110]: Unreachable entry!
[11:17:27] [ServerMain/WARN]: Found loot table element validation problem in {loot_tables:usb:chests/itemrank/f}.pools[0].entries[147]: Unreachable entry!
[11:17:27] [ServerMain/WARN]: Found loot table element validation problem in {loot_tables:usb:chests/enjoy}.pools[0].entries[0]->{usb:chests/itemrank/f}.pools[0].entries[30]: Unreachable entry!
[11:17:27] [ServerMain/WARN]: Found loot table element validation problem in {loot_tables:usb:chests/rank2}.pools[1].entries[1]->{usb:chests/itemrank/e}.pools[0].entries[4]: Unreachable entry!
[11:17:27] [ServerMain/WARN]: Found loot table element validation problem in {loot_tables:usb:chests/rank8}.pools[1].entries[1]->{usb:chests/itemrank/a}.pools[0].entries[0]: Unreachable entry!
[11:17:27] [ServerMain/WARN]: Found loot table element validation problem in {loot_tables:usb:chests/rank2}.pools[1].entries[0]->{usb:chests/itemrank/f}.pools[0].entries[15]: Unreachable entry!
[11:17:27] [ServerMain/WARN]: Found loot table element validation problem in {loot_tables:usb:chests/enjoy}.pools[0].entries[0]->{usb:chests/itemrank/f}.pools[0].entries[176]: Unreachable entry!
[11:17:27] [ServerMain/WARN]: Found loot table element validation problem in {loot_tables:minecraft:entities/guardian}.pools[2].entries[0]->{minecraft:gameplay/fishing}.pools[0].entries[3]->{usb:gameplay/fishing/special}.pools[0].entries[0]: Unknown loot table called usb:gameplay/fishing/item
[11:17:27] [ServerMain/WARN]: Found loot table element validation problem in {loot_tables:usb:chests/itemrank/f}.pools[0].entries[91]: Unreachable entry!
[11:17:27] [ServerMain/WARN]: Found loot table element validation problem in {loot_tables:usb:chests/enjoy}.pools[0].entries[1]->{usb:chests/itemrank/e}.pools[0].entries[0]: Unreachable entry!
[11:17:27] [ServerMain/WARN]: Found loot table element validation problem in {loot_tables:usb:chests/itemrank/e}.pools[0].entries[11]: Unreachable entry!
[11:17:27] [ServerMain/WARN]: Found loot table element validation problem in {loot_tables:usb:chests/enjoy}.pools[0].entries[0]->{usb:chests/itemrank/f}.pools[0].entries[5]: Unreachable entry!
[11:17:27] [ServerMain/WARN]: Found loot table element validation problem in {loot_tables:usb:chests/rank6}.pools[1].entries[0]->{usb:chests/itemrank/c}.pools[0].entries[58]: Unknown loot table called usb:chests/hatena
[11:17:27] [ServerMain/WARN]: Found loot table element validation problem in {loot_tables:usb:chests/itemrank/f}.pools[0].entries[30]: Unreachable entry!
[11:17:27] [ServerMain/WARN]: Found loot table element validation problem in {loot_tables:minecraft:gameplay/fishing}.pools[0].entries[3]->{usb:gameplay/fishing/special}.pools[0].entries[0]: Unknown loot table called usb:gameplay/fishing/item
[11:17:27] [ServerMain/WARN]: Found loot table element validation problem in {loot_tables:usb:chests/rank1}.pools[1].entries[0]->{usb:chests/itemrank/f}.pools[0].entries[30]: Unreachable entry!
[11:17:27] [ServerMain/WARN]: Found loot table element validation problem in {loot_tables:usb:chests/itemrank/f}.pools[0].entries[4]: Unreachable entry!
[11:17:27] [ServerMain/WARN]: Found loot table element validation problem in {loot_tables:usb:chests/itemrank/e}.pools[0].entries[90]: Unreachable entry!
[11:17:27] [ServerMain/WARN]: Found loot table element validation problem in {loot_tables:usb:chests/enjoy}.pools[0].entries[2]->{usb:chests/itemrank/d}.pools[0].entries[6]: Unreachable entry!
[11:17:27] [ServerMain/WARN]: Found loot table element validation problem in {loot_tables:usb:chests/enjoy}.pools[0].entries[1]->{usb:chests/itemrank/e}.pools[0].entries[66]: Unreachable entry!
[11:17:27] [ServerMain/WARN]: Found loot table element validation problem in {loot_tables:usb:chests/itemrank/f}.pools[0].entries[26]: Unreachable entry!
[11:17:27] [ServerMain/WARN]: Found loot table element validation problem in {loot_tables:usb:chests/rank1}.pools[1].entries[0]->{usb:chests/itemrank/f}.pools[0].entries[26]: Unreachable entry!
[11:17:27] [ServerMain/WARN]: Found loot table element validation problem in {loot_tables:usb:chests/enjoy}.pools[0].entries[0]->{usb:chests/itemrank/f}.pools[0].entries[0]: Unreachable entry!
[11:17:27] [ServerMain/WARN]: Found loot table element validation problem in {loot_tables:usb:chests/enjoy}.pools[0].entries[0]->{usb:chests/itemrank/f}.pools[0].entries[61]: Unreachable entry!
[11:17:27] [ServerMain/WARN]: Found loot table element validation problem in {loot_tables:usb:chests/rank5}.pools[1].entries[0]->{usb:chests/itemrank/c}.pools[0].entries[58]: Unknown loot table called usb:chests/hatena
[11:17:27] [ServerMain/WARN]: Found loot table element validation problem in {loot_tables:usb:chests/itemrank/e}.pools[0].entries[5]: Unreachable entry!
[11:17:27] [ServerMain/WARN]: Found loot table element validation problem in {loot_tables:usb:chests/itemrank/d}.pools[0].entries[6]: Unreachable entry!
[11:17:27] [ServerMain/WARN]: Found loot table element validation problem in {loot_tables:usb:chests/enjoy}.pools[0].entries[0]->{usb:chests/itemrank/f}.pools[0].entries[103]: Unreachable entry!
[11:17:27] [ServerMain/WARN]: Found loot table element validation problem in {loot_tables:usb:chests/enjoy}.pools[0].entries[3]->{usb:chests/itemrank/c}.pools[0].entries[58]: Unknown loot table called usb:chests/hatena
[11:17:27] [ServerMain/WARN]: Found loot table element validation problem in {loot_tables:usb:chests/rank2}.pools[1].entries[0]->{usb:chests/itemrank/f}.pools[0].entries[147]: Unreachable entry!
[11:17:27] [ServerMain/WARN]: Found loot table element validation problem in {loot_tables:usb:chests/rank2}.pools[1].entries[1]->{usb:chests/itemrank/e}.pools[0].entries[66]: Unreachable entry!
[11:17:27] [ServerMain/WARN]: Found loot table element validation problem in {loot_tables:usb:chests/rank4}.pools[1].entries[0]->{usb:chests/itemrank/d}.pools[0].entries[8]: Unreachable entry!
[11:17:27] [ServerMain/WARN]: Found loot table element validation problem in {loot_tables:usb:chests/itemrank/e}.pools[0].entries[10]: Unreachable entry!
[11:17:27] [ServerMain/WARN]: Found loot table element validation problem in {loot_tables:usb:chests/rank2}.pools[1].entries[0]->{usb:chests/itemrank/f}.pools[0].entries[10]: Unreachable entry!
[11:17:27] [ServerMain/WARN]: Found loot table element validation problem in {loot_tables:usb:chests/itemrank/e}.pools[0].entries[22]: Unreachable entry!
[11:17:27] [ServerMain/WARN]: Found loot table element validation problem in {loot_tables:usb:chests/rank1}.pools[1].entries[0]->{usb:chests/itemrank/f}.pools[0].entries[2]: Unreachable entry!
[11:17:27] [ServerMain/WARN]: Found loot table element validation problem in {loot_tables:usb:chests/itemrank/f}.pools[0].entries[89]: Unreachable entry!
[11:17:27] [ServerMain/WARN]: Found loot table element validation problem in {loot_tables:usb:chests/rank1}.pools[1].entries[0]->{usb:chests/itemrank/f}.pools[0].entries[4]: Unreachable entry!
[11:17:27] [ServerMain/WARN]: Found loot table element validation problem in {loot_tables:usb:chests/rank1}.pools[1].entries[0]->{usb:chests/itemrank/f}.pools[0].entries[110]: Unreachable entry!
[11:17:27] [ServerMain/WARN]: Found loot table element validation problem in {loot_tables:usb:chests/itemrank/f}.pools[0].entries[176]: Unreachable entry!
[11:17:27] [ServerMain/WARN]: Found loot table element validation problem in {loot_tables:usb:chests/enjoy}.pools[0].entries[1]->{usb:chests/itemrank/e}.pools[0].entries[15]: Unreachable entry!
[11:17:27] [ServerMain/WARN]: Found loot table element validation problem in {loot_tables:usb:chests/enjoy}.pools[0].entries[1]->{usb:chests/itemrank/e}.pools[0].entries[67]: Unreachable entry!
[11:17:27] [ServerMain/WARN]: Found loot table element validation problem in {loot_tables:usb:chests/enjoy}.pools[0].entries[0]->{usb:chests/itemrank/f}.pools[0].entries[29]: Unreachable entry!
[11:17:27] [ServerMain/WARN]: Found loot table element validation problem in {loot_tables:usb:chests/enjoy}.pools[0].entries[1]->{usb:chests/itemrank/e}.pools[0].entries[43]: Unreachable entry!
[11:17:27] [ServerMain/WARN]: Found loot table element validation problem in {loot_tables:usb:chests/rank1}.pools[1].entries[0]->{usb:chests/itemrank/f}.pools[0].entries[15]: Unreachable entry!
[11:17:27] [ServerMain/WARN]: Found loot table element validation problem in {loot_tables:usb:entities/table/mob5}.pools[2].entries[0]->{usb:entities/table/mobs}.pools[0].entries[6]->{minecraft:entities/guardian}.pools[2].entries[0]->{minecraft:gameplay/fishing}.pools[0].entries[3]->{usb:gameplay/fishing/special}.pools[0].entries[0]: Unknown loot table called usb:gameplay/fishing/item
[11:17:27] [ServerMain/WARN]: Found loot table element validation problem in {loot_tables:usb:chests/itemrank/e}.pools[0].entries[45]: Unreachable entry!
[11:17:27] [ServerMain/WARN]: Found loot table element validation problem in {loot_tables:usb:chests/rank2}.pools[1].entries[1]->{usb:chests/itemrank/e}.pools[0].entries[67]: Unreachable entry!
[11:17:27] [ServerMain/WARN]: Found loot table element validation problem in {loot_tables:usb:chests/rank4}.pools[1].entries[1]->{usb:chests/itemrank/c}.pools[0].entries[58]: Unknown loot table called usb:chests/hatena
[11:17:27] [ServerMain/WARN]: Found loot table element validation problem in {loot_tables:usb:chests/rank2}.pools[1].entries[0]->{usb:chests/itemrank/f}.pools[0].entries[61]: Unreachable entry!
[11:17:27] [ServerMain/WARN]: Found loot table element validation problem in {loot_tables:usb:chests/rank2}.pools[1].entries[0]->{usb:chests/itemrank/f}.pools[0].entries[176]: Unreachable entry!
[11:17:27] [ServerMain/WARN]: Found loot table element validation problem in {loot_tables:usb:chests/rank2}.pools[1].entries[1]->{usb:chests/itemrank/e}.pools[0].entries[2]: Unreachable entry!
[11:17:27] [ServerMain/WARN]: Found loot table element validation problem in {loot_tables:usb:chests/itemrank/e}.pools[0].entries[4]: Unreachable entry!
[11:17:27] [ServerMain/WARN]: Found loot table element validation problem in {loot_tables:usb:chests/enjoy}.pools[0].entries[0]->{usb:chests/itemrank/f}.pools[0].entries[207]: Unreachable entry!
[11:17:27] [ServerMain/WARN]: Found loot table element validation problem in {loot_tables:usb:chests/rank10}.pools[1].entries[0]->{usb:chests/itemrank/a}.pools[0].entries[0]: Unreachable entry!
[11:17:27] [ServerMain/WARN]: Found loot table element validation problem in {loot_tables:usb:chests/rank2}.pools[1].entries[1]->{usb:chests/itemrank/e}.pools[0].entries[15]: Unreachable entry!
[11:17:27] [ServerMain/WARN]: Found loot table element validation problem in {loot_tables:usb:chests/itemrank/f}.pools[0].entries[113]: Unreachable entry!
[11:17:27] [ServerMain/WARN]: Found loot table element validation problem in {loot_tables:usb:chests/rank2}.pools[1].entries[1]->{usb:chests/itemrank/e}.pools[0].entries[43]: Unreachable entry!
[11:17:27] [ServerMain/WARN]: Found loot table element validation problem in {loot_tables:minecraft:entities/elder_guardian}.pools[3].entries[0]->{minecraft:gameplay/fishing}.pools[0].entries[3]->{usb:gameplay/fishing/special}.pools[0].entries[0]: Unknown loot table called usb:gameplay/fishing/item
[11:17:27] [ServerMain/WARN]: Found loot table element validation problem in {loot_tables:usb:chests/enjoy}.pools[0].entries[1]->{usb:chests/itemrank/e}.pools[0].entries[2]: Unreachable entry!
[11:17:27] [ServerMain/WARN]: Found loot table element validation problem in {loot_tables:usb:chests/rank1}.pools[1].entries[0]->{usb:chests/itemrank/f}.pools[0].entries[147]: Unreachable entry!
[11:17:27] [ServerMain/WARN]: Found loot table element validation problem in {loot_tables:usb:chests/itemrank/a}.pools[0].entries[0]: Unreachable entry!
[11:17:27] [ServerMain/WARN]: Found loot table element validation problem in {loot_tables:usb:chests/rank9}.pools[1].entries[0]->{usb:chests/itemrank/a}.pools[0].entries[0]: Unreachable entry!
[11:17:27] [ServerMain/INFO]: Loaded 7 recipes
[11:17:27] [ServerMain/ERROR]: Parsing error loading custom advancement tusb_remake:sign_event: Not a json array: {"condition":"minecraft:entity_properties","entity":"this","predicate":{"location":{"block":{"blocks":["#minecraft:signs"],"nbt":"{Text2:'{\"bold\":true,\"color\":\"dark_aqua\",\"text\":\"竊台ｸ翫↓謌ｻ繧銀・\"}'}"}}}}; Not a json array: {"condition":"minecraft:entity_properties","entity":"this","predicate":{"location":{"block":{"blocks":["#minecraft:signs"],"nbt":"{Text2:'{\"bold\":true,\"color\":\"black\",\"clickEvent\":{\"action\":\"run_command\",\"value\":\"/tellraw @a[r=16] [{\\\\\"text\\\\\":\\\\\"逵区攸縺ｮ荳九↓縺ゅｋ繧医≧縺ｪ\\\\\",\\\\\"color\\\\\":\\\\\"white\\\\\",\\\\\"bold\\\\\":\\\\\"true\\\\\"},{\\\\\"text\\\\\":\\\\\"骰ｵ蜊ｵ\\\\\",\\\\\"color\\\\\":\\\\\"dark_aqua\\\\\",\\\\\"bold\\\\\":\\\\\"true\\\\\"},{\\\\\"text\\\\\":\\\\\"縺悟推蝨ｰ縺ｫ縺ゅｊ縲・ 縺昴ｌ繧呈焔縺ｫ謖√▲縺溽憾諷九↑繧峨・骰ｵ莉倥″縺ｮ・・ｽｪ・ｽ・・ｒ髢九￥莠九′縺ｧ縺阪∪縺吶・\\\\",\\\\\"color\\\\\":\\\\\"white\\\\\",\\\\\"bold\\\\\":\\\\\"true\\\\\"}]\"},\"text\":\"=-骰ｵ螳晉ｮｱ縺ｮ髢九￠譁ｹ-=\"}'}"}}}}; Not a json array: {"condition":"minecraft:entity_properties","entity":"this","predicate":{"location":{"block":{"blocks":["#minecraft:signs"],"nbt":"{Text3:'{\"bold\":true,\"color\":\"black\",\"clickEvent\":{\"action\":\"run_command\",\"value\":\"/playsound entity.experience_orb.pickup master @a[r=16] ~ ~ ~ 1 0.5 0\"},\"text\":\"=-=-=-=-=-=-=-=-=\"}',Text4:'{\"clickEvent\":{\"action\":\"run_command\",\"value\":\"/particle enchantmenttable ~ ~1 ~ 0.1 0.1 0.1 1 90\"},\"text\":\"\"}'}"}}}}; Not a json array: {"condition":"minecraft:entity_properties","entity":"this","predicate":{"location":{"block":{"blocks":["#minecraft:signs"],"nbt":"{Text2:'{\"underlined\":true,\"color\":\"dark_aqua\",\"clickEvent\":{\"action\":\"run_command\",\"value\":\"/tellraw @p [{\\\\\"text\\\\\":\\\\\" 螟ｧ縺阪↑譎りｨ医□縲ら岼隕壹∪縺励′ 繧ｻ繝・ヨ縺輔ｌ縺ｦ縺・ｋ縲・\\\n \\\\\",\\\\\"color\\\\\":\\\\\"dark_aqua\\\\\"},{\\\\\"text\\\\\":\\\\\"豕ｨ諢擾ｼ壼ｲｩ逶､縺ｮ譫蜀・↓險ｭ鄂ｮ縺輔ｌ縺溘ヶ繝ｭ繝・け縺ｯ豸医∴繧倶ｺ九′縺ゅｊ縺ｾ縺吶・\\\\",\\\\\"color\\\\\":\\\\\"yellow\\\\\",\\\\\"underlined\\\\\":true}]\"},\"text\":\"     =-譎りｨ亥ｳｶ-=      \"}'}"}}}}; Not a json array: {"condition":"minecraft:entity_properties","entity":"this","predicate":{"location":{"block":{"blocks":["#minecraft:signs"],"nbt":"{Text2: '{\"bold\":true,\"color\":\"dark_blue\",\"text\":\"繝舌Μ繧｢繧定ｧ｣縺十"}'}"}}}}; Not a json array: {"condition":"minecraft:entity_properties","entity":"this","predicate":{"location":{"block":{"blocks":["#minecraft:signs"],"nbt":"{Text2: '{\"bold\":true,\"color\":\"black\",\"clickEvent\":{\"action\":\"run_command\",\"value\":\"/particle spell -90 15 54 0.01 1 0.01 0.05 700 force\"},\"translate\":\"=----%1$s----=\",\"with\":[{\"strikethrough\":true,\"color\":\"dark_purple\",\"text\":\"蟶ｰ驍Ы"}]}'}"}}}}; Not a json array: {"condition":"minecraft:entity_properties","entity":"this","predicate":{"location":{"dimension":"minecraft:overworld","block":{"blocks":["#minecraft:signs"],"nbt":"{x:-62,y:13,z:2}"}}}}; Not a json array: {"condition":"minecraft:entity_properties","entity":"this","predicate":{"location":{"dimension":"minecraft:overworld","block":{"blocks":["#minecraft:signs"],"nbt":"{x:-2735,y:90,z:-416}"}}}}; Not a json array: {"condition":"minecraft:entity_properties","entity":"this","predicate":{"location":{"dimension":"minecraft:overworld","block":{"blocks":["#minecraft:signs"],"nbt":"{x:-2728,y:89,z:-398}"}}}}; Not a json array: {"condition":"minecraft:entity_properties","entity":"this","predicate":{"location":{"dimension":"minecraft:overworld","block":{"blocks":["#minecraft:signs"],"nbt":"{x:-2737,y:90,z:-416}"}}}}; Not a json array: {"condition":"minecraft:entity_properties","entity":"this","predicate":{"location":{"dimension":"minecraft:overworld","block":{"blocks":["#minecraft:signs"],"nbt":"{x:-2728,y:89,z:-396}"}}}}; Not a json array: {"condition":"minecraft:entity_properties","entity":"this","predicate":{"location":{"dimension":"minecraft:overworld","block":{"blocks":["#minecraft:signs"],"nbt":"{x:-2726,y:89,z:-407}"}}}}; Not a json array: {"condition":"minecraft:entity_properties","entity":"this","predicate":{"location":{"dimension":"minecraft:overworld","block":{"blocks":["#minecraft:signs"],"nbt":"{x:-2729,y:89,z:-408}"}}}}; Not a json array: {"condition":"minecraft:entity_properties","entity":"this","predicate":{"location":{"dimension":"minecraft:overworld","block":{"blocks":["#minecraft:signs"],"nbt":"{x:-2732,y:89,z:-407}"}}}}; Not a json array: {"condition":"minecraft:entity_properties","entity":"this","predicate":{"location":{"block":{"blocks":["#minecraft:signs"],"nbt":"{Text1:'{\"text\":\"\"}',Text2:'{\"bold\":true,\"color\":\"dark_aqua\",\"text\":\" 繝ｯ繝ｼ繝励け繝ｪ繧ｹ繧ｿ繝ｫ\"}'}"}}}}; Not a json array: {"condition":"minecraft:entity_properties","entity":"this","predicate":{"location":{"dimension":"minecraft:overworld","block":{"blocks":["#minecraft:signs"],"nbt":"{x:-1905,y:115,z:-74}"}}}}; Not a json array: {"condition":"minecraft:entity_properties","entity":"this","predicate":{"location":{"block":{"blocks":["#minecraft:signs"],"nbt":"{Text4: '{\"bold\":true,\"clickEvent\":{\"action\":\"run_command\",\"value\":\"/tellraw @p {\\\\\"bold\\\\\":\\\\\"true\\\\\",\\\\\"underlined\\\\\":\\\\\"true\\\\\",\\\\\"text\\\\\":\\\\\"繧ゅ≧荳蠎ｦ蜿ｳ繧ｯ 繝ｪ繝・け縺励※縺上□縺輔＞\\\\\"}\"},\"text\":\"= 蜿ｳ繧ｯ繝ｪ繝・け =\"}'}"}}}}; Not a json array: {"condition":"minecraft:entity_properties","entity":"this","predicate":{"location":{"block":{"blocks":["#minecraft:signs"],"nbt":"{Text2: '{\"bold\":true,\"clickEvent\":{\"action\":\"run_command\",\"value\":\"/tellraw @p [{\\\\\"text\\\\\":\\\\\"\\\\\"},{\\\\\"text\\\\\":\\\\\"[蜿ｬ蝟壼｣ｫ]\\\\n\\\\\",\\\\\"bold\\\\\":true},{\\\\\"text\\\\\":\\\\\" 逕溽黄繧・黄雉ｪ縺ｾ縺ｧ\\\\\"},{\\\\\"text\\\\\":\\\\\"讒倥・↑繧ゅ・繧貞他縺ｳ蜃ｺ縺励※\\\\\",\\\\\"color\\\\\":\\\\\"dark_aqua\\\\\",\\\\\"bold\\\\\":true},{\\\\\"text\\\\\":\\\\\"謾ｻ謦・ｄ謾ｯ謠ｴ繧定｡後≧縲∝小驍・ｭ疲ｳ輔・繧ｨ繧ｭ繧ｹ繝代・繝医・\\\\"}]\"},\"text\":\"蜿ｬ蝟壼｣ｫ縺ｫ縺､縺・※\"}'}"}}}}; Not a json array: {"condition":"minecraft:entity_properties","entity":"this","predicate":{"location":{"block":{"blocks":["#minecraft:signs"],"nbt":"{Text2: '{\"bold\":true,\"clickEvent\":{\"action\":\"run_command\",\"value\":\"/tellraw @p [{\\\\\"text\\\\\":\\\\\"\\\\\"},{\\\\\"text\\\\\":\\\\\"[鮟帝ｭ泌ｰ主｣ｫ]\\\\n\\\\\",\\\\\"bold\\\\\":true},{\\\\\"text\\\\\":\\\\\" 蠑ｷ蜉帙↑\\\\\"},{\\\\\"text\\\\\":\\\\\"謾ｻ謦・ｭ疲ｳ表\\\\",\\\\\"color\\\\\":\\\\\"dark_aqua\\\\\",\\\\\"bold\\\\\":true},{\\\\\"text\\\\\":\\\\\"繧偵・縺倥ａ縲∵ｧ倥・↑鮟帝ｭ疲ｳ輔ｒ謇ｱ縺・ｱ樊ｧ謫堺ｽ懊・繧ｨ繧ｭ繧ｹ繝代 ・繝医・\\\\"}]\"},\"text\":\"鮟帝ｭ泌ｰ主｣ｫ縺ｫ縺､縺・※\"}'}"}}}}; Not a json array: {"condition":"minecraft:entity_properties","entity":"this","predicate":{"location":{"block":{"blocks":["#minecraft:signs"],"nbt":"{Text2: '{\"bold\":true,\"clickEvent\":{\"action\":\"run_command\",\"value\":\"/tellraw @p [{\\\\\"text\\\\\":\\\\\"\\\\\"},{\\\\\"text\\\\\":\\\\\"[逋ｽ鬲泌ｰ主｣ｫ]\\\\n\\\\\",\\\\\"bold\\\\\":true},{\\\\\"text\\\\\":\\\\\" 謾ｻ謦・・荳榊ｾ玲э縺縺後√＆縺ｾ縺悶∪縺ｪ\\\\\"},{\\\\\"text\\\\\":\\\\\"蝗槫ｾｩ繧ｹ繧ｭ繝ｫ繧呈桶縺・\\\\",\\\\\"color\\\\\":\\\\\"dark_aqua\\\\\",\\\\\"bold\\\\\":true},{\\\\\"text\\\\\":\\\\\"繝代・繝・ぅ縺ｮ謾ｯ縺域焔縲・\\\\"}]\"},\"text\":\"逋ｽ鬲泌ｰ主｣ｫ縺ｫ縺､縺・※\"}'}"}}}}; Not a json array: {"condition":"minecraft:entity_properties","entity":"this","predicate":{"location":{"block":{"blocks":["#minecraft:signs"],"nbt":"{Text2: '{\"bold\":true,\"clickEvent\":{\"action\":\"run_command\",\"value\":\"/tellraw @p [{\\\\\"text\\\\\":\\\\\"\\\\\"},{\\\\\"text\\\\\":\\\\\"[迢ｩ莠ｺ]\\\\n\\\\\",\\\\\"bold\\\\\":true},{\\\\\"text\\\\\":\\\\\" 蠑薙ｒ逕ｨ縺・◆驕霍晞屬謾ｻ謦・ｄ\\\\\"},{\\\\\"text\\\\\":\\\\\"謨ｵ縺ｮ閭ｽ蜉帙ｒ荳九￡繧狗ｽ\\\\\",\\\\\"color\\\\\":\\\\\"dark_aqua\\\\\",\\\\\"bold\\\\\":true},{\\\\\"text\\\\\":\\\\\"縺ｪ縺ｩ縲√い繧ｦ繝医Ξ繝ｳ繧ｸ謌ｦ豕輔ｒ蠕玲э縺ｨ縺吶ｋ繝上Φ繧ｿ繝ｼ縲・\\\\"}]\"},\"text\":\"迢ｩ莠ｺ縺ｫ縺､縺・※\"}'}"}}}}; Not a json array: {"condition":"minecraft:entity_properties","entity":"this","predicate":{"location":{"block":{"blocks":["#minecraft:signs"],"nbt":"{Text2: '{\"bold\":true,\"clickEvent\":{\"action\":\"run_command\",\"value\":\"/tellraw @p [{\\\\\"text\\\\\":\\\\\"\\\\\"},{\\\\\"text\\\\\":\\\\\"[蠢崎・\\\\n\\\\\",\\\\\"bold\\\\\":true},{\\\\\"text\\\\\":\\\\\" 蟶ｸ莠ｺ縺ｮ・灘阪・閼壼鴨縺ｨ螟壽ｧ倥↑・ｼ・橸ｾゅ〒謔ｪ迺ｰ蠅・↓繧り・蝨ｨ縺ｫ驕ｩ蠢懊―\\\\"},{\\\\\"text\\\\\":\\\\\"鬮倥＞謾ｻ謦・鴨\\\\\",\\\\\"color\\\\\":\\\\\"dark_aqua\\\\\",\\\\\"bold\\\\\":true},{\\\\\"text\\\\\":\\\\\"縺ｧ謨ｵ繧剃ｻ慕蕗繧√ｋ證玲ｮｺ閠・・\\\\"}]\"},\"text\":\"蠢崎・↓縺､縺・※\"}'}"}}}}; Not a json array: {"condition":"minecraft:entity_properties","entity":"this","predicate":{"location":{"block":{"blocks":["#minecraft:signs"],"nbt":"{Text2: '{\"bold\":true,\"clickEvent\":{\"action\":\"run_command\",\"value\":\"/tellraw @p [{\\\\\"text\\\\\":\\\\\"\\\\\"},{\\\\\"text\\\\\":\\\\\"[蜑｣螢ｫ]\\\\n\\\\\",\\\\\"bold\\\\\":true},{\\\\\"text\\\\\":\\\\\" 蜑｣ 縺ｮ謇ｱ縺・↓蜆ｪ繧圭\\\\"},{\\\\\"text\\\\\":\\\\\"鬮倥＞髦ｲ蠕｡諤ｧ閭ｽ繧定ｪ・ｋ\\\\\",\\\\\"color\\\\\":\\\\\"dark_aqua\\\\\",\\\\\"bold\\\\\":true},{\\\\\"text\\\\\":\\\\\"縲∬ｿ第磁謌ｦ髣倥・繧ｨ繧ｭ繧ｹ繝代・繝医・\\\\"}]\"},\"text\":\"蜑｣螢ｫ縺ｫ 縺､縺・※\"}'}"}}}}; Not a json array: {"condition":"minecraft:entity_properties","entity":"this","predicate":{"location":{"block":{"blocks":["#minecraft:signs"],"nbt":"{Text2: '{\"bold\":true,\"clickEvent\":{\"action\":\"run_command\",\"value\":\"/tellraw @p [{\\\\\"text\\\\\":\\\\\"\\\\\"},{\\\\\"text\\\\\":\\\\\"[繧ｸ繝ｧ繝悶・蟆ｱ縺肴婿]\\\\n\\\\\",\\\\\"bold\\\\\":true},{\\\\\"text\\\\\":\\\\\" 繧ｸ繝ｧ繝悶・\\\\\"},{\\\\\"text\\\\\":\\\\\" 蜑｣螢ｫ縲∝ｿ崎・∫叫莠ｺ縲∫區鬲泌ｰ主｣ｫ縲・ｻ帝ｭ泌ｰ主｣ｫ縲∝小蝟壼｣ｫ \\\\\",\\\\\"color\\\\\":\\\\\"yellow\\\\\",\\\\\"bold\\\\\":true},{\\\\\"text\\\\\":\\\\\"縺ｮ ・也ｨｮ鬘槭≠繧翫∪縺吶・\\\n逶ｮ縺ｮ蜑阪・譚台ｺｺ縺九ｉ縺昴ｌ縺槭ｌ縺ｮ險ｱ蜿ｯ險ｼ繧貞女縺大叙繧九→縲√◎縺ｮ繧ｸ繝ｧ繝悶↓縺ｪ繧翫∪縺 吶・\\\n螂ｽ縺阪↑繧ｸ繝ｧ繝悶↓縺ｪ繧阪≧・―\\\\"}]\"},\"text\":\"繧ｸ繝ｧ繝悶・蟆ｱ縺肴婿\"}'}"}}}}; Not a json array: {"condition":"minecraft:entity_properties","entity":"this","predicate":{"location":{"block":{"blocks":["#minecraft:signs"],"nbt":"{Text2: '{\"bold\":true,\"color\":\"dark_green\",\"text\":\"竊台ｸ翫↓謌ｻ繧銀・\"}'}"}}}}; Not a json array: {"condition":"minecraft:entity_properties","entity":"this","predicate":{"location":{"block":{"blocks":["#minecraft:signs"],"nbt":"{Text2: '{\"bold\":true,\"color\":\"dark_green\",\"text\":\"繝ｩ繧､繧ｯ繧ｹ繝阪・繧ｯ\"}'}"}}}}; Not a json array: {"condition":"minecraft:entity_properties","entity":"this","predicate":{"location":{"block":{"blocks":["#minecraft:signs"],"nbt":"{Text2: '{\"bold\":true,\"color\":\"dark_aqua\",\"text\":\"繧ｹ繝斐・繝峨Λ繝ｳ\"}'}"}}}}; Not a json array: {"condition":"minecraft:entity_properties","entity":"this","predicate":{"location":{"block":{"blocks":["#minecraft:signs"],"nbt":"{Text2: '{\"bold\":true,\"color\":\"dark_red\",\"text\":\"繝倥Ν繧ｯ繝ｩ繧､繝\"}'}"}}}}; Not a json array: {"condition":"minecraft:entity_properties","entity":"this","predicate":{"location":{"block":{"blocks":["#minecraft:signs"],"nbt":"{Text4: '{\"bold\":true,\"color\":\"gold\",\"text\":\"縺ｯ繝ｪ繧ｻ繝・ヨ縺輔ｌ縺ｾ縺兔"}', Text3: '{\"bold\":true,\"color\":\"gold\",\"text\":\"髱橸ｾ幢ｽｸ・橸ｽｲ・晢ｾ鯉ｾ滂ｾ夲ｽｲ・費ｽｰ縺ｮMP縺ｯ\"}'}"}}}}; Not a json array: {"condition":"minecraft:entity_properties","entity":"this","predicate":{"location":{"block":{"blocks":["#minecraft:signs"],"nbt":"{Text3: '{\"bold\":true,\"color\":\"dark_aqua\",\"text\":\"-繧ｵ繝輔ぃ繧､繧｢-\"}', Text2: '{\"bold\":true,\"color\":\"yellow\",\"text\":\"繧ｵ繝昴・繝医い繧ｯ繧ｷ繝ｧ繝ｳ\"}'}"}}}}; Not a json array: {"condition":"minecraft:entity_properties","entity":"this","predicate":{"location":{"block":{"blocks":["#minecraft:signs"],"nbt":"{Text3: '{\"bold\":true,\"color\":\"red\",\"text\":\"-繝ｫ繝薙 ・-\"}', Text2: '{\"bold\":true,\"color\":\"yellow\",\"text\":\"繧ｵ繝昴・繝医い繧ｯ繧ｷ繝ｧ繝ｳ\"}'}"}}}}; Not a json array: {"condition":"minecraft:entity_properties","entity":"this","predicate":{"location":{"block":{"blocks":["#minecraft:signs"],"nbt":"{Text3: '{\"bold\":true,\"color\":\"aqua\",\"text\":\"-繧ｵ繝輔ぃ繧､繧｢-\"}', Text2: '{\"bold\":true,\"color\":\"white\",\"text\":\"繝｢繝ｼ繝峨メ繧ｧ繝ｳ繧ｸ\"}'}"}}}}; Not a json array: {"condition":"minecraft:entity_properties","entity":"this","predicate":{"location":{"block":{"blocks":["#minecraft:signs"],"nbt":"{Text3: '{\"bold\":true,\"color\":\"light_purple\",\"text\":\"-繝ｫ繝薙・-\"}', Text2: '{\"bold\":true,\"color\":\"white\",\"text\":\"繝｢繝ｼ繝峨メ繧ｧ繝ｳ繧ｸ\"}'}"}}}} missed input: {"mode_change_ruby":{"trigger":"minecraft:item_used_on_block","conditions":{"player":[{"condition":"minecraft:reference","name":"tusb_remake:is_interactable"}],"location":[{"condition":"minecraft:entity_properties","entity":"this","predicate":{"location":{"block":{"blocks":["#minecraft:signs"],"nbt":"{Text3: '{\"bold\":true,\"color\":\"light_purple\",\"text\":\"-繝ｫ繝薙・-\"}', Text2: '{\"bold\":true,\"color\":\"white\",\"text\":\"繝｢繝ｼ繝峨メ繧ｧ繝ｳ繧ｸ\"}'}"}}}}]}},"mode_change_sapphire":{"trigger":"minecraft:item_used_on_block","conditions":{"player":[{"condition":"minecraft:reference","name":"tusb_remake:is_interactable"}],"location":[{"condition":"minecraft:entity_properties","entity":"this","predicate":{"location":{"block":{"blocks":["#minecraft:signs"],"nbt":"{Text3: '{\"bold\":true,\"color\":\"aqua\",\"text\":\"-繧ｵ繝輔ぃ繧､繧｢-\"}', Text2: '{\"bold\":true,\"color\":\"white\",\"text\":\"繝｢繝ｼ繝峨メ繧ｧ繝ｳ繧ｸ\"}'}"}}}}]}},"instant_change_ruby":{"trigger":"minecraft:item_used_on_block","conditions":{"player":[{"condition":"minecraft:reference","name":"tusb_remake:is_interactable"}],"location":[{"condition":"minecraft:entity_properties","entity":"this","predicate":{"location":{"block":{"blocks":["#minecraft:signs"],"nbt":"{Text3: '{\"bold\":true,\"color\":\"red\",\"text\":\"-繝ｫ繝薙・-\"}', Text2: '{\"bold\":true,\"color\":\"yellow\",\"text\":\"繧ｵ繝昴・繝医い繧ｯ繧ｷ繝ｧ繝ｳ\"}'}"}}}}]}},"instant_change_sapphire":{"trigger":"minecraft:item_used_on_block","conditions":{"player":[{"condition":"minecraft:reference","name":"tusb_remake:is_interactable"}],"location":[{"condition":"minecraft:entity_properties","entity":"this","predicate":{"location":{"block":{"blocks":["#minecraft:signs"],"nbt":"{Text3: '{\"bold\":true,\"color\":\"dark_aqua\",\"text\":\"-繧ｵ繝輔ぃ繧､繧｢-\"}', Text2: '{\"bold\":true,\"color\":\"yellow\",\"text\":\"繧ｵ繝昴・繝医い繧ｯ繧ｷ繝ｧ繝ｳ\"}'}"}}}}]}},"reset_mp":{"trigger":"minecraft:item_used_on_block","conditions":{"player":[{"condition":"minecraft:reference","name":"tusb_remake:is_interactable"}],"location":[{"condition":"minecraft:entity_properties","entity":"this","predicate":{"location":{"block":{"blocks":["#minecraft:signs"],"nbt":"{Text4: '{\"bold\":true,\"color\":\"gold\",\"text\":\"縺ｯ繝ｪ繧ｻ繝・ ヨ縺輔ｌ縺ｾ縺兔"}', Text3: '{\"bold\":true,\"color\":\"gold\",\"text\":\"髱橸ｾ幢ｽｸ・橸ｽｲ・晢ｾ鯉ｾ滂ｾ夲ｽｲ・費ｽｰ縺ｮMP縺ｯ\"}'}"}}}}]}},"hell_climb":{"trigger":"minecraft:item_used_on_block","conditions":{"player":[{"condition":"minecraft:reference","name":"tusb_remake:is_interactable"}],"location":[{"condition":"minecraft:entity_properties","entity":"this","predicate":{"location":{"block":{"blocks":["#minecraft:signs"],"nbt":"{Text2: '{\"bold\":true,\"color\":\"dark_red\",\"text\":\"繝倥Ν繧ｯ繝ｩ繧､繝\"}'}"}}}}]}},"speed_run":{"trigger":"minecraft:item_used_on_block","conditions":{"player":[{"condition":"minecraft:reference","name":"tusb_remake:is_interactable"}],"location":[{"condition":"minecraft:entity_properties","entity":"this","predicate":{"location":{"block":{"blocks":["#minecraft:signs"],"nbt":"{Text2: '{\"bold\":true,\"color\":\"dark_aqua\",\"text\":\"繧ｹ繝斐・繝峨Λ繝ｳ\"}'}"}}}}]}},"like_snake":{"trigger":"minecraft:item_used_on_block","conditions":{"player":[{"condition":"minecraft:reference","name":"tusb_remake:is_interactable"}],"location":[{"condition":"minecraft:entity_properties","entity":"this","predicate":{"location":{"block":{"blocks":["#minecraft:signs"],"nbt":"{Text2: '{\"bold\":true,\"color\":\"dark_green\",\"text\":\"繝ｩ繧､繧ｯ繧ｹ繝阪・繧ｯ\"}'}"}}}}]}},"like_snake_up":{"trigger":"minecraft:item_used_on_block","conditions":{"player":[{"condition":"minecraft:reference","name":"tusb_remake:is_interactable"}],"location":[{"condition":"minecraft:entity_properties","entity":"this","predicate":{"location":{"block":{"blocks":["#minecraft:signs"],"nbt":"{Text2: '{\"bold\":true,\"color\":\"dark_green\",\"text\":\"竊台ｸ翫↓謌ｻ繧銀・\"}'}"}}}}]}},"hello_work_how_to":{"trigger":"minecraft:item_used_on_block","conditions":{"player":[{"condition":"minecraft:reference","name":"tusb_remake:is_interactable"}],"location":[{"condition":"minecraft:entity_properties","entity":"this","predicate":{"location":{"block":{"blocks":["#minecraft:signs"],"nbt":"{Text2: '{\"bold\":true,\"clickEvent\":{\"action\":\"run_command\",\"value\":\"/tellraw @p [{\\\\\"text\\\\\":\\\\\"\\\\\"},{\\\\\"text\\\\\":\\\\\"[繧ｸ繝ｧ繝悶・蟆ｱ縺肴婿]\\\\n\\\\\",\\\\\"bold\\\\\":true},{\\\\\"text\\\\\":\\\\\" 繧ｸ繝ｧ繝悶・\\\\\"},{\\\\\"text\\\\\":\\\\\" 蜑｣螢ｫ縲∝ｿ崎・∫叫莠ｺ縲∫ 區鬲泌ｰ主｣ｫ縲・ｻ帝ｭ泌ｰ主｣ｫ縲∝小蝟壼｣ｫ \\\\\",\\\\\"color\\\\\":\\\\\"yellow\\\\\",\\\\\"bold\\\\\":true},{\\\\\"text\\\\\":\\\\\"縺ｮ・也ｨｮ鬘槭≠繧翫∪縺吶・\\\n逶ｮ縺ｮ蜑阪・譚台ｺｺ縺九ｉ縺昴ｌ縺槭ｌ縺ｮ險ｱ蜿ｯ險ｼ繧貞女縺大叙繧九→縲√◎縺ｮ繧ｸ繝ｧ繝悶↓縺ｪ繧翫∪縺吶・\\\n螂ｽ縺阪↑繧ｸ繝ｧ繝悶↓縺ｪ繧阪≧・―\\\\"}]\"},\"text\":\"繧ｸ繝ｧ繝悶・蟆ｱ縺肴婿\"}'}"}}}}]}},"hello_work_knight":{"trigger":"minecraft:item_used_on_block","conditions":{"player":[{"condition":"minecraft:reference","name":"tusb_remake:is_interactable"}],"location":[{"condition":"minecraft:entity_properties","entity":"this","predicate":{"location":{"block":{"blocks":["#minecraft:signs"],"nbt":"{Text2: '{\"bold\":true,\"clickEvent\":{\"action\":\"run_command\",\"value\":\"/tellraw @p [{\\\\\"text\\\\\":\\\\\"\\\\\"},{\\\\\"text\\\\\":\\\\\"[蜑｣螢ｫ]\\\\n\\\\\",\\\\\"bold\\\\\":true},{\\\\\"text\\\\\":\\\\\" 蜑｣縺ｮ謇ｱ縺・↓蜆ｪ繧圭\\\\"},{\\\\\"text\\\\\":\\\\\"鬮倥＞髦ｲ蠕｡諤ｧ閭ｽ繧定ｪ・ｋ\\\\\",\\\\\"color\\\\\":\\\\\"dark_aqua\\\\\",\\\\\"bold\\\\\":true},{\\\\\"text\\\\\":\\\\\"縲∬ｿ第磁謌ｦ髣倥・繧ｨ繧ｭ繧ｹ繝代・繝医・\\\\"}]\"},\"text\":\"蜑｣螢ｫ縺ｫ縺､縺・※\"}'}"}}}}]}},"hello_work_ninja":{"trigger":"minecraft:item_used_on_block","conditions":{"player":[{"condition":"minecraft:reference","name":"tusb_remake:is_interactable"}],"location":[{"condition":"minecraft:entity_properties","entity":"this","predicate":{"location":{"block":{"blocks":["#minecraft:signs"],"nbt":"{Text2: '{\"bold\":true,\"clickEvent\":{\"action\":\"run_command\",\"value\":\"/tellraw @p [{\\\\\"text\\\\\":\\\\\"\\\\\"},{\\\\\"text\\\\\":\\\\\"[蠢崎・\\\\n\\\\\",\\\\\"bold\\\\\":true},{\\\\\"text\\\\\":\\\\\" 蟶ｸ莠ｺ縺ｮ・灘阪・閼壼鴨縺ｨ螟壽ｧ倥↑・ｼ・橸ｾゅ〒謔ｪ迺ｰ蠅・↓繧り・蝨ｨ縺ｫ驕ｩ蠢懊―\\\\"},{\\\\\"text\\\\\":\\\\\"鬮倥＞謾ｻ謦・鴨\\\\\",\\\\\"color\\\\\":\\\\\"dark_aqua\\\\\",\\\\\"bold\\\\\":true},{\\\\\"text\\\\\":\\\\\"縺ｧ謨ｵ繧剃ｻ慕蕗繧√ｋ證玲ｮｺ閠・・\\\\"}]\"},\"text\":\"蠢崎 ・↓縺､縺・※\"}'}"}}}}]}},"hello_work_archer":{"trigger":"minecraft:item_used_on_block","conditions":{"player":[{"condition":"minecraft:reference","name":"tusb_remake:is_interactable"}],"location":[{"condition":"minecraft:entity_properties","entity":"this","predicate":{"location":{"block":{"blocks":["#minecraft:signs"],"nbt":"{Text2: '{\"bold\":true,\"clickEvent\":{\"action\":\"run_command\",\"value\":\"/tellraw @p [{\\\\\"text\\\\\":\\\\\"\\\\\"},{\\\\\"text\\\\\":\\\\\"[迢ｩ 莠ｺ]\\\\n\\\\\",\\\\\"bold\\\\\":true},{\\\\\"text\\\\\":\\\\\" 蠑薙ｒ逕ｨ縺・◆驕霍晞屬謾ｻ謦・ｄ\\\\\"},{\\\\\"text\\\\\":\\\\\"謨ｵ縺ｮ閭ｽ蜉帙ｒ荳九￡繧狗ｽ\\\\\",\\\\\"color\\\\\":\\\\\"dark_aqua\\\\\",\\\\\"bold\\\\\":true},{\\\\\"text\\\\\":\\\\\"縺ｪ縺ｩ縲√い繧ｦ繝医Ξ繝ｳ繧ｸ謌ｦ豕輔ｒ蠕玲э縺ｨ縺吶ｋ繝上Φ繧ｿ繝ｼ縲・\\\\"}]\"},\"text\":\"迢ｩ莠ｺ縺ｫ縺､縺・※\"}'}"}}}}]}},"hello_work_white_mage":{"trigger":"minecraft:item_used_on_block","conditions":{"player":[{"condition":"minecraft:reference","name":"tusb_remake:is_interactable"}],"location":[{"condition":"minecraft:entity_properties","entity":"this","predicate":{"location":{"block":{"blocks":["#minecraft:signs"],"nbt":"{Text2: '{\"bold\":true,\"clickEvent\":{\"action\":\"run_command\",\"value\":\"/tellraw @p [{\\\\\"text\\\\\":\\\\\"\\\\\"},{\\\\\"text\\\\\":\\\\\"[逋ｽ鬲泌ｰ主｣ｫ]\\\\n\\\\\",\\\\\"bold\\\\\":true},{\\\\\"text\\\\\":\\\\\" 謾ｻ謦・・荳榊ｾ玲э縺縺後√＆縺ｾ縺悶∪縺ｪ\\\\\"},{\\\\\"text\\\\\":\\\\\"蝗槫ｾｩ繧ｹ繧ｭ繝ｫ繧呈桶縺・\\\\",\\\\\"color\\\\\":\\\\\"dark_aqua\\\\\",\\\\\"bold\\\\\":true},{\\\\\"text\\\\\":\\\\\"繝代・繝・ぅ縺ｮ謾ｯ縺域焔縲・\\\\"}]\"},\"text\":\"逋ｽ鬲泌ｰ主｣ｫ縺ｫ縺､縺・※\"}'}"}}}}]}},"hello_work_black_mage":{"trigger":"minecraft:item_used_on_block","conditions":{"player":[{"condition":"minecraft:reference","name":"tusb_remake:is_interactable"}],"location":[{"condition":"minecraft:entity_properties","entity":"this","predicate":{"location":{"block":{"blocks":["#minecraft:signs"],"nbt":"{Text2: '{\"bold\":true,\"clickEvent\":{\"action\":\"run_command\",\"value\":\"/tellraw @p [{\\\\\"text\\\\\":\\\\\"\\\\\"},{\\\\\"text\\\\\":\\\\\"[鮟帝ｭ泌ｰ主｣ｫ]\\\\n\\\\\",\\\\\"bold\\\\\":true},{\\\\\"text\\\\\":\\\\\" 蠑ｷ蜉帙↑\\\\\"},{\\\\\"text\\\\\":\\\\\"謾ｻ謦・ｭ疲ｳ表\\\\",\\\\\"color\\\\\":\\\\\"dark_aqua\\\\\",\\\\\"bold\\\\\":true},{\\\\\"text\\\\\":\\\\\"繧偵・縺倥ａ縲∵ｧ倥・↑鮟帝ｭ疲ｳ輔ｒ謇ｱ縺・ｱ樊ｧ謫堺ｽ懊・繧ｨ繧ｭ繧ｹ繝代・繝医・\\\\"}]\"},\"text\":\"鮟帝ｭ泌ｰ主｣ｫ縺ｫ縺､縺・※\"}'}"}}}}]}},"hello_work_summoner":{"trigger":"minecraft:item_used_on_block","conditions":{"player":[{"condition":"minecraft:reference","name":"tusb_remake:is_interactable"}],"location":[{"condition":"minecraft:entity_properties","entity":"this","predicate":{"location":{"block":{"blocks":["#minecraft:signs"],"nbt":"{Text2: '{\"bold\":true,\"clickEvent\":{\"action\":\"run_command\",\"value\":\"/tellraw @p [{\\\\\"text\\\\\":\\\\\"\\\\\"},{\\\\\"text\\\\\":\\\\\"[蜿ｬ蝟壼｣ｫ]\\\\n\\\\\",\\\\\"bold\\\\\":true},{\\\\\"text\\\\\":\\\\\" 逕溽黄繧・黄雉ｪ縺ｾ縺ｧ\\\\\"},{\\\\\"text\\\\\":\\\\\"讒倥・↑繧ゅ・繧貞他縺ｳ蜃ｺ縺励※\\\\\",\\\\\"color\\\\\":\\\\\"dark_aqua\\\\\",\\\\\"bold\\\\\":true},{\\\\\"text\\\\\":\\\\\"謾ｻ謦・ｄ謾ｯ謠ｴ繧定｡後≧縲∝小驍・ｭ疲ｳ輔・繧ｨ繧ｭ繧ｹ繝代・繝医・\\\\"}]\"},\"text\":\"蜿ｬ蝟壼｣ｫ縺ｫ縺､縺・※\"}'}"}}}}]}},"cannon_ready":{"trigger":"minecraft:item_used_on_block","conditions":{"player":[{"condition":"minecraft:reference","name":"tusb_remake:is_interactable"}],"location":[{"condition":"minecraft:entity_properties","entity":"this","predicate":{"location":{"block":{"blocks":["#minecraft:signs"],"nbt":"{Text4: '{\"bold\":true,\"clickEvent\":{\"action\":\"run_command\",\"value\":\"/tellraw @p {\\\\\"bold\\\\\":\\\\\"true\\\\\",\\\\\"underlined\\\\\":\\\\\"true\\\\\",\\\\\"text\\\\\":\\\\\"繧ゅ≧荳蠎ｦ蜿ｳ繧ｯ繝ｪ繝・け縺励※縺上□縺輔＞\\\\\"}\"},\"text\":\"= 蜿ｳ繧ｯ繝ｪ繝・け =\"}'}"}}}}]}},"tutorial_4":{"trigger":"minecraft:item_used_on_block","conditions":{"player":[{"condition":"minecraft:reference","name":"tusb_remake:is_interactable"}],"location":[{"condition":"minecraft:entity_properties","entity":"this","predicate":{"location":{"dimension":"minecraft:overworld","block":{"blocks":["#minecraft:signs"],"nbt":"{x:-1905,y:115,z:-74}"}}}}]}},"old_warp_crystal":{"trigger":"minecraft:item_used_on_block","conditions":{"player":[{"condition":"minecraft:reference","name":"tusb_remake:is_interactable"}],"location":[{"condition":"minecraft:entity_properties","entity":"this","predicate":{"location":{"block":{"blocks":["#minecraft:signs"],"nbt":"{Text1:'{\"text\":\"\"}',Text2:'{\"bold\":true,\"color\":\"dark_aqua\",\"text\":\"繝ｯ繝ｼ繝励け繝ｪ繧ｹ繧ｿ繝ｫ\"}'}"}}}}]}},"sand_bag_zombie":{"trigger":"minecraft:item_used_on_block","conditions":{"player":[{"condition":"minecraft:reference","name":"tusb_remake:is_interactable"}],"location":[{"condition":"minecraft:entity_properties","entity":"this","predicate":{"location":{"dimension":"minecraft:overworld","block":{"blocks":["#minecraft:signs"],"nbt":"{x:-2732,y:89,z:-407}"}}}}]}},"sand_bag_creeper":{"trigger":"minecraft:item_used_on_block","conditions":{"player":[{"condition":"minecraft:reference","name":"tusb_remake:is_interactable"}],"location":[{"condition":"minecraft:entity_properties","entity":"this","predicate":{"location":{"dimension":"minecraft:overworld","block":{"blocks":["#minecraft:signs"],"nbt":"{x:-2729,y:89,z:-408}"}}}}]}},"sand_bag_skeleton":{"trigger":"minecraft:item_used_on_block","conditions":{"player":[{"condition":"minecraft:reference","name":"tusb_remake:is_interactable"}],"location":[{"condition":"minecraft:entity_properties","entity":"this","predicate":{"location":{"dimension":"minecraft:overworld","block":{"blocks":["#minecraft:signs"],"nbt":"{x:-2726,y:89,z:-407}"}}}}]}},"sand_bag_enter":{"trigger":"minecraft:item_used_on_block","conditions":{"player":[{"condition":"minecraft:reference","name":"tusb_remake:is_interactable"}],"location":[{"condition":"minecraft:entity_properties","entity":"this","predicate":{"location":{"dimension":"minecraft:overworld","block":{"blocks":["#minecraft:signs"],"nbt":"{x:-2728,y:89,z:-396}"}}}}]}},"sand_bag_enter2":{"trigger":"minecraft:item_used_on_block","conditions":{"player":[{"condition":"minecraft:reference","name":"tusb_remake:is_interactable"}],"location":[{"condition":"minecraft:entity_properties","entity":"this","predicate":{"location":{"dimension":"minecraft:overworld","block":{"blocks":["#minecraft:signs"],"nbt":"{x:-2737,y:90,z:-416}"}}}}]}},"sand_bag_exit":{"trigger":"minecraft:item_used_on_block","conditions":{"player":[{"condition":"minecraft:reference","name":"tusb_remake:is_interactable"}],"location":[{"condition":"minecraft:entity_properties","entity":"this","predicate":{"location":{"dimension":"minecraft:overworld","block":{"blocks":["#minecraft:signs"],"nbt":"{x:-2728,y:89,z:-398}"}}}}]}},"sand_bag_exit2":{"trigger":"minecraft:item_used_on_block","conditions":{"player":[{"condition":"minecraft:reference","name":"tusb_remake:is_interactable"}],"location":[{"condition":"minecraft:entity_properties","entity":"this","predicate":{"location":{"dimension":"minecraft:overworld","block":{"blocks":["#minecraft:signs"],"nbt":"{x:-2735,y:90,z:-416}"}}}}]}},"augur_fortune":{"trigger":"minecraft:item_used_on_block","conditions":{"player":[{"condition":"minecraft:reference","name":"tusb_remake:is_interactable"}],"location":[{"condition":"minecraft:entity_properties","entity":"this","predicate":{"location":{"dimension":"minecraft:overworld","block":{"blocks":["#minecraft:signs"],"nbt":"{x:-62,y:13,z:2}"}}}}]}},"return_from_table":{"trigger":"minecraft:item_used_on_block","conditions":{"player":[{"condition":"minecraft:reference","name":"tusb_remake:is_interactable"}],"location":[{"condition":"minecraft:entity_properties","entity":"this","predicate":{"location":{"block":{"blocks":["#minecraft:signs"],"nbt":"{Text2: '{\"bold\":true,\"color\":\"black\",\"clickEvent\":{\"action\":\"run_command\",\"value\":\"/particle spell -90 15 54 0.01 1 0.01 0.05 700 force\"},\"translate\":\"=----%1$s----=\",\"with\":[{\"strikethrough\":true,\"color\":\"dark_purple\",\"text\":\"蟶ｰ驍Ы"}]}'}"}}}}]}},"unseal_table":{"trigger":"minecraft:item_used_on_block","conditions":{"player":[{"condition":"minecraft:reference","name":"tusb_remake:is_interactable"}],"location":[{"condition":"minecraft:entity_properties","entity":"this","predicate":{"location":{"block":{"blocks":["#minecraft:signs"],"nbt":"{Text2: '{\"bold\":true,\"color\":\"dark_blue\",\"text\":\"繝舌Μ繧｢繧定ｧ｣縺十"}'}"}}}}]}},"clock_notice":{"trigger":"minecraft:item_used_on_block","conditions":{"player":[{"condition":"minecraft:reference","name":"tusb_remake:is_interactable"}],"location":[{"condition":"minecraft:entity_properties","entity":"this","predicate":{"location":{"block":{"blocks":["#minecraft:signs"],"nbt":"{Text2:'{\"underlined\":true,\"color\":\"dark_aqua\",\"clickEvent\":{\"action\":\"run_command\",\"value\":\"/tellraw @p [{\\\\\"text\\\\\":\\\\\" 螟ｧ縺阪↑譎りｨ医□縲ら岼隕壹∪縺励′繧ｻ繝・ヨ縺輔ｌ縺ｦ縺・ｋ縲・\\\n \\\\\",\\\\\"color\\\\\":\\\\\"dark_aqua\\\\\"},{\\\\\"text\\\\\":\\\\\"豕ｨ諢擾ｼ壼ｲｩ逶､縺ｮ譫蜀・↓險ｭ鄂ｮ 縺輔ｌ縺溘ヶ繝ｭ繝・け縺ｯ豸医∴繧倶ｺ九′縺ゅｊ縺ｾ縺吶・\\\\",\\\\\"color\\\\\":\\\\\"yellow\\\\\",\\\\\"underlined\\\\\":true}]\"},\"text\":\"     =-譎りｨ亥ｳｶ-=      \"}'}"}}}}]}},"extra_hint":{"trigger":"minecraft:item_used_on_block","conditions":{"player":[{"condition":"minecraft:reference","name":"tusb_remake:is_interactable"}],"location":[{"condition":"minecraft:entity_properties","entity":"this","predicate":{"location":{"block":{"blocks":["#minecraft:signs"],"nbt":"{Text3:'{\"bold\":true,\"color\":\"black\",\"clickEvent\":{\"action\":\"run_command\",\"value\":\"/playsound entity.experience_orb.pickup master @a[r=16] ~ ~ ~ 1 0.5 0\"},\"text\":\"=-=-=-=-=-=-=-=-=\"}',Text4:'{\"clickEvent\":{\"action\":\"run_command\",\"value\":\"/particle enchantmenttable ~ ~1 ~ 0.1 0.1 0.1 1 90\"},\"text\":\"\"}'}"}}}}]}},"extra_hint_tutorial":{"trigger":"minecraft:item_used_on_block","conditions":{"player":[{"condition":"minecraft:reference","name":"tusb_remake:is_interactable"}],"location":[{"condition":"minecraft:entity_properties","entity":"this","predicate":{"location":{"block":{"blocks":["#minecraft:signs"],"nbt":"{Text2:'{\"bold\":true,\"color\":\"black\",\"clickEvent\":{\"action\":\"run_command\",\"value\":\"/tellraw @a[r=16] [{\\\\\"text\\\\\":\\\\\"逵区攸縺ｮ荳九↓縺ゅｋ繧医≧縺ｪ\\\\\",\\\\\"color\\\\\":\\\\\"white\\\\\",\\\\\"bold\\\\\":\\\\\"true\\\\\"},{\\\\\"text\\\\\":\\\\\"骰ｵ蜊ｵ\\\\\",\\\\\"color\\\\\":\\\\\"dark_aqua\\\\\",\\\\\"bold\\\\\":\\\\\"true\\\\\"},{\\\\\"text\\\\\":\\\\\"縺悟推蝨ｰ縺ｫ縺ゅｊ縲・ 縺昴ｌ繧呈焔縺ｫ謖√▲縺溽憾諷九↑繧峨・骰ｵ莉倥″縺ｮ・・ｽｪ・ｽ・・ｒ髢九￥莠九′縺ｧ縺阪∪縺吶・\\\\",\\\\\"color\\\\\":\\\\\"white\\\\\",\\\\\"bold\\\\\":\\\\\"true\\\\\"}]\"},\"text\":\"=-骰ｵ螳晉ｮｱ縺ｮ髢九￠譁ｹ-=\"}'}"}}}}]}},"like_snake_return":{"trigger":"minecraft:item_used_on_block","conditions":{"player":[{"condition":"minecraft:reference","name":"tusb_remake:is_interactable"}],"location":[{"condition":"minecraft:entity_properties","entity":"this","predicate":{"location":{"block":{"blocks":["#minecraft:signs"],"nbt":"{Text2:'{\"bold\":true,\"color\":\"dark_aqua\",\"text\":\"竊台ｸ翫↓謌ｻ繧銀・\"}'}"}}}}]}}}
[11:17:27] [ServerMain/ERROR]: Parsing error loading custom advancement no_sleep:use/respawn_anchor: Not a json array: {"location":{"block":{"blocks":["minecraft:respawn_anchor"]}}} missed input: {"check":{"trigger":"minecraft:item_used_on_block","conditions":{"location":{"location":{"block":{"blocks":["minecraft:respawn_anchor"]}}},"player":[{"condition":"reference","name":"no_sleep:can_use_bed"}]}}}; Advancement criteria cannot be empty