[15:22:42] [Datafixer Bootstrap/INFO]: 198 Datafixer optimizations took 121 milliseconds
[15:22:43] [Render thread/INFO]: Environment: Environment[sessionHost=https://sessionserver.mojang.com, servicesHost=https://api.minecraftservices.com, name=PROD]
[15:22:43] [Render thread/INFO]: Setting user: oudonsan
[15:22:43] [Render thread/INFO]: Backend library: LWJGL version 3.3.2+13
[15:22:44] [Render thread/INFO]: Found non-pack entry 'C:\Users\oudon\AppData\Roaming\.minecraft\resourcepacks\resources', ignoring
[15:22:44] [Render thread/INFO]: Reloading ResourceManager: vanilla
[15:22:45] [Worker-Main-2/INFO]: Found unifont_all_no_pua-15.1.04.hex, loading
[15:22:46] [Render thread/WARN]: Missing sound for event: minecraft:item.goat_horn.play
[15:22:46] [Render thread/WARN]: Missing sound for event: minecraft:entity.goat.screaming.horn_break
[15:22:46] [Render thread/WARN]: Missing sound for event: minecraft:entity.generic.wind_burst
[15:22:46] [Render thread/INFO]: OpenAL initialized on device OpenAL Soft on ï¿½Xï¿½sï¿½[ï¿½Jï¿½[ (Realtek(R) Audio)
[15:22:46] [Render thread/INFO]: Sound engine started
[15:22:46] [Render thread/INFO]: Created: 1024x512x4 minecraft:textures/atlas/blocks.png-atlas
[15:22:46] [Render thread/INFO]: Created: 256x256x4 minecraft:textures/atlas/signs.png-atlas
[15:22:46] [Render thread/INFO]: Created: 512x512x4 minecraft:textures/atlas/banner_patterns.png-atlas
[15:22:46] [Render thread/INFO]: Created: 512x512x4 minecraft:textures/atlas/shield_patterns.png-atlas
[15:22:46] [Render thread/INFO]: Created: 1024x1024x4 minecraft:textures/atlas/armor_trims.png-atlas
[15:22:46] [Render thread/INFO]: Created: 256x256x4 minecraft:textures/atlas/chest.png-atlas
[15:22:46] [Render thread/INFO]: Created: 128x64x4 minecraft:textures/atlas/decorated_pot.png-atlas
[15:22:46] [Render thread/INFO]: Created: 512x256x4 minecraft:textures/atlas/beds.png-atlas
[15:22:46] [Render thread/INFO]: Created: 512x256x4 minecraft:textures/atlas/shulker_boxes.png-atlas
[15:22:46] [Render thread/WARN]: Shader rendertype_entity_translucent_emissive could not find sampler named Sampler2 in the specified shader program.
[15:22:46] [Render thread/INFO]: Created: 512x256x0 minecraft:textures/atlas/particles.png-atlas
[15:22:46] [Render thread/INFO]: Created: 256x256x0 minecraft:textures/atlas/paintings.png-atlas
[15:22:46] [Render thread/INFO]: Created: 128x128x0 minecraft:textures/atlas/mob_effects.png-atlas
[15:22:46] [Render thread/INFO]: Created: 1024x512x0 minecraft:textures/atlas/gui.png-atlas
[15:23:02] [Render thread/INFO]: Found non-pack entry 'C:\Users\oudon\AppData\Roaming\.minecraft\saves\TheUnusualSkyBlock_v12Remake-Test\datapacks\.vscode', ignoring
[15:23:02] [Render thread/INFO]: Found non-pack entry 'C:\Users\oudon\AppData\Roaming\.minecraft\saves\TheUnusualSkyBlock_v12Remake-Test\datapacks\readme.txt', ignoring
[15:23:02] [Render thread/INFO]: Found new data pack file/AiMath, loading it automatically
[15:23:02] [Render thread/INFO]: Found new data pack file/AnywhereFunction-1.0.0, loading it automatically
[15:23:02] [Render thread/INFO]: Found new data pack file/AnywhereTeleport-1.0.0, loading it automatically
[15:23:02] [Render thread/INFO]: Found new data pack file/CloseDetector, loading it automatically
[15:23:02] [Render thread/INFO]: Found new data pack file/MCCMD-ScoreDamage, loading it automatically
[15:23:02] [Render thread/INFO]: Found new data pack file/NoSleep, loading it automatically
[15:23:02] [Render thread/INFO]: Found new data pack file/OhMyDat-1.0.2, loading it automatically
[15:23:02] [Render thread/INFO]: Found new data pack file/PlayerItemTuner, loading it automatically
[15:23:02] [Render thread/INFO]: Found new data pack file/ScoreToHealth-1.0.1, loading it automatically
[15:23:02] [Render thread/INFO]: Found new data pack file/TUSB_Remake, loading it automatically
[15:23:03] [Worker-Main-16/ERROR]: Invalid path in pack: tusb_remake:functions/TEST.mcfunction, ignoring
[15:23:03] [Worker-Main-7/ERROR]: Couldn't load tag minecraft:all as it is missing following references: minecraft:grass (from file/TUSB_Remake)
[15:23:04] [Worker-Main-13/ERROR]: Couldn't parse element predicates:open:shulker_box - Not a json array: {"condition":"alternative","terms":[{"condition":"reference","name":"open:shulker_box/normal"},{"condition":"reference","name":"open:shulker_box/white"},{"condition":"reference","name":"open:shulker_box/orange"},{"condition":"reference","name":"open:shulker_box/magenta"},{"condition":"reference","name":"open:shulker_box/light_blue"},{"condition":"reference","name":"open:shulker_box/yellow"},{"condition":"reference","name":"open:shulker_box/lime"},{"condition":"reference","name":"open:shulker_box/pink"},{"condition":"reference","name":"open:shulker_box/gray"},{"condition":"reference","name":"open:shulker_box/light_gray"},{"condition":"reference","name":"open:shulker_box/cyan"},{"condition":"reference","name":"open:shulker_box/purple"},{"condition":"reference","name":"open:shulker_box/blue"},{"condition":"reference","name":"open:shulker_box/brown"},{"condition":"reference","name":"open:shulker_box/green"},{"condition":"reference","name":"open:shulker_box/red"},{"condition":"reference","name":"open:shulker_box/black"}]}
[15:23:04] [Worker-Main-13/ERROR]: Couldn't parse element predicates:tusb_remake:area/move/nether_dungeon - Not a json array: {"condition":"minecraft:alternative","terms":[{"condition":"minecraft:entity_scores","entity":"this","scores":{"USBDimension":{"min":-2147483648,"max":-90}}},{"condition":"minecraft:entity_scores","entity":"this","scores":{"USBDimension":{"min":-88,"max":2147483647}}}]}
[15:23:04] [Worker-Main-13/ERROR]: Couldn't parse element predicates:tusb_remake:area/move/cloudia - Not a json array: {"condition":"minecraft:alternative","terms":[{"condition":"minecraft:entity_scores","entity":"this","scores":{"USBDimension":{"min":-2147483648,"max":9}}},{"condition":"minecraft:entity_scores","entity":"this","scores":{"USBDimension":{"min":11,"max":2147483647}}}]}
[15:23:04] [Worker-Main-13/ERROR]: Couldn't parse element predicates:tusb_remake:area/move/gullivers_land - Not a json array: {"condition":"minecraft:alternative","terms":[{"condition":"minecraft:entity_scores","entity":"this","scores":{"USBDimension":{"min":-2147483648,"max":11}}},{"condition":"minecraft:entity_scores","entity":"this","scores":{"USBDimension":{"min":13,"max":2147483647}}}]}
[15:23:04] [Worker-Main-13/ERROR]: Couldn't parse element predicates:open:anvil - Not a json array: {"condition":"alternative","terms":[{"condition":"reference","name":"open:anvil/normal"},{"condition":"reference","name":"open:anvil/chipped"},{"condition":"reference","name":"open:anvil/damaged"}]}
[15:23:04] [Worker-Main-13/ERROR]: Couldn't parse element predicates:tusb_remake:area/survival - Not a json array: {"condition":"minecraft:alternative","terms":[{"condition":"reference","name":"tusb_remake:area/skyland"},{"condition":"reference","name":"tusb_remake:area/underworld"},{"condition":"reference","name":"tusb_remake:area/nether"}]}
[15:23:04] [Worker-Main-13/ERROR]: Couldn't parse element predicates:tusb_remake:is_interactable - Not a json array: {"condition":"alternative","terms":[{"condition":"entity_properties","entity":"this","predicate":{"flags":{"is_sneaking":false}}},{"condition":"entity_properties","entity":"this","predicate":{"flags":{"is_sneaking":true},"equipment":{"mainhand":{},"offhand":{}}}}]}
[15:23:04] [Worker-Main-13/ERROR]: Couldn't parse element predicates:tusb_remake:has_shield - Not a json array: {"condition":"alternative","terms":[{"condition":"minecraft:entity_properties","entity":"this","predicate":{"equipment":{"mainhand":{"items":["minecraft:shield"]}}}},{"condition":"minecraft:entity_properties","entity":"this","predicate":{"equipment":{"offhand":{"items":["minecraft:shield"]}}}}]}
[15:23:04] [Worker-Main-13/ERROR]: Couldn't parse element predicates:tusb_remake:area/move/end - Not a json array: {"condition":"minecraft:alternative","terms":[{"condition":"minecraft:entity_scores","entity":"this","scores":{"USBDimension":{"min":-2147483648,"max":99}}}]}
[15:23:04] [Worker-Main-13/ERROR]: Couldn't parse element predicates:tusb_remake:area/move/skyland - Not a json array: {"condition":"minecraft:alternative","terms":[{"condition":"minecraft:entity_scores","entity":"this","scores":{"USBDimension":{"min":-2147483648,"max":-1}}},{"condition":"minecraft:entity_scores","entity":"this","scores":{"USBDimension":{"min":1,"max":2147483647}}}]}
[15:23:04] [Worker-Main-13/ERROR]: Couldn't parse element predicates:close_detector:openable - Not a json array: {"condition":"alternative","terms":[{"condition":"entity_properties","entity":"this","predicate":{"flags":{"is_sneaking":false}}},{"condition":"entity_properties","entity":"this","predicate":{"flags":{"is_sneaking":true},"equipment":{"mainhand":{"items":["minecraft:air"]},"offhand":{"items":["minecraft:air"]}}}}]}
[15:23:04] [Worker-Main-13/ERROR]: Couldn't parse element predicates:tusb_remake:area/move/nether - Not a json array: {"condition":"minecraft:alternative","terms":[{"condition":"minecraft:entity_scores","entity":"this","scores":{"USBDimension":{"min":-99,"max":2147483647}}}]}
[15:23:04] [Worker-Main-13/ERROR]: Couldn't parse element predicates:tusb_remake:area/move/table_mountain - Not a json array: {"condition":"minecraft:alternative","terms":[{"condition":"minecraft:entity_scores","entity":"this","scores":{"USBDimension":{"min":-2147483648,"max":10}}},{"condition":"minecraft:entity_scores","entity":"this","scores":{"USBDimension":{"min":12,"max":2147483647}}}]}
[15:23:04] [Worker-Main-13/ERROR]: Couldn't parse element predicates:tusb_remake:area/move/underworld - Not a json array: {"condition":"minecraft:alternative","terms":[{"condition":"minecraft:entity_scores","entity":"this","scores":{"USBDimension":{"min":-2147483648,"max":0}}},{"condition":"minecraft:entity_scores","entity":"this","scores":{"USBDimension":{"min":2,"max":2147483647}}}]}
[15:23:04] [Worker-Main-13/ERROR]: Couldn't parse element predicates:close_detector:openable_rideable - Not a json array: {"condition":"alternative","terms":[{"condition":"entity_properties","entity":"this","predicate":{"flags":{"is_sneaking":true}}}]}
[15:23:04] [Worker-Main-13/ERROR]: Couldn't parse element predicates:no_sleep:can_use_bed - Not a json array: {"condition":"alternative","terms":[{"condition":"entity_properties","entity":"this","predicate":{"flags":{"is_sneaking":false}}},{"condition":"entity_properties","entity":"this","predicate":{"flags":{"is_sneaking":true},"equipment":{"mainhand":{"items":["minecraft:air"]},"offhand":{"items":["minecraft:air"]}}}}]}
[15:23:04] [Worker-Main-13/ERROR]: Couldn't parse element predicates:tusb_remake:thunder_bolt_widen - Not a json array: {"condition":"alternative","terms":[{"condition":"minecraft:location_check","entity":"this","predicate":{"fluid":{"fluid":"minecraft:water"}}},{"condition":"minecraft:weather_check","raining":true}]}
[15:23:04] [Worker-Main-13/ERROR]: Couldn't parse element predicates:tusb_remake:area/move/nether_trial - Not a json array: {"condition":"minecraft:alternative","terms":[{"condition":"minecraft:entity_scores","entity":"this","scores":{"USBDimension":{"min":-2147483648,"max":-91}}},{"condition":"minecraft:entity_scores","entity":"this","scores":{"USBDimension":{"min":-89,"max":2147483647}}}]}
[15:23:04] [Worker-Main-13/ERROR]: Couldn't parse element predicates:tusb_remake:area/move/tocult_colde - Not a json array: {"condition":"minecraft:alternative","terms":[{"condition":"minecraft:entity_scores","entity":"this","scores":{"USBDimension":{"min":-2147483648,"max":12}}},{"condition":"minecraft:entity_scores","entity":"this","scores":{"USBDimension":{"min":14,"max":2147483647}}}]}
[15:23:05] [Worker-Main-15/ERROR]: Couldn't parse element loot_tables:usb:chests/itemrank/e - Unknown registry key in ResourceKey[minecraft:root / minecraft:item]: minecraft:grass
[15:23:05] [Worker-Main-15/ERROR]: Couldn't parse element loot_tables:usb:chests/itemrank/f - Unknown registry key in ResourceKey[minecraft:root / minecraft:item]: minecraft:grass; Unknown registry key in ResourceKey[minecraft:root / minecraft:item]: minecraft:grass
[15:23:05] [Worker-Main-15/ERROR]: Couldn't parse element loot_tables:usb:gameplay/fishing/item - Unknown registry key in ResourceKey[minecraft:root / minecraft:item]: minecraft:grass
[15:23:05] [Worker-Main-15/ERROR]: Couldn't parse element loot_tables:usb:chests/underworld - Unknown registry key in ResourceKey[minecraft:root / minecraft:item]: minecraft:grass
[15:23:05] [Render thread/WARN]: Found loot table element validation problem in {loot_tables:usb:entities/table/mob3}.pools[2].entries[0]->{usb:entities/table/mobs}.pools[0].entries[6]->{minecraft:entities/guardian}.pools[2].entries[0]->{minecraft:gameplay/fishing}.pools[0].entries[3]->{usb:gameplay/fishing/special}.pools[0].entries[0]: Unknown loot table called usb:gameplay/fishing/item
[15:23:05] [Render thread/WARN]: Found loot table element validation problem in {loot_tables:usb:chests/enjoy}.pools[0].entries[2]->{usb:chests/itemrank/d}.pools[0].entries[8]: Unreachable entry!
[15:23:05] [Render thread/WARN]: Found loot table element validation problem in {loot_tables:minecraft:gameplay/fishing}.pools[0].entries[3]->{usb:gameplay/fishing/special}.pools[0].entries[0]: Unknown loot table called usb:gameplay/fishing/item
[15:23:05] [Render thread/WARN]: Found loot table element validation problem in {loot_tables:usb:entities/table/mob4}.pools[2].entries[0]->{usb:entities/table/mobs}.pools[0].entries[6]->{minecraft:entities/guardian}.pools[2].entries[0]->{minecraft:gameplay/fishing}.pools[0].entries[3]->{usb:gameplay/fishing/special}.pools[0].entries[0]: Unknown loot table called usb:gameplay/fishing/item
[15:23:05] [Render thread/WARN]: Found loot table element validation problem in {loot_tables:usb:chests/enjoy}.pools[0].entries[2]->{usb:chests/itemrank/d}.pools[0].entries[6]: Unreachable entry!
[15:23:05] [Render thread/WARN]: Found loot table element validation problem in {loot_tables:usb:events/sniper}.pools[1].entries[0]->{minecraft:entities/guardian}.pools[2].entries[0]->{minecraft:gameplay/fishing}.pools[0].entries[3]->{usb:gameplay/fishing/special}.pools[0].entries[0]: Unknown loot table called usb:gameplay/fishing/item
[15:23:05] [Render thread/WARN]: Found loot table element validation problem in {loot_tables:usb:entities/table/mob1}.pools[2].entries[0]->{usb:entities/table/mobs}.pools[0].entries[6]->{minecraft:entities/guardian}.pools[2].entries[0]->{minecraft:gameplay/fishing}.pools[0].entries[3]->{usb:gameplay/fishing/special}.pools[0].entries[0]: Unknown loot table called usb:gameplay/fishing/item
[15:23:05] [Render thread/WARN]: Found loot table element validation problem in {loot_tables:usb:chests/itemrank/d}.pools[0].entries[8]: Unreachable entry!
[15:23:05] [Render thread/WARN]: Found loot table element validation problem in {loot_tables:usb:chests/itemrank/d}.pools[0].entries[6]: Unreachable entry!
[15:23:05] [Render thread/WARN]: Found loot table element validation problem in {loot_tables:usb:chests/enjoy}.pools[0].entries[5]->{usb:chests/itemrank/a}.pools[0].entries[0]: Unreachable entry!
[15:23:05] [Render thread/WARN]: Found loot table element validation problem in {loot_tables:usb:entities/table/mob2}.pools[2].entries[0]->{usb:entities/table/mobs}.pools[0].entries[6]->{minecraft:entities/guardian}.pools[2].entries[0]->{minecraft:gameplay/fishing}.pools[0].entries[3]->{usb:gameplay/fishing/special}.pools[0].entries[0]: Unknown loot table called usb:gameplay/fishing/item
[15:23:05] [Render thread/WARN]: Found loot table element validation problem in {loot_tables:usb:chests/enjoy}.pools[0].entries[1]: Unknown loot table called usb:chests/itemrank/e
[15:23:05] [Render thread/WARN]: Found loot table element validation problem in {loot_tables:usb:chests/rank3}.pools[1].entries[0]->{usb:chests/itemrank/d}.pools[0].entries[6]: Unreachable entry!
[15:23:05] [Render thread/WARN]: Found loot table element validation problem in {loot_tables:usb:chests/rank4}.pools[1].entries[0]->{usb:chests/itemrank/d}.pools[0].entries[8]: Unreachable entry!
[15:23:05] [Render thread/WARN]: Found loot table element validation problem in {loot_tables:usb:chests/rank4}.pools[1].entries[0]->{usb:chests/itemrank/d}.pools[0].entries[6]: Unreachable entry!
[15:23:05] [Render thread/WARN]: Found loot table element validation problem in {loot_tables:usb:chests/rank2}.pools[1].entries[0]: Unknown loot table called usb:chests/itemrank/f
[15:23:05] [Render thread/WARN]: Found loot table element validation problem in {loot_tables:usb:entities/table/mobs}.pools[0].entries[6]->{minecraft:entities/guardian}.pools[2].entries[0]->{minecraft:gameplay/fishing}.pools[0].entries[3]->{usb:gameplay/fishing/special}.pools[0].entries[0]: Unknown loot table called usb:gameplay/fishing/item
[15:23:05] [Render thread/WARN]: Found loot table element validation problem in {loot_tables:usb:chests/enjoy}.pools[0].entries[6]->{usb:chests/itemrank/s}.pools[0].entries[0]: Unreachable entry!
[15:23:05] [Render thread/WARN]: Found loot table element validation problem in {loot_tables:usb:chests/rank1}.pools[1].entries[0]: Unknown loot table called usb:chests/itemrank/f
[15:23:05] [Render thread/WARN]: Found loot table element validation problem in {loot_tables:usb:chests/rank10}.pools[1].entries[1]->{usb:chests/itemrank/s}.pools[0].entries[0]: Unreachable entry!
[15:23:05] [Render thread/WARN]: Found loot table element validation problem in {loot_tables:usb:chests/rank3}.pools[1].entries[0]->{usb:chests/itemrank/d}.pools[0].entries[8]: Unreachable entry!
[15:23:05] [Render thread/WARN]: Found loot table element validation problem in {loot_tables:usb:chests/itemrank/s}.pools[0].entries[0]: Unreachable entry!
[15:23:05] [Render thread/WARN]: Found loot table element validation problem in {loot_tables:usb:gameplay/fishing/special}.pools[0].entries[0]: Unknown loot table called usb:gameplay/fishing/item
[15:23:05] [Render thread/WARN]: Found loot table element validation problem in {loot_tables:usb:entities/table/mob5}.pools[2].entries[0]->{usb:entities/table/mobs}.pools[0].entries[6]->{minecraft:entities/guardian}.pools[2].entries[0]->{minecraft:gameplay/fishing}.pools[0].entries[3]->{usb:gameplay/fishing/special}.pools[0].entries[0]: Unknown loot table called usb:gameplay/fishing/item
[15:23:05] [Render thread/WARN]: Found loot table element validation problem in {loot_tables:usb:chests/rank10}.pools[1].entries[0]->{usb:chests/itemrank/a}.pools[0].entries[0]: Unreachable entry!
[15:23:05] [Render thread/WARN]: Found loot table element validation problem in {loot_tables:usb:chests/iceworld}.pools[1].entries[11]: Unreachable entry!
[15:23:05] [Render thread/WARN]: Found loot table element validation problem in {loot_tables:usb:chests/enjoy}.pools[0].entries[0]: Unknown loot table called usb:chests/itemrank/f
[15:23:05] [Render thread/WARN]: Found loot table element validation problem in {loot_tables:usb:chests/rank8}.pools[1].entries[1]->{usb:chests/itemrank/a}.pools[0].entries[0]: Unreachable entry!
[15:23:05] [Render thread/WARN]: Found loot table element validation problem in {loot_tables:minecraft:entities/elder_guardian}.pools[3].entries[0]->{minecraft:gameplay/fishing}.pools[0].entries[3]->{usb:gameplay/fishing/special}.pools[0].entries[0]: Unknown loot table called usb:gameplay/fishing/item
[15:23:05] [Render thread/WARN]: Found loot table element validation problem in {loot_tables:minecraft:entities/guardian}.pools[2].entries[0]->{minecraft:gameplay/fishing}.pools[0].entries[3]->{usb:gameplay/fishing/special}.pools[0].entries[0]: Unknown loot table called usb:gameplay/fishing/item
[15:23:05] [Render thread/WARN]: Found loot table element validation problem in {loot_tables:usb:chests/itemrank/a}.pools[0].entries[0]: Unreachable entry!
[15:23:05] [Render thread/WARN]: Found loot table element validation problem in {loot_tables:usb:chests/rank2}.pools[1].entries[1]: Unknown loot table called usb:chests/itemrank/e
[15:23:05] [Render thread/WARN]: Found loot table element validation problem in {loot_tables:usb:chests/rank9}.pools[1].entries[0]->{usb:chests/itemrank/a}.pools[0].entries[0]: Unreachable entry!
[15:23:05] [Render thread/INFO]: Loaded 7 recipes
[15:23:05] [Render thread/ERROR]: Failed to load function tusb_remake:load/
java.util.concurrent.CompletionException: java.lang.IllegalArgumentException: Whilst parsing command on line 295: ï¿½ubelowNameï¿½vï¿½Í•sï¿½ï¿½ï¿½È•\ï¿½ï¿½ï¿½Xï¿½ï¿½ï¿½bï¿½gï¿½Å‚ï¿½
	at java.util.concurrent.CompletableFuture.encodeThrowable(CompletableFuture.java:315) ~[?:?]
	at java.util.concurrent.CompletableFuture.completeThrowable(CompletableFuture.java:320) ~[?:?]
	at java.util.concurrent.CompletableFuture$AsyncSupply.run(CompletableFuture.java:1770) ~[?:?]
	at java.util.concurrent.CompletableFuture$AsyncSupply.exec(CompletableFuture.java:1760) ~[?:?]
	at java.util.concurrent.ForkJoinTask.doExec(ForkJoinTask.java:373) ~[?:?]
	at java.util.concurrent.ForkJoinPool$WorkQueue.topLevelExec(ForkJoinPool.java:1182) ~[?:?]
	at java.util.concurrent.ForkJoinPool.scan(ForkJoinPool.java:1655) ~[?:?]
	at java.util.concurrent.ForkJoinPool.runWorker(ForkJoinPool.java:1622) ~[?:?]
	at java.util.concurrent.ForkJoinWorkerThread.run(ForkJoinWorkerThread.java:165) ~[?:?]
Caused by: java.lang.IllegalArgumentException: Whilst parsing command on line 295: ï¿½ubelowNameï¿½vï¿½Í•sï¿½ï¿½ï¿½È•\ï¿½ï¿½ï¿½Xï¿½ï¿½ï¿½bï¿½gï¿½Å‚ï¿½
	at hb.a(SourceFile:76) ~[1.20.4.jar:?]
	at aht.a(SourceFile:83) ~[1.20.4.jar:?]
	at java.util.concurrent.CompletableFuture$AsyncSupply.run(CompletableFuture.java:1768) ~[?:?]
	... 6 more
[15:23:05] [Render thread/ERROR]: Failed to load function tusb_remake:skill/black_mage/enaspir/hit
java.util.concurrent.CompletionException: java.lang.IllegalArgumentException: Whilst parsing command on line 20: ï¿½ï¿½ï¿½ï¿½ï¿½Èƒ`ï¿½ï¿½ï¿½bï¿½gï¿½ÌƒRï¿½ï¿½ï¿½|ï¿½[ï¿½lï¿½ï¿½ï¿½gï¿½Å‚ï¿½ï¿½FNot a JSON object: [{"text":"?","color":"purple"},{"score":{"name":"_","objective":"TUSB"},"bold":true,"color":"dark_aqua"},{"text":"?","color":"purple"}] at position 156: ..."purple"}]<--[HERE]
	at java.util.concurrent.CompletableFuture.encodeThrowable(CompletableFuture.java:315) ~[?:?]
	at java.util.concurrent.CompletableFuture.completeThrowable(CompletableFuture.java:320) ~[?:?]
	at java.util.concurrent.CompletableFuture$AsyncSupply.run(CompletableFuture.java:1770) ~[?:?]
	at java.util.concurrent.CompletableFuture$AsyncSupply.exec(CompletableFuture.java:1760) ~[?:?]
	at java.util.concurrent.ForkJoinTask.doExec(ForkJoinTask.java:373) ~[?:?]
	at java.util.concurrent.ForkJoinPool$WorkQueue.topLevelExec(ForkJoinPool.java:1182) ~[?:?]
	at java.util.concurrent.ForkJoinPool.scan(ForkJoinPool.java:1655) ~[?:?]
	at java.util.concurrent.ForkJoinPool.runWorker(ForkJoinPool.java:1622) ~[?:?]
	at java.util.concurrent.ForkJoinWorkerThread.run(ForkJoinWorkerThread.java:165) ~[?:?]
Caused by: java.lang.IllegalArgumentException: Whilst parsing command on line 20: ï¿½ï¿½ï¿½ï¿½ï¿½Èƒ`ï¿½ï¿½ï¿½bï¿½gï¿½ÌƒRï¿½ï¿½ï¿½|ï¿½[ï¿½lï¿½ï¿½ï¿½gï¿½Å‚ï¿½ï¿½FNot a JSON object: [{"text":"?","color":"purple"},{"score":{"name":"_","objective":"TUSB"},"bold":true,"color":"dark_aqua"},{"text":"?","color":"purple"}] at position 156: ..."purple"}]<--[HERE]
	at hb.a(SourceFile:76) ~[1.20.4.jar:?]
	at aht.a(SourceFile:83) ~[1.20.4.jar:?]
	at java.util.concurrent.CompletableFuture$AsyncSupply.run(CompletableFuture.java:1768) ~[?:?]
	... 6 more
[15:23:05] [Render thread/ERROR]: Failed to load function tusb_remake:load/once
java.util.concurrent.CompletionException: java.lang.IllegalArgumentException: Whilst parsing command on line 305: ï¿½ubelowNameï¿½vï¿½Í•sï¿½ï¿½ï¿½È•\ï¿½ï¿½ï¿½Xï¿½ï¿½ï¿½bï¿½gï¿½Å‚ï¿½
	at java.util.concurrent.CompletableFuture.encodeThrowable(CompletableFuture.java:315) ~[?:?]
	at java.util.concurrent.CompletableFuture.completeThrowable(CompletableFuture.java:320) ~[?:?]
	at java.util.concurrent.CompletableFuture$AsyncSupply.run(CompletableFuture.java:1770) ~[?:?]
	at java.util.concurrent.CompletableFuture$AsyncSupply.exec(CompletableFuture.java:1760) ~[?:?]
	at java.util.concurrent.ForkJoinTask.doExec(ForkJoinTask.java:373) ~[?:?]
	at java.util.concurrent.ForkJoinPool$WorkQueue.topLevelExec(ForkJoinPool.java:1182) ~[?:?]
	at java.util.concurrent.ForkJoinPool.scan(ForkJoinPool.java:1655) ~[?:?]
	at java.util.concurrent.ForkJoinPool.runWorker(ForkJoinPool.java:1622) ~[?:?]
	at java.util.concurrent.ForkJoinWorkerThread.run(ForkJoinWorkerThread.java:165) ~[?:?]
Caused by: java.lang.IllegalArgumentException: Whilst parsing command on line 305: ï¿½ubelowNameï¿½vï¿½Í•sï¿½ï¿½ï¿½È•\ï¿½ï¿½ï¿½Xï¿½ï¿½ï¿½bï¿½gï¿½Å‚ï¿½
	at hb.a(SourceFile:76) ~[1.20.4.jar:?]
	at aht.a(SourceFile:83) ~[1.20.4.jar:?]
	at java.util.concurrent.CompletableFuture$AsyncSupply.run(CompletableFuture.java:1768) ~[?:?]
	... 6 more
[15:23:05] [Render thread/ERROR]: Couldn't load tag minecraft:load as it is missing following references: tusb_remake:load/ (from file/TUSB_Remake)
[15:23:05] [Render thread/ERROR]: Parsing error loading custom advancement tusb_remake:chest_event: Not a json array: {"block":{"blocks":["minecraft:trapped_chest"]},"position":{"dimension":"minecraft:overworld","x":{"min":-2734,"max":-2733},"y":{"min":88,"max":89},"z":{"min":-383,"max":-381}}}; Not a json array: {"block":{"blocks":["minecraft:trapped_chest"]},"position":{"dimension":"minecraft:overworld","x":{"min":17,"max":18},"y":{"min":18,"max":19},"z":{"min":-1835,"max":-1834}}}; Not a json array: {"block":{"blocks":["minecraft:trapped_chest"]},"position":{"dimension":"minecraft:overworld","x":{"min":15,"max":16},"y":{"min":18,"max":19},"z":{"min":-1833,"max":-1832}}}; Not a json array: {"block":{"blocks":["minecraft:trapped_chest"]},"position":{"dimension":"minecraft:overworld","x":{"min":17,"max":18},"y":{"min":18,"max":19},"z":{"min":-1831,"max":-1830}}} missed input: {"table_trialset_1":{"trigger":"minecraft:item_used_on_block","conditions":{"player":[{"condition":"reference","name":"tusb_remake:is_interactable"}],"location":{"block":{"blocks":["minecraft:trapped_chest"]},"position":{"dimension":"minecraft:overworld","x":{"min":17,"max":18},"y":{"min":18,"max":19},"z":{"min":-1831,"max":-1830}}}}},"table_trialset_2":{"trigger":"minecraft:item_used_on_block","conditions":{"player":[{"condition":"reference","name":"tusb_remake:is_interactable"}],"location":{"block":{"blocks":["minecraft:trapped_chest"]},"position":{"dimension":"minecraft:overworld","x":{"min":15,"max":16},"y":{"min":18,"max":19},"z":{"min":-1833,"max":-1832}}}}},"table_trialset_3":{"trigger":"minecraft:item_used_on_block","conditions":{"player":[{"condition":"reference","name":"tusb_remake:is_interactable"}],"location":{"block":{"blocks":["minecraft:trapped_chest"]},"position":{"dimension":"minecraft:overworld","x":{"min":17,"max":18},"y":{"min":18,"max":19},"z":{"min":-1835,"max":-1834}}}}},"skill_setting_area_eggs":{"trigger":"minecraft:item_used_on_block","conditions":{"player":[{"condition":"reference","name":"tusb_remake:is_interactable"}],"location":{"block":{"blocks":["minecraft:trapped_chest"]},"position":{"dimension":"minecraft:overworld","x":{"min":-2734,"max":-2733},"y":{"min":88,"max":89},"z":{"min":-383,"max":-381}}}}}}; Advancement criteria cannot be empty
[15:23:05] [Render thread/ERROR]: Parsing error loading custom advancement tusb_remake:button_event: Not a json array: {"block":{"tag":"minecraft:buttons"}}; Not a json array: {"block":{"tag":"minecraft:buttons"},"position":{"x":{"min":-2738,"max":-2737},"y":{"min":90,"max":91},"z":{"min":-362,"max":-361}}}; Not a json array: {"block":{"tag":"minecraft:buttons"},"position":{"x":{"min":-2739,"max":-2738},"y":{"min":90,"max":91},"z":{"min":-363,"max":-362}}} missed input: {"super_craft":{"trigger":"minecraft:item_used_on_block","conditions":{"player":[{"condition":"reference","name":"tusb_remake:is_interactable"}],"location":{"block":{"tag":"minecraft:buttons"},"position":{"x":{"min":-2739,"max":-2738},"y":{"min":90,"max":91},"z":{"min":-363,"max":-362}}}}},"super_craft2":{"trigger":"minecraft:item_used_on_block","conditions":{"player":[{"condition":"reference","name":"tusb_remake:is_interactable"}],"location":{"block":{"tag":"minecraft:buttons"},"position":{"x":{"min":-2738,"max":-2737},"y":{"min":90,"max":91},"z":{"min":-362,"max":-361}}}}},"all_button":{"trigger":"minecraft:item_used_on_block","conditions":{"player":[{"condition":"reference","name":"tusb_remake:is_interactable"}],"location":{"block":{"tag":"minecraft:buttons"}}}}}; Advancement criteria cannot be empty
[15:23:05] [Render thread/ERROR]: Parsing error loading custom advancement tusb_remake:player/interact_cauldron_in_table_mountain: Not a json array: {"block":{"blocks":["minecraft:water_cauldron","minecraft:cauldron"]}} missed input: {"interact":{"trigger":"minecraft:item_used_on_block","conditions":{"location":{"block":{"blocks":["minecraft:water_cauldron","minecraft:cauldron"]}},"player":[{"condition":"reference","name":"tusb_remake:area/table_mountain"}]}}}; Advancement criteria cannot be empty
[15:23:05] [Render thread/ERROR]: Parsing error loading custom advancement tusb_remake:sign_event: Not a json array: {"block":{"tag":"minecraft:signs","nbt":"{Text2:'{\"bold\":true,\"color\":\"dark_aqua\",\"text\":\"ï¿½ï¿½ï¿½ï¿½É–ß‚éª\"}'}"}}; Not a json array: {"block":{"tag":"minecraft:signs","nbt":"{Text2:'{\"bold\":true,\"color\":\"black\",\"clickEvent\":{\"action\":\"run_command\",\"value\":\"/tellraw @a[r=16] [{\\\\\"text\\\\\":\\\\\"ï¿½Å”Â‚Ì‰ï¿½ï¿½É‚ï¿½ï¿½ï¿½æ‚¤ï¿½ï¿½\\\\\",\\\\\"color\\\\\":\\\\\"white\\\\\",\\\\\"bold\\\\\":\\\\\"true\\\\\"},{\\\\\"text\\\\\":\\\\\"ï¿½ï¿½ï¿½ï¿½\\\\\",\\\\\"color\\\\\":\\\\\"dark_aqua\\\\\",\\\\\"bold\\\\\":\\\\\"true\\\\\"},{\\\\\"text\\\\\":\\\\\"ï¿½ï¿½ï¿½eï¿½nï¿½É‚ï¿½ï¿½ï¿½A  ï¿½ï¿½ï¿½ï¿½ï¿½ï¿½ï¿½ÉŽï¿½ï¿½ï¿½ï¿½ï¿½ï¿½ï¿½Ô‚È‚ï¿½ÎŒï¿½ï¿½tï¿½ï¿½ï¿½ï¿½ï¿½ï¿½ï¿½Ä‚ï¿½ï¿½Jï¿½ï¿½ï¿½ï¿½ï¿½ï¿½ï¿½Å‚ï¿½ï¿½Ü‚ï¿½ï¿½B\\\\\",\\\\\"color\\\\\":\\\\\"white\\\\\",\\\\\"bold\\\\\":\\\\\"true\\\\\"}]\"},\"text\":\"=-ï¿½ï¿½ï¿½ó” ‚ÌŠJï¿½ï¿½ï¿½ï¿½-=\"}'}"}}; Not a json array: {"block":{"tag":"minecraft:signs","nbt":"{Text3:'{\"bold\":true,\"color\":\"black\",\"clickEvent\":{\"action\":\"run_command\",\"value\":\"/playsound entity.experience_orb.pickup master @a[r=16] ~ ~ ~ 1 0.5 0\"},\"text\":\"=-=-=-=-=-=-=-=-=\"}',Text4:'{\"clickEvent\":{\"action\":\"run_command\",\"value\":\"/particle enchantmenttable ~ ~1 ~ 0.1 0.1 0.1 1 90\"},\"text\":\"\"}'}"}}; Not a json array: {"block":{"tag":"minecraft:signs","nbt":"{Text2:'{\"underlined\":true,\"color\":\"dark_aqua\",\"clickEvent\":{\"action\":\"run_command\",\"value\":\"/tellraw @p [{\\\\\"text\\\\\":\\\\\" ï¿½å‚«ï¿½ÈŽï¿½ï¿½vï¿½ï¿½ï¿½Bï¿½ÚŠoï¿½Ü‚ï¿½ï¿½ï¿½ï¿½Zï¿½bï¿½gï¿½ï¿½ï¿½ï¿½Ä‚ï¿½ï¿½ï¿½B\\\\n \\\\\",\\\\\"color\\\\\":\\\\\"dark_aqua\\\\\"},{\\\\\"text\\\\\":\\\\\"ï¿½ï¿½ï¿½ÓFï¿½ï¿½Õ‚Ì˜gï¿½ï¿½ï¿½ÉÝ’uï¿½ï¿½ï¿½ê‚½ï¿½uï¿½ï¿½ï¿½bï¿½Nï¿½Íï¿½ï¿½ï¿½ï¿½éŽ–ï¿½ï¿½ï¿½ï¿½ï¿½ï¿½Ü‚ï¿½ï¿½B\\\\\",\\\\\"color\\\\\":\\\\\"yellow\\\\\",\\\\\"underlined\\\\\":true}]\"},\"text\":\"     =-ï¿½ï¿½ï¿½vï¿½ï¿½-=      \"}'}"}}; Not a json array: {"block":{"tag":"minecraft:signs","nbt":"{Text2: '{\"bold\":true,\"color\":\"dark_blue\",\"text\":\"ï¿½oï¿½ï¿½ï¿½Aï¿½ï¿½ï¿½ï¿½ï¿½ï¿½\"}'}"}}; Not a json array: {"block":{"tag":"minecraft:signs","nbt":"{Text2: '{\"bold\":true,\"color\":\"black\",\"clickEvent\":{\"action\":\"run_command\",\"value\":\"/particle spell -90 15 54 0.01 1 0.01 0.05 700 force\"},\"translate\":\"=----%1$s----=\",\"with\":[{\"strikethrough\":true,\"color\":\"dark_purple\",\"text\":\"ï¿½Aï¿½ï¿½\"}]}'}"}}; Not a json array: {"dimension":"minecraft:overworld","block":{"tag":"minecraft:wall_signs","state":{"facing":"south"},"nbt":"{x:-62,y:13,z:2}"}}; Not a json array: {"dimension":"minecraft:overworld","block":{"tag":"minecraft:signs","nbt":"{x:-2735,y:90,z:-416}"}}; Not a json array: {"dimension":"minecraft:overworld","block":{"tag":"minecraft:signs","nbt":"{x:-2728,y:89,z:-398}"}}; Not a json array: {"dimension":"minecraft:overworld","block":{"tag":"minecraft:signs","nbt":"{x:-2737,y:90,z:-416}"}}; Not a json array: {"dimension":"minecraft:overworld","block":{"tag":"minecraft:signs","nbt":"{x:-2728,y:89,z:-396}"}}; Not a json array: {"dimension":"minecraft:overworld","block":{"tag":"minecraft:signs","nbt":"{x:-2726,y:89,z:-407}"}}; Not a json array: {"dimension":"minecraft:overworld","block":{"tag":"minecraft:signs","nbt":"{x:-2729,y:89,z:-408}"}}; Not a json array: {"dimension":"minecraft:overworld","block":{"tag":"minecraft:signs","nbt":"{x:-2732,y:89,z:-407}"}}; Not a json array: {"block":{"tag":"minecraft:signs","nbt":"{Text1:'{\"text\":\"\"}',Text2:'{\"bold\":true,\"color\":\"dark_aqua\",\"text\":\"ï¿½ï¿½ï¿½[ï¿½vï¿½Nï¿½ï¿½ï¿½Xï¿½^ï¿½ï¿½\"}'}"}}; Not a json array: {"dimension":"minecraft:overworld","block":{"tag":"minecraft:signs","nbt":"{x:-1905,y:115,z:-74}"}}; Not a json array: {"block":{"tag":"minecraft:signs","nbt":"{Text4: '{\"bold\":true,\"clickEvent\":{\"action\":\"run_command\",\"value\":\"/tellraw @p {\\\\\"bold\\\\\":\\\\\"true\\\\\",\\\\\"underlined\\\\\":\\\\\"true\\\\\",\\\\\"text\\\\\":\\\\\"ï¿½ï¿½ï¿½ï¿½ï¿½ï¿½xï¿½Eï¿½Nï¿½ï¿½ï¿½bï¿½Nï¿½ï¿½ï¿½Ä‚ï¿½ï¿½ï¿½ï¿½ï¿½ï¿½ï¿½\\\\\"}\"},\"text\":\"= ï¿½Eï¿½Nï¿½ï¿½ï¿½bï¿½N =\"}'}"}}; Not a json array: {"block":{"tag":"minecraft:signs","nbt":"{Text2: '{\"bold\":true,\"clickEvent\":{\"action\":\"run_command\",\"value\":\"/tellraw @p [{\\\\\"text\\\\\":\\\\\"\\\\\"},{\\\\\"text\\\\\":\\\\\"[ï¿½ï¿½ï¿½ï¿½ï¿½m]\\\\n\\\\\",\\\\\"bold\\\\\":true},{\\\\\"text\\\\\":\\\\\" ï¿½ï¿½ï¿½ï¿½ï¿½â•¨ï¿½ï¿½ï¿½Ü‚ï¿½\\\\\"},{\\\\\"text\\\\\":\\\\\"ï¿½lï¿½Xï¿½È‚ï¿½ï¿½Ì‚ï¿½ï¿½Ä‚Ñoï¿½ï¿½ï¿½ï¿½\\\\\",\\\\\"color\\\\\":\\\\\"dark_aqua\\\\\",\\\\\"bold\\\\\":true},{\\\\\"text\\\\\":\\\\\"ï¿½Uï¿½ï¿½ï¿½ï¿½xï¿½ï¿½ï¿½ï¿½ï¿½sï¿½ï¿½ï¿½Aï¿½ï¿½ï¿½Ò–ï¿½ï¿½@ï¿½ÌƒGï¿½Lï¿½Xï¿½pï¿½[ï¿½gï¿½B\\\\\"}]\"},\"text\":\"ï¿½ï¿½ï¿½ï¿½ï¿½mï¿½É‚Â‚ï¿½ï¿½ï¿½\"}'}"}}; Not a json array: {"block":{"tag":"minecraft:signs","nbt":"{Text2: '{\"bold\":true,\"clickEvent\":{\"action\":\"run_command\",\"value\":\"/tellraw @p [{\\\\\"text\\\\\":\\\\\"\\\\\"},{\\\\\"text\\\\\":\\\\\"[ï¿½ï¿½ï¿½ï¿½ï¿½ï¿½ï¿½m]\\\\n\\\\\",\\\\\"bold\\\\\":true},{\\\\\"text\\\\\":\\\\\" ï¿½ï¿½ï¿½Í‚ï¿½\\\\\"},{\\\\\"text\\\\\":\\\\\"ï¿½Uï¿½ï¿½ï¿½ï¿½ï¿½@\\\\\",\\\\\"color\\\\\":\\\\\"dark_aqua\\\\\",\\\\\"bold\\\\\":true},{\\\\\"text\\\\\":\\\\\"ï¿½ï¿½ï¿½Í‚ï¿½ï¿½ßAï¿½lï¿½Xï¿½Èï¿½ï¿½ï¿½ï¿½@ï¿½ï¿½ï¿½ï¿½ï¿½ï¿½ï¿½ï¿½ï¿½ï¿½ï¿½ï¿½ï¿½ï¿½ÌƒGï¿½Lï¿½Xï¿½pï¿½[ï¿½gï¿½B\\\\\"}]\"},\"text\":\"ï¿½ï¿½ï¿½ï¿½ï¿½ï¿½ï¿½mï¿½É‚Â‚ï¿½ï¿½ï¿½\"}'}"}}; Not a json array: {"block":{"tag":"minecraft:signs","nbt":"{Text2: '{\"bold\":true,\"clickEvent\":{\"action\":\"run_command\",\"value\":\"/tellraw @p [{\\\\\"text\\\\\":\\\\\"\\\\\"},{\\\\\"text\\\\\":\\\\\"[ï¿½ï¿½ï¿½ï¿½ï¿½ï¿½ï¿½m]\\\\n\\\\\",\\\\\"bold\\\\\":true},{\\\\\"text\\\\\":\\\\\" ï¿½Uï¿½ï¿½ï¿½Í•sï¿½ï¿½ï¿½Ó‚ï¿½ï¿½ï¿½ï¿½Aï¿½ï¿½ï¿½Ü‚ï¿½ï¿½Ü‚ï¿½\\\\\"},{\\\\\"text\\\\\":\\\\\"ï¿½ñ•œƒXï¿½Lï¿½ï¿½ï¿½ï¿½ï¿½ï¿½ï¿½ï¿½\\\\\",\\\\\"color\\\\\":\\\\\"dark_aqua\\\\\",\\\\\"bold\\\\\":true},{\\\\\"text\\\\\":\\\\\"ï¿½pï¿½[ï¿½eï¿½Bï¿½ÌŽxï¿½ï¿½ï¿½ï¿½B\\\\\"}]\"},\"text\":\"ï¿½ï¿½ï¿½ï¿½ï¿½ï¿½ï¿½mï¿½É‚Â‚ï¿½ï¿½ï¿½\"}'}"}}; Not a json array: {"block":{"tag":"minecraft:signs","nbt":"{Text2: '{\"bold\":true,\"clickEvent\":{\"action\":\"run_command\",\"value\":\"/tellraw @p [{\\\\\"text\\\\\":\\\\\"\\\\\"},{\\\\\"text\\\\\":\\\\\"[ï¿½ï¿½l]\\\\n\\\\\",\\\\\"bold\\\\\":true},{\\\\\"text\\\\\":\\\\\" ï¿½|ï¿½ï¿½pï¿½ï¿½ï¿½ï¿½ï¿½ï¿½ï¿½ï¿½ï¿½ï¿½ï¿½Uï¿½ï¿½ï¿½ï¿½\\\\\"},{\\\\\"text\\\\\":\\\\\"ï¿½Gï¿½Ì”\ï¿½Í‚ï¿½ï¿½ï¿½ï¿½ï¿½ï¿½ï¿½ï¿½\\\\\",\\\\\"color\\\\\":\\\\\"dark_aqua\\\\\",\\\\\"bold\\\\\":true},{\\\\\"text\\\\\":\\\\\"ï¿½È‚ÇAï¿½Aï¿½Eï¿½gï¿½ï¿½ï¿½ï¿½ï¿½Wï¿½ï¿½@ï¿½ð“¾ˆÓ‚Æ‚ï¿½ï¿½ï¿½nï¿½ï¿½ï¿½^ï¿½[ï¿½B\\\\\"}]\"},\"text\":\"ï¿½ï¿½lï¿½É‚Â‚ï¿½ï¿½ï¿½\"}'}"}}; Not a json array: {"block":{"tag":"minecraft:signs","nbt":"{Text2: '{\"bold\":true,\"clickEvent\":{\"action\":\"run_command\",\"value\":\"/tellraw @p [{\\\\\"text\\\\\":\\\\\"\\\\\"},{\\\\\"text\\\\\":\\\\\"[ï¿½Eï¿½ï¿½]\\\\n\\\\\",\\\\\"bold\\\\\":true},{\\\\\"text\\\\\":\\\\\" ï¿½ï¿½lï¿½Ì‚Rï¿½{ï¿½Ì‹rï¿½Í‚Æ‘ï¿½ï¿½lï¿½È¼ï¿½Â‚Åˆï¿½ï¿½Â‹ï¿½ï¿½É‚ï¿½ï¿½ï¿½ï¿½Ý‚É“Kï¿½ï¿½ï¿½A\\\\\"},{\\\\\"text\\\\\":\\\\\"ï¿½ï¿½ï¿½ï¿½ï¿½Uï¿½ï¿½ï¿½ï¿½\\\\\",\\\\\"color\\\\\":\\\\\"dark_aqua\\\\\",\\\\\"bold\\\\\":true},{\\\\\"text\\\\\":\\\\\"ï¿½Å“Gï¿½ï¿½ï¿½dï¿½ï¿½ï¿½ß‚ï¿½ÃŽEï¿½ÒB\\\\\"}]\"},\"text\":\"ï¿½Eï¿½Ò‚É‚Â‚ï¿½ï¿½ï¿½\"}'}"}}; Not a json array: {"block":{"tag":"minecraft:signs","nbt":"{Text2: '{\"bold\":true,\"clickEvent\":{\"action\":\"run_command\",\"value\":\"/tellraw @p [{\\\\\"text\\\\\":\\\\\"\\\\\"},{\\\\\"text\\\\\":\\\\\"[ï¿½ï¿½ï¿½m]\\\\n\\\\\",\\\\\"bold\\\\\":true},{\\\\\"text\\\\\":\\\\\" ï¿½ï¿½ï¿½Ìˆï¿½ï¿½ï¿½ï¿½É—Dï¿½ï¿½\\\\\"},{\\\\\"text\\\\\":\\\\\"ï¿½ï¿½ï¿½ï¿½ï¿½hï¿½ä«ï¿½\ï¿½ï¿½ï¿½Ö‚ï¿½\\\\\",\\\\\"color\\\\\":\\\\\"dark_aqua\\\\\",\\\\\"bold\\\\\":true},{\\\\\"text\\\\\":\\\\\"ï¿½Aï¿½ßÚí“¬ï¿½ÌƒGï¿½Lï¿½Xï¿½pï¿½[ï¿½gï¿½B\\\\\"}]\"},\"text\":\"ï¿½ï¿½ï¿½mï¿½É‚Â‚ï¿½ï¿½ï¿½\"}'}"}}; Not a json array: {"block":{"tag":"minecraft:signs","nbt":"{Text2: '{\"bold\":true,\"clickEvent\":{\"action\":\"run_command\",\"value\":\"/tellraw @p [{\\\\\"text\\\\\":\\\\\"\\\\\"},{\\\\\"text\\\\\":\\\\\"[ï¿½Wï¿½ï¿½ï¿½uï¿½ÌAï¿½ï¿½ï¿½ï¿½]\\\\n\\\\\",\\\\\"bold\\\\\":true},{\\\\\"text\\\\\":\\\\\" ï¿½Wï¿½ï¿½ï¿½uï¿½ï¿½\\\\\"},{\\\\\"text\\\\\":\\\\\" ï¿½ï¿½ï¿½mï¿½Aï¿½Eï¿½ÒAï¿½ï¿½lï¿½Aï¿½ï¿½ï¿½ï¿½ï¿½ï¿½ï¿½mï¿½Aï¿½ï¿½ï¿½ï¿½ï¿½ï¿½ï¿½mï¿½Aï¿½ï¿½ï¿½ï¿½ï¿½m \\\\\",\\\\\"color\\\\\":\\\\\"yellow\\\\\",\\\\\"bold\\\\\":true},{\\\\\"text\\\\\":\\\\\"ï¿½Ì‚Uï¿½ï¿½Þ‚ï¿½ï¿½ï¿½Ü‚ï¿½ï¿½B\\\\nï¿½Ú‚Ì‘Oï¿½Ì‘ï¿½ï¿½lï¿½ï¿½ï¿½ç‚»ï¿½ê‚¼ï¿½ï¿½Ì‹ï¿½ï¿½ÂØ‚ï¿½ï¿½ó‚¯Žï¿½ï¿½ÆAï¿½ï¿½ï¿½ÌƒWï¿½ï¿½ï¿½uï¿½É‚È‚ï¿½Ü‚ï¿½ï¿½B\\\\nï¿½Dï¿½ï¿½ï¿½ÈƒWï¿½ï¿½ï¿½uï¿½É‚È‚ë‚¤ï¿½I\\\\\"}]\"},\"text\":\"ï¿½Wï¿½ï¿½ï¿½uï¿½ÌAï¿½ï¿½ï¿½ï¿½\"}'}"}}; Not a json array: {"block":{"tag":"minecraft:signs","nbt":"{Text2: '{\"bold\":true,\"color\":\"dark_green\",\"text\":\"ï¿½ï¿½ï¿½ï¿½É–ß‚éª\"}'}"}}; Not a json array: {"block":{"tag":"minecraft:signs","nbt":"{Text2: '{\"bold\":true,\"color\":\"dark_green\",\"text\":\"ï¿½ï¿½ï¿½Cï¿½Nï¿½Xï¿½lï¿½[ï¿½N\"}'}"}}; Not a json array: {"block":{"tag":"minecraft:signs","nbt":"{Text2: '{\"bold\":true,\"color\":\"dark_aqua\",\"text\":\"ï¿½Xï¿½sï¿½[ï¿½hï¿½ï¿½ï¿½ï¿½\"}'}"}}; Not a json array: {"block":{"tag":"minecraft:signs","nbt":"{Text2: '{\"bold\":true,\"color\":\"dark_red\",\"text\":\"ï¿½wï¿½ï¿½ï¿½Nï¿½ï¿½ï¿½Cï¿½ï¿½\"}'}"}}; Not a json array: {"block":{"tag":"minecraft:signs","nbt":"{Text4: '{\"bold\":true,\"color\":\"gold\",\"text\":\"ï¿½Íƒï¿½ï¿½Zï¿½bï¿½gï¿½ï¿½ï¿½ï¿½Ü‚ï¿½\"}', Text3: '{\"bold\":true,\"color\":\"gold\",\"text\":\"ï¿½ï¿½Û¸Þ²ï¿½ï¿½ï¿½Ú²Ô°ï¿½ï¿½MPï¿½ï¿½\"}'}"}}; Not a json array: {"block":{"tag":"minecraft:signs","nbt":"{Text3: '{\"bold\":true,\"color\":\"dark_aqua\",\"text\":\"-ï¿½Tï¿½tï¿½@ï¿½Cï¿½A-\"}', Text2: '{\"bold\":true,\"color\":\"yellow\",\"text\":\"ï¿½Tï¿½|ï¿½[ï¿½gï¿½Aï¿½Nï¿½Vï¿½ï¿½ï¿½ï¿½\"}'}"}}; Not a json array: {"block":{"tag":"minecraft:signs","nbt":"{Text3: '{\"bold\":true,\"color\":\"red\",\"text\":\"-ï¿½ï¿½ï¿½rï¿½[-\"}', Text2: '{\"bold\":true,\"color\":\"yellow\",\"text\":\"ï¿½Tï¿½|ï¿½[ï¿½gï¿½Aï¿½Nï¿½Vï¿½ï¿½ï¿½ï¿½\"}'}"}}; Not a json array: {"block":{"tag":"minecraft:signs","nbt":"{Text3: '{\"bold\":true,\"color\":\"aqua\",\"text\":\"-ï¿½Tï¿½tï¿½@ï¿½Cï¿½A-\"}', Text2: '{\"bold\":true,\"color\":\"white\",\"text\":\"ï¿½ï¿½ï¿½[ï¿½hï¿½`ï¿½Fï¿½ï¿½ï¿½W\"}'}"}}; Not a json array: {"block":{"tag":"minecraft:signs","nbt":"{Text3: '{\"bold\":true,\"color\":\"light_purple\",\"text\":\"-ï¿½ï¿½ï¿½rï¿½[-\"}', Text2: '{\"bold\":true,\"color\":\"white\",\"text\":\"ï¿½ï¿½ï¿½[ï¿½hï¿½`ï¿½Fï¿½ï¿½ï¿½W\"}'}"}} missed input: {"mode_change_ruby":{"trigger":"minecraft:item_used_on_block","conditions":{"player":[{"condition":"reference","name":"tusb_remake:is_interactable"}],"location":{"block":{"tag":"minecraft:signs","nbt":"{Text3: '{\"bold\":true,\"color\":\"light_purple\",\"text\":\"-ï¿½ï¿½ï¿½rï¿½[-\"}', Text2: '{\"bold\":true,\"color\":\"white\",\"text\":\"ï¿½ï¿½ï¿½[ï¿½hï¿½`ï¿½Fï¿½ï¿½ï¿½W\"}'}"}}}},"mode_change_sapphire":{"trigger":"minecraft:item_used_on_block","conditions":{"player":[{"condition":"reference","name":"tusb_remake:is_interactable"}],"location":{"block":{"tag":"minecraft:signs","nbt":"{Text3: '{\"bold\":true,\"color\":\"aqua\",\"text\":\"-ï¿½Tï¿½tï¿½@ï¿½Cï¿½A-\"}', Text2: '{\"bold\":true,\"color\":\"white\",\"text\":\"ï¿½ï¿½ï¿½[ï¿½hï¿½`ï¿½Fï¿½ï¿½ï¿½W\"}'}"}}}},"instant_change_ruby":{"trigger":"minecraft:item_used_on_block","conditions":{"player":[{"condition":"reference","name":"tusb_remake:is_interactable"}],"location":{"block":{"tag":"minecraft:signs","nbt":"{Text3: '{\"bold\":true,\"color\":\"red\",\"text\":\"-ï¿½ï¿½ï¿½rï¿½[-\"}', Text2: '{\"bold\":true,\"color\":\"yellow\",\"text\":\"ï¿½Tï¿½|ï¿½[ï¿½gï¿½Aï¿½Nï¿½Vï¿½ï¿½ï¿½ï¿½\"}'}"}}}},"instant_change_sapphire":{"trigger":"minecraft:item_used_on_block","conditions":{"player":[{"condition":"reference","name":"tusb_remake:is_interactable"}],"location":{"block":{"tag":"minecraft:signs","nbt":"{Text3: '{\"bold\":true,\"color\":\"dark_aqua\",\"text\":\"-ï¿½Tï¿½tï¿½@ï¿½Cï¿½A-\"}', Text2: '{\"bold\":true,\"color\":\"yellow\",\"text\":\"ï¿½Tï¿½|ï¿½[ï¿½gï¿½Aï¿½Nï¿½Vï¿½ï¿½ï¿½ï¿½\"}'}"}}}},"reset_mp":{"trigger":"minecraft:item_used_on_block","conditions":{"player":[{"condition":"reference","name":"tusb_remake:is_interactable"}],"location":{"block":{"tag":"minecraft:signs","nbt":"{Text4: '{\"bold\":true,\"color\":\"gold\",\"text\":\"ï¿½Íƒï¿½ï¿½Zï¿½bï¿½gï¿½ï¿½ï¿½ï¿½Ü‚ï¿½\"}', Text3: '{\"bold\":true,\"color\":\"gold\",\"text\":\"ï¿½ï¿½Û¸Þ²ï¿½ï¿½ï¿½Ú²Ô°ï¿½ï¿½MPï¿½ï¿½\"}'}"}}}},"hell_climb":{"trigger":"minecraft:item_used_on_block","conditions":{"player":[{"condition":"reference","name":"tusb_remake:is_interactable"}],"location":{"block":{"tag":"minecraft:signs","nbt":"{Text2: '{\"bold\":true,\"color\":\"dark_red\",\"text\":\"ï¿½wï¿½ï¿½ï¿½Nï¿½ï¿½ï¿½Cï¿½ï¿½\"}'}"}}}},"speed_run":{"trigger":"minecraft:item_used_on_block","conditions":{"player":[{"condition":"reference","name":"tusb_remake:is_interactable"}],"location":{"block":{"tag":"minecraft:signs","nbt":"{Text2: '{\"bold\":true,\"color\":\"dark_aqua\",\"text\":\"ï¿½Xï¿½sï¿½[ï¿½hï¿½ï¿½ï¿½ï¿½\"}'}"}}}},"like_snake":{"trigger":"minecraft:item_used_on_block","conditions":{"player":[{"condition":"reference","name":"tusb_remake:is_interactable"}],"location":{"block":{"tag":"minecraft:signs","nbt":"{Text2: '{\"bold\":true,\"color\":\"dark_green\",\"text\":\"ï¿½ï¿½ï¿½Cï¿½Nï¿½Xï¿½lï¿½[ï¿½N\"}'}"}}}},"like_snake_up":{"trigger":"minecraft:item_used_on_block","conditions":{"player":[{"condition":"reference","name":"tusb_remake:is_interactable"}],"location":{"block":{"tag":"minecraft:signs","nbt":"{Text2: '{\"bold\":true,\"color\":\"dark_green\",\"text\":\"ï¿½ï¿½ï¿½ï¿½É–ß‚éª\"}'}"}}}},"hello_work_how_to":{"trigger":"minecraft:item_used_on_block","conditions":{"player":[{"condition":"reference","name":"tusb_remake:is_interactable"}],"location":{"block":{"tag":"minecraft:signs","nbt":"{Text2: '{\"bold\":true,\"clickEvent\":{\"action\":\"run_command\",\"value\":\"/tellraw @p [{\\\\\"text\\\\\":\\\\\"\\\\\"},{\\\\\"text\\\\\":\\\\\"[ï¿½Wï¿½ï¿½ï¿½uï¿½ÌAï¿½ï¿½ï¿½ï¿½]\\\\n\\\\\",\\\\\"bold\\\\\":true},{\\\\\"text\\\\\":\\\\\" ï¿½Wï¿½ï¿½ï¿½uï¿½ï¿½\\\\\"},{\\\\\"text\\\\\":\\\\\" ï¿½ï¿½ï¿½mï¿½Aï¿½Eï¿½ÒAï¿½ï¿½lï¿½Aï¿½ï¿½ï¿½ï¿½ï¿½ï¿½ï¿½mï¿½Aï¿½ï¿½ï¿½ï¿½ï¿½ï¿½ï¿½mï¿½Aï¿½ï¿½ï¿½ï¿½ï¿½m \\\\\",\\\\\"color\\\\\":\\\\\"yellow\\\\\",\\\\\"bold\\\\\":true},{\\\\\"text\\\\\":\\\\\"ï¿½Ì‚Uï¿½ï¿½Þ‚ï¿½ï¿½ï¿½Ü‚ï¿½ï¿½B\\\\nï¿½Ú‚Ì‘Oï¿½Ì‘ï¿½ï¿½lï¿½ï¿½ï¿½ç‚»ï¿½ê‚¼ï¿½ï¿½Ì‹ï¿½ï¿½ÂØ‚ï¿½ï¿½ó‚¯Žï¿½ï¿½ÆAï¿½ï¿½ï¿½ÌƒWï¿½ï¿½ï¿½uï¿½É‚È‚ï¿½Ü‚ï¿½ï¿½B\\\\nï¿½Dï¿½ï¿½ï¿½ÈƒWï¿½ï¿½ï¿½uï¿½É‚È‚ë‚¤ï¿½I\\\\\"}]\"},\"text\":\"ï¿½Wï¿½ï¿½ï¿½uï¿½ÌAï¿½ï¿½ï¿½ï¿½\"}'}"}}}},"hello_work_knight":{"trigger":"minecraft:item_used_on_block","conditions":{"player":[{"condition":"reference","name":"tusb_remake:is_interactable"}],"location":{"block":{"tag":"minecraft:signs","nbt":"{Text2: '{\"bold\":true,\"clickEvent\":{\"action\":\"run_command\",\"value\":\"/tellraw @p [{\\\\\"text\\\\\":\\\\\"\\\\\"},{\\\\\"text\\\\\":\\\\\"[ï¿½ï¿½ï¿½m]\\\\n\\\\\",\\\\\"bold\\\\\":true},{\\\\\"text\\\\\":\\\\\" ï¿½ï¿½ï¿½Ìˆï¿½ï¿½ï¿½ï¿½É—Dï¿½ï¿½\\\\\"},{\\\\\"text\\\\\":\\\\\"ï¿½ï¿½ï¿½ï¿½ï¿½hï¿½ä«ï¿½\ï¿½ï¿½ï¿½Ö‚ï¿½\\\\\",\\\\\"color\\\\\":\\\\\"dark_aqua\\\\\",\\\\\"bold\\\\\":true},{\\\\\"text\\\\\":\\\\\"ï¿½Aï¿½ßÚí“¬ï¿½ÌƒGï¿½Lï¿½Xï¿½pï¿½[ï¿½gï¿½B\\\\\"}]\"},\"text\":\"ï¿½ï¿½ï¿½mï¿½É‚Â‚ï¿½ï¿½ï¿½\"}'}"}}}},"hello_work_ninja":{"trigger":"minecraft:item_used_on_block","conditions":{"player":[{"condition":"reference","name":"tusb_remake:is_interactable"}],"location":{"block":{"tag":"minecraft:signs","nbt":"{Text2: '{\"bold\":true,\"clickEvent\":{\"action\":\"run_command\",\"value\":\"/tellraw @p [{\\\\\"text\\\\\":\\\\\"\\\\\"},{\\\\\"text\\\\\":\\\\\"[ï¿½Eï¿½ï¿½]\\\\n\\\\\",\\\\\"bold\\\\\":true},{\\\\\"text\\\\\":\\\\\" ï¿½ï¿½lï¿½Ì‚Rï¿½{ï¿½Ì‹rï¿½Í‚Æ‘ï¿½ï¿½lï¿½È¼ï¿½Â‚Åˆï¿½ï¿½Â‹ï¿½ï¿½É‚ï¿½ï¿½ï¿½ï¿½Ý‚É“Kï¿½ï¿½ï¿½A\\\\\"},{\\\\\"text\\\\\":\\\\\"ï¿½ï¿½ï¿½ï¿½ï¿½Uï¿½ï¿½ï¿½ï¿½\\\\\",\\\\\"color\\\\\":\\\\\"dark_aqua\\\\\",\\\\\"bold\\\\\":true},{\\\\\"text\\\\\":\\\\\"ï¿½Å“Gï¿½ï¿½ï¿½dï¿½ï¿½ï¿½ß‚ï¿½ÃŽEï¿½ÒB\\\\\"}]\"},\"text\":\"ï¿½Eï¿½Ò‚É‚Â‚ï¿½ï¿½ï¿½\"}'}"}}}},"hello_work_archer":{"trigger":"minecraft:item_used_on_block","conditions":{"player":[{"condition":"reference","name":"tusb_remake:is_interactable"}],"location":{"block":{"tag":"minecraft:signs","nbt":"{Text2: '{\"bold\":true,\"clickEvent\":{\"action\":\"run_command\",\"value\":\"/tellraw @p [{\\\\\"text\\\\\":\\\\\"\\\\\"},{\\\\\"text\\\\\":\\\\\"[ï¿½ï¿½l]\\\\n\\\\\",\\\\\"bold\\\\\":true},{\\\\\"text\\\\\":\\\\\" ï¿½|ï¿½ï¿½pï¿½ï¿½ï¿½ï¿½ï¿½ï¿½ï¿½ï¿½ï¿½ï¿½ï¿½Uï¿½ï¿½ï¿½ï¿½\\\\\"},{\\\\\"text\\\\\":\\\\\"ï¿½Gï¿½Ì”\ï¿½Í‚ï¿½ï¿½ï¿½ï¿½ï¿½ï¿½ï¿½ï¿½\\\\\",\\\\\"color\\\\\":\\\\\"dark_aqua\\\\\",\\\\\"bold\\\\\":true},{\\\\\"text\\\\\":\\\\\"ï¿½È‚ÇAï¿½Aï¿½Eï¿½gï¿½ï¿½ï¿½ï¿½ï¿½Wï¿½ï¿½@ï¿½ð“¾ˆÓ‚Æ‚ï¿½ï¿½ï¿½nï¿½ï¿½ï¿½^ï¿½[ï¿½B\\\\\"}]\"},\"text\":\"ï¿½ï¿½lï¿½É‚Â‚ï¿½ï¿½ï¿½\"}'}"}}}},"hello_work_white_mage":{"trigger":"minecraft:item_used_on_block","conditions":{"player":[{"condition":"reference","name":"tusb_remake:is_interactable"}],"location":{"block":{"tag":"minecraft:signs","nbt":"{Text2: '{\"bold\":true,\"clickEvent\":{\"action\":\"run_command\",\"value\":\"/tellraw @p [{\\\\\"text\\\\\":\\\\\"\\\\\"},{\\\\\"text\\\\\":\\\\\"[ï¿½ï¿½ï¿½ï¿½ï¿½ï¿½ï¿½m]\\\\n\\\\\",\\\\\"bold\\\\\":true},{\\\\\"text\\\\\":\\\\\" ï¿½Uï¿½ï¿½ï¿½Í•sï¿½ï¿½ï¿½Ó‚ï¿½ï¿½ï¿½ï¿½Aï¿½ï¿½ï¿½Ü‚ï¿½ï¿½Ü‚ï¿½\\\\\"},{\\\\\"text\\\\\":\\\\\"ï¿½ñ•œƒXï¿½Lï¿½ï¿½ï¿½ï¿½ï¿½ï¿½ï¿½ï¿½\\\\\",\\\\\"color\\\\\":\\\\\"dark_aqua\\\\\",\\\\\"bold\\\\\":true},{\\\\\"text\\\\\":\\\\\"ï¿½pï¿½[ï¿½eï¿½Bï¿½ÌŽxï¿½ï¿½ï¿½ï¿½B\\\\\"}]\"},\"text\":\"ï¿½ï¿½ï¿½ï¿½ï¿½ï¿½ï¿½mï¿½É‚Â‚ï¿½ï¿½ï¿½\"}'}"}}}},"hello_work_black_mage":{"trigger":"minecraft:item_used_on_block","conditions":{"player":[{"condition":"reference","name":"tusb_remake:is_interactable"}],"location":{"block":{"tag":"minecraft:signs","nbt":"{Text2: '{\"bold\":true,\"clickEvent\":{\"action\":\"run_command\",\"value\":\"/tellraw @p [{\\\\\"text\\\\\":\\\\\"\\\\\"},{\\\\\"text\\\\\":\\\\\"[ï¿½ï¿½ï¿½ï¿½ï¿½ï¿½ï¿½m]\\\\n\\\\\",\\\\\"bold\\\\\":true},{\\\\\"text\\\\\":\\\\\" ï¿½ï¿½ï¿½Í‚ï¿½\\\\\"},{\\\\\"text\\\\\":\\\\\"ï¿½Uï¿½ï¿½ï¿½ï¿½ï¿½@\\\\\",\\\\\"color\\\\\":\\\\\"dark_aqua\\\\\",\\\\\"bold\\\\\":true},{\\\\\"text\\\\\":\\\\\"ï¿½ï¿½ï¿½Í‚ï¿½ï¿½ßAï¿½lï¿½Xï¿½Èï¿½ï¿½ï¿½ï¿½@ï¿½ï¿½ï¿½ï¿½ï¿½ï¿½ï¿½ï¿½ï¿½ï¿½ï¿½ï¿½ï¿½ï¿½ÌƒGï¿½Lï¿½Xï¿½pï¿½[ï¿½gï¿½B\\\\\"}]\"},\"text\":\"ï¿½ï¿½ï¿½ï¿½ï¿½ï¿½ï¿½mï¿½É‚Â‚ï¿½ï¿½ï¿½\"}'}"}}}},"hello_work_summoner":{"trigger":"minecraft:item_used_on_block","conditions":{"player":[{"condition":"reference","name":"tusb_remake:is_interactable"}],"location":{"block":{"tag":"minecraft:signs","nbt":"{Text2: '{\"bold\":true,\"clickEvent\":{\"action\":\"run_command\",\"value\":\"/tellraw @p [{\\\\\"text\\\\\":\\\\\"\\\\\"},{\\\\\"text\\\\\":\\\\\"[ï¿½ï¿½ï¿½ï¿½ï¿½m]\\\\n\\\\\",\\\\\"bold\\\\\":true},{\\\\\"text\\\\\":\\\\\" ï¿½ï¿½ï¿½ï¿½ï¿½â•¨ï¿½ï¿½ï¿½Ü‚ï¿½\\\\\"},{\\\\\"text\\\\\":\\\\\"ï¿½lï¿½Xï¿½È‚ï¿½ï¿½Ì‚ï¿½ï¿½Ä‚Ñoï¿½ï¿½ï¿½ï¿½\\\\\",\\\\\"color\\\\\":\\\\\"dark_aqua\\\\\",\\\\\"bold\\\\\":true},{\\\\\"text\\\\\":\\\\\"ï¿½Uï¿½ï¿½ï¿½ï¿½xï¿½ï¿½ï¿½ï¿½ï¿½sï¿½ï¿½ï¿½Aï¿½ï¿½ï¿½Ò–ï¿½ï¿½@ï¿½ÌƒGï¿½Lï¿½Xï¿½pï¿½[ï¿½gï¿½B\\\\\"}]\"},\"text\":\"ï¿½ï¿½ï¿½ï¿½ï¿½mï¿½É‚Â‚ï¿½ï¿½ï¿½\"}'}"}}}},"cannon_ready":{"trigger":"minecraft:item_used_on_block","conditions":{"player":[{"condition":"reference","name":"tusb_remake:is_interactable"}],"location":{"block":{"tag":"minecraft:signs","nbt":"{Text4: '{\"bold\":true,\"clickEvent\":{\"action\":\"run_command\",\"value\":\"/tellraw @p {\\\\\"bold\\\\\":\\\\\"true\\\\\",\\\\\"underlined\\\\\":\\\\\"true\\\\\",\\\\\"text\\\\\":\\\\\"ï¿½ï¿½ï¿½ï¿½ï¿½ï¿½xï¿½Eï¿½Nï¿½ï¿½ï¿½bï¿½Nï¿½ï¿½ï¿½Ä‚ï¿½ï¿½ï¿½ï¿½ï¿½ï¿½ï¿½\\\\\"}\"},\"text\":\"= ï¿½Eï¿½Nï¿½ï¿½ï¿½bï¿½N =\"}'}"}}}},"tutorial_4":{"trigger":"minecraft:item_used_on_block","conditions":{"player":[{"condition":"reference","name":"tusb_remake:is_interactable"}],"location":{"dimension":"minecraft:overworld","block":{"tag":"minecraft:signs","nbt":"{x:-1905,y:115,z:-74}"}}}},"old_warp_crystal":{"trigger":"minecraft:item_used_on_block","conditions":{"player":[{"condition":"reference","name":"tusb_remake:is_interactable"}],"location":{"block":{"tag":"minecraft:signs","nbt":"{Text1:'{\"text\":\"\"}',Text2:'{\"bold\":true,\"color\":\"dark_aqua\",\"text\":\"ï¿½ï¿½ï¿½[ï¿½vï¿½Nï¿½ï¿½ï¿½Xï¿½^ï¿½ï¿½\"}'}"}}}},"sand_bag_zombie":{"trigger":"minecraft:item_used_on_block","conditions":{"player":[{"condition":"reference","name":"tusb_remake:is_interactable"}],"location":{"dimension":"minecraft:overworld","block":{"tag":"minecraft:signs","nbt":"{x:-2732,y:89,z:-407}"}}}},"sand_bag_creeper":{"trigger":"minecraft:item_used_on_block","conditions":{"player":[{"condition":"reference","name":"tusb_remake:is_interactable"}],"location":{"dimension":"minecraft:overworld","block":{"tag":"minecraft:signs","nbt":"{x:-2729,y:89,z:-408}"}}}},"sand_bag_skeleton":{"trigger":"minecraft:item_used_on_block","conditions":{"player":[{"condition":"reference","name":"tusb_remake:is_interactable"}],"location":{"dimension":"minecraft:overworld","block":{"tag":"minecraft:signs","nbt":"{x:-2726,y:89,z:-407}"}}}},"sand_bag_enter":{"trigger":"minecraft:item_used_on_block","conditions":{"player":[{"condition":"reference","name":"tusb_remake:is_interactable"}],"location":{"dimension":"minecraft:overworld","block":{"tag":"minecraft:signs","nbt":"{x:-2728,y:89,z:-396}"}}}},"sand_bag_enter2":{"trigger":"minecraft:item_used_on_block","conditions":{"player":[{"condition":"reference","name":"tusb_remake:is_interactable"}],"location":{"dimension":"minecraft:overworld","block":{"tag":"minecraft:signs","nbt":"{x:-2737,y:90,z:-416}"}}}},"sand_bag_exit":{"trigger":"minecraft:item_used_on_block","conditions":{"player":[{"condition":"reference","name":"tusb_remake:is_interactable"}],"location":{"dimension":"minecraft:overworld","block":{"tag":"minecraft:signs","nbt":"{x:-2728,y:89,z:-398}"}}}},"sand_bag_exit2":{"trigger":"minecraft:item_used_on_block","conditions":{"player":[{"condition":"reference","name":"tusb_remake:is_interactable"}],"location":{"dimension":"minecraft:overworld","block":{"tag":"minecraft:signs","nbt":"{x:-2735,y:90,z:-416}"}}}},"augur_fortune":{"trigger":"minecraft:item_used_on_block","conditions":{"player":[{"condition":"reference","name":"tusb_remake:is_interactable"}],"location":{"dimension":"minecraft:overworld","block":{"tag":"minecraft:wall_signs","state":{"facing":"south"},"nbt":"{x:-62,y:13,z:2}"}}}},"return_from_table":{"trigger":"minecraft:item_used_on_block","conditions":{"player":[{"condition":"reference","name":"tusb_remake:is_interactable"}],"location":{"block":{"tag":"minecraft:signs","nbt":"{Text2: '{\"bold\":true,\"color\":\"black\",\"clickEvent\":{\"action\":\"run_command\",\"value\":\"/particle spell -90 15 54 0.01 1 0.01 0.05 700 force\"},\"translate\":\"=----%1$s----=\",\"with\":[{\"strikethrough\":true,\"color\":\"dark_purple\",\"text\":\"ï¿½Aï¿½ï¿½\"}]}'}"}}}},"unseal_table":{"trigger":"minecraft:item_used_on_block","conditions":{"player":[{"condition":"reference","name":"tusb_remake:is_interactable"}],"location":{"block":{"tag":"minecraft:signs","nbt":"{Text2: '{\"bold\":true,\"color\":\"dark_blue\",\"text\":\"ï¿½oï¿½ï¿½ï¿½Aï¿½ï¿½ï¿½ï¿½ï¿½ï¿½\"}'}"}}}},"clock_notice":{"trigger":"minecraft:item_used_on_block","conditions":{"player":[{"condition":"reference","name":"tusb_remake:is_interactable"}],"location":{"block":{"tag":"minecraft:signs","nbt":"{Text2:'{\"underlined\":true,\"color\":\"dark_aqua\",\"clickEvent\":{\"action\":\"run_command\",\"value\":\"/tellraw @p [{\\\\\"text\\\\\":\\\\\" ï¿½å‚«ï¿½ÈŽï¿½ï¿½vï¿½ï¿½ï¿½Bï¿½ÚŠoï¿½Ü‚ï¿½ï¿½ï¿½ï¿½Zï¿½bï¿½gï¿½ï¿½ï¿½ï¿½Ä‚ï¿½ï¿½ï¿½B\\\\n \\\\\",\\\\\"color\\\\\":\\\\\"dark_aqua\\\\\"},{\\\\\"text\\\\\":\\\\\"ï¿½ï¿½ï¿½ÓFï¿½ï¿½Õ‚Ì˜gï¿½ï¿½ï¿½ÉÝ’uï¿½ï¿½ï¿½ê‚½ï¿½uï¿½ï¿½ï¿½bï¿½Nï¿½Íï¿½ï¿½ï¿½ï¿½éŽ–ï¿½ï¿½ï¿½ï¿½ï¿½ï¿½Ü‚ï¿½ï¿½B\\\\\",\\\\\"color\\\\\":\\\\\"yellow\\\\\",\\\\\"underlined\\\\\":true}]\"},\"text\":\"     =-ï¿½ï¿½ï¿½vï¿½ï¿½-=      \"}'}"}}}},"extra_hint":{"trigger":"minecraft:item_used_on_block","conditions":{"player":[{"condition":"reference","name":"tusb_remake:is_interactable"}],"location":{"block":{"tag":"minecraft:signs","nbt":"{Text3:'{\"bold\":true,\"color\":\"black\",\"clickEvent\":{\"action\":\"run_command\",\"value\":\"/playsound entity.experience_orb.pickup master @a[r=16] ~ ~ ~ 1 0.5 0\"},\"text\":\"=-=-=-=-=-=-=-=-=\"}',Text4:'{\"clickEvent\":{\"action\":\"run_command\",\"value\":\"/particle enchantmenttable ~ ~1 ~ 0.1 0.1 0.1 1 90\"},\"text\":\"\"}'}"}}}},"extra_hint_tutorial":{"trigger":"minecraft:item_used_on_block","conditions":{"player":[{"condition":"reference","name":"tusb_remake:is_interactable"}],"location":{"block":{"tag":"minecraft:signs","nbt":"{Text2:'{\"bold\":true,\"color\":\"black\",\"clickEvent\":{\"action\":\"run_command\",\"value\":\"/tellraw @a[r=16] [{\\\\\"text\\\\\":\\\\\"ï¿½Å”Â‚Ì‰ï¿½ï¿½É‚ï¿½ï¿½ï¿½æ‚¤ï¿½ï¿½\\\\\",\\\\\"color\\\\\":\\\\\"white\\\\\",\\\\\"bold\\\\\":\\\\\"true\\\\\"},{\\\\\"text\\\\\":\\\\\"ï¿½ï¿½ï¿½ï¿½\\\\\",\\\\\"color\\\\\":\\\\\"dark_aqua\\\\\",\\\\\"bold\\\\\":\\\\\"true\\\\\"},{\\\\\"text\\\\\":\\\\\"ï¿½ï¿½ï¿½eï¿½nï¿½É‚ï¿½ï¿½ï¿½A  ï¿½ï¿½ï¿½ï¿½ï¿½ï¿½ï¿½ÉŽï¿½ï¿½ï¿½ï¿½ï¿½ï¿½ï¿½Ô‚È‚ï¿½ÎŒï¿½ï¿½tï¿½ï¿½ï¿½ï¿½ï¿½ï¿½ï¿½Ä‚ï¿½ï¿½Jï¿½ï¿½ï¿½ï¿½ï¿½ï¿½ï¿½Å‚ï¿½ï¿½Ü‚ï¿½ï¿½B\\\\\",\\\\\"color\\\\\":\\\\\"white\\\\\",\\\\\"bold\\\\\":\\\\\"true\\\\\"}]\"},\"text\":\"=-ï¿½ï¿½ï¿½ó” ‚ÌŠJï¿½ï¿½ï¿½ï¿½-=\"}'}"}}}},"like_snake_return":{"trigger":"minecraft:item_used_on_block","conditions":{"player":[{"condition":"reference","name":"tusb_remake:is_interactable"}],"location":{"block":{"tag":"minecraft:signs","nbt":"{Text2:'{\"bold\":true,\"color\":\"dark_aqua\",\"text\":\"ï¿½ï¿½ï¿½ï¿½É–ß‚éª\"}'}"}}}}}; Advancement criteria cannot be empty
[15:23:05] [Render thread/ERROR]: Parsing error loading custom advancement tusb_remake:player/push_button: Not a json array: {"block":{"blocks":["minecraft:stone_button","minecraft:oak_button","minecraft:birch_button","minecraft:spruce_button","minecraft:jungle_button","minecraft:acacia_button","minecraft:dark_oak_button","minecraft:crimson_button","minecraft:warped_button"]}} missed input: {"something":{"trigger":"minecraft:item_used_on_block","conditions":{"location":{"block":{"blocks":["minecraft:stone_button","minecraft:oak_button","minecraft:birch_button","minecraft:spruce_button","minecraft:jungle_button","minecraft:acacia_button","minecraft:dark_oak_button","minecraft:crimson_button","minecraft:warped_button"]}}}}}; Advancement criteria cannot be empty
[15:23:05] [Render thread/ERROR]: Parsing error loading custom advancement no_sleep:use/respawn_anchor: Not a json array: {"block":{"blocks":["minecraft:respawn_anchor"]}} missed input: {"check":{"trigger":"minecraft:item_used_on_block","conditions":{"location":{"block":{"blocks":["minecraft:respawn_anchor"]}},"player":[{"condition":"reference","name":"no_sleep:can_use_bed"}]}}}; Advancement criteria cannot be empty
[15:23:05] [Render thread/ERROR]: Parsing error loading custom advancement close_detector:open: Not a json array: {"block":{"blocks":["minecraft:black_shulker_box"]}}; Not a json array: {"block":{"blocks":["minecraft:red_shulker_box"]}}; Not a json array: {"block":{"blocks":["minecraft:green_shulker_box"]}}; Not a json array: {"block":{"blocks":["minecraft:brown_shulker_box"]}}; Not a json array: {"block":{"blocks":["minecraft:blue_shulker_box"]}}; Not a json array: {"block":{"blocks":["minecraft:purple_shulker_box"]}}; Not a json array: {"block":{"blocks":["minecraft:cyan_shulker_box"]}}; Not a json array: {"block":{"blocks":["minecraft:light_gray_shulker_box"]}}; Not a json array: {"block":{"blocks":["minecraft:gray_shulker_box"]}}; Not a json array: {"block":{"blocks":["minecraft:pink_shulker_box"]}}; Not a json array: {"block":{"blocks":["minecraft:lime_shulker_box"]}}; Not a json array: {"block":{"blocks":["minecraft:yellow_shulker_box"]}}; Not a json array: {"block":{"blocks":["minecraft:light_blue_shulker_box"]}}; Not a json array: {"block":{"blocks":["minecraft:magenta_shulker_box"]}}; Not a json array: {"block":{"blocks":["minecraft:orange_shulker_box"]}}; Not a json array: {"block":{"blocks":["minecraft:white_shulker_box"]}}; Not a json array: {"block":{"blocks":["minecraft:shulker_box"]}}; Not a json array: {"block":{"blocks":["minecraft:damaged_anvil"]}}; Not a json array: {"block":{"blocks":["minecraft:chipped_anvil"]}}; Not a json array: {"block":{"blocks":["minecraft:anvil"]}}; Not a json array: {"block":{"blocks":["minecraft:enchanting_table"]}}; Not a json array: {"block":{"blocks":["minecraft:grindstone"]}}; Not a json array: {"block":{"blocks":["minecraft:smoker"]}}; Not a json array: {"block":{"blocks":["minecraft:blast_furnace"]}}; Not a json array: {"block":{"blocks":["minecraft:furnace"]}}; Not a json array: {"block":{"blocks":["minecraft:dispenser"]}}; Not a json array: {"block":{"blocks":["minecraft:dropper"]}}; Not a json array: {"block":{"blocks":["minecraft:hopper"]}}; Not a json array: {"block":{"blocks":["minecraft:cartography_table"]}}; Not a json array: {"block":{"blocks":["minecraft:crafting_table"]}}; Not a json array: {"block":{"blocks":["minecraft:barrel"]}}; Not a json array: {"block":{"blocks":["minecraft:ender_chest"]}}; Not a json array: {"block":{"blocks":["minecraft:trapped_chest"]}}; Not a json array: {"block":{"blocks":["minecraft:chest"]}} missed input: {"chest":{"trigger":"minecraft:item_used_on_block","conditions":{"player":[{"condition":"reference","name":"close_detector:openable"}],"location":{"block":{"blocks":["minecraft:chest"]}}}},"trapped_chest":{"trigger":"minecraft:item_used_on_block","conditions":{"player":[{"condition":"reference","name":"close_detector:openable"}],"location":{"block":{"blocks":["minecraft:trapped_chest"]}}}},"ender_chest":{"trigger":"minecraft:item_used_on_block","conditions":{"player":[{"condition":"reference","name":"close_detector:openable"}],"location":{"block":{"blocks":["minecraft:ender_chest"]}}}},"barrel":{"trigger":"minecraft:item_used_on_block","conditions":{"player":[{"condition":"reference","name":"close_detector:openable"}],"location":{"block":{"blocks":["minecraft:barrel"]}}}},"crafting_table":{"trigger":"minecraft:item_used_on_block","conditions":{"player":[{"condition":"reference","name":"close_detector:openable"}],"location":{"block":{"blocks":["minecraft:crafting_table"]}}}},"cartography_table":{"trigger":"minecraft:item_used_on_block","conditions":{"player":[{"condition":"reference","name":"close_detector:openable"}],"location":{"block":{"blocks":["minecraft:cartography_table"]}}}},"hopper":{"trigger":"minecraft:item_used_on_block","conditions":{"player":[{"condition":"reference","name":"close_detector:openable"}],"location":{"block":{"blocks":["minecraft:hopper"]}}}},"dropper":{"trigger":"minecraft:item_used_on_block","conditions":{"player":[{"condition":"reference","name":"close_detector:openable"}],"location":{"block":{"blocks":["minecraft:dropper"]}}}},"dispenser":{"trigger":"minecraft:item_used_on_block","conditions":{"player":[{"condition":"reference","name":"close_detector:openable"}],"location":{"block":{"blocks":["minecraft:dispenser"]}}}},"furnace":{"trigger":"minecraft:item_used_on_block","conditions":{"player":[{"condition":"reference","name":"close_detector:openable"}],"location":{"block":{"blocks":["minecraft:furnace"]}}}},"blast_furnace":{"trigger":"minecraft:item_used_on_block","conditions":{"player":[{"condition":"reference","name":"close_detector:openable"}],"location":{"block":{"blocks":["minecraft:blast_furnace"]}}}},"smoker":{"trigger":"minecraft:item_used_on_block","conditions":{"player":[{"condition":"reference","name":"close_detector:openable"}],"location":{"block":{"blocks":["minecraft:smoker"]}}}},"grindstone":{"trigger":"minecraft:item_used_on_block","conditions":{"player":[{"condition":"reference","name":"close_detector:openable"}],"location":{"block":{"blocks":["minecraft:grindstone"]}}}},"enchanting_table":{"trigger":"minecraft:item_used_on_block","conditions":{"player":[{"condition":"reference","name":"close_detector:openable"}],"location":{"block":{"blocks":["minecraft:enchanting_table"]}}}},"anvil":{"trigger":"minecraft:item_used_on_block","conditions":{"player":[{"condition":"reference","name":"close_detector:openable"}],"location":{"block":{"blocks":["minecraft:anvil"]}}}},"chipped_anvil":{"trigger":"minecraft:item_used_on_block","conditions":{"player":[{"condition":"reference","name":"close_detector:openable"}],"location":{"block":{"blocks":["minecraft:chipped_anvil"]}}}},"damaged_anvil":{"trigger":"minecraft:item_used_on_block","conditions":{"player":[{"condition":"reference","name":"close_detector:openable"}],"location":{"block":{"blocks":["minecraft:damaged_anvil"]}}}},"shulker_box":{"trigger":"minecraft:item_used_on_block","conditions":{"player":[{"condition":"reference","name":"close_detector:openable"}],"location":{"block":{"blocks":["minecraft:shulker_box"]}}}},"white_shulker_box":{"trigger":"minecraft:item_used_on_block","conditions":{"player":[{"condition":"reference","name":"close_detector:openable"}],"location":{"block":{"blocks":["minecraft:white_shulker_box"]}}}},"orange_shulker_box":{"trigger":"minecraft:item_used_on_block","conditions":{"player":[{"condition":"reference","name":"close_detector:openable"}],"location":{"block":{"blocks":["minecraft:orange_shulker_box"]}}}},"magenta_shulker_box":{"trigger":"minecraft:item_used_on_block","conditions":{"player":[{"condition":"reference","name":"close_detector:openable"}],"location":{"block":{"blocks":["minecraft:magenta_shulker_box"]}}}},"light_blue_shulker_box":{"trigger":"minecraft:item_used_on_block","conditions":{"player":[{"condition":"reference","name":"close_detector:openable"}],"location":{"block":{"blocks":["minecraft:light_blue_shulker_box"]}}}},"yellow_shulker_box":{"trigger":"minecraft:item_used_on_block","conditions":{"player":[{"condition":"reference","name":"close_detector:openable"}],"location":{"block":{"blocks":["minecraft:yellow_shulker_box"]}}}},"lime_shulker_box":{"trigger":"minecraft:item_used_on_block","conditions":{"player":[{"condition":"reference","name":"close_detector:openable"}],"location":{"block":{"blocks":["minecraft:lime_shulker_box"]}}}},"pink_shulker_box":{"trigger":"minecraft:item_used_on_block","conditions":{"player":[{"condition":"reference","name":"close_detector:openable"}],"location":{"block":{"blocks":["minecraft:pink_shulker_box"]}}}},"gray_shulker_box":{"trigger":"minecraft:item_used_on_block","conditions":{"player":[{"condition":"reference","name":"close_detector:openable"}],"location":{"block":{"blocks":["minecraft:gray_shulker_box"]}}}},"light_gray_shulker_box":{"trigger":"minecraft:item_used_on_block","conditions":{"player":[{"condition":"reference","name":"close_detector:openable"}],"location":{"block":{"blocks":["minecraft:light_gray_shulker_box"]}}}},"cyan_shulker_box":{"trigger":"minecraft:item_used_on_block","conditions":{"player":[{"condition":"reference","name":"close_detector:openable"}],"location":{"block":{"blocks":["minecraft:cyan_shulker_box"]}}}},"purple_shulker_box":{"trigger":"minecraft:item_used_on_block","conditions":{"player":[{"condition":"reference","name":"close_detector:openable"}],"location":{"block":{"blocks":["minecraft:purple_shulker_box"]}}}},"blue_shulker_box":{"trigger":"minecraft:item_used_on_block","conditions":{"player":[{"condition":"reference","name":"close_detector:openable"}],"location":{"block":{"blocks":["minecraft:blue_shulker_box"]}}}},"brown_shulker_box":{"trigger":"minecraft:item_used_on_block","conditions":{"player":[{"condition":"reference","name":"close_detector:openable"}],"location":{"block":{"blocks":["minecraft:brown_shulker_box"]}}}},"green_shulker_box":{"trigger":"minecraft:item_used_on_block","conditions":{"player":[{"condition":"reference","name":"close_detector:openable"}],"location":{"block":{"blocks":["minecraft:green_shulker_box"]}}}},"red_shulker_box":{"trigger":"minecraft:item_used_on_block","conditions":{"player":[{"condition":"reference","name":"close_detector:openable"}],"location":{"block":{"blocks":["minecraft:red_shulker_box"]}}}},"black_shulker_box":{"trigger":"minecraft:item_used_on_block","conditions":{"player":[{"condition":"reference","name":"close_detector:openable"}],"location":{"block":{"blocks":["minecraft:black_shulker_box"]}}}}}; Advancement criteria cannot be empty
[15:23:05] [Render thread/ERROR]: Parsing error loading custom advancement no_sleep:use/bed: Not a json array: {"block":{"tag":"minecraft:beds"}} missed input: {"check":{"trigger":"minecraft:item_used_on_block","conditions":{"location":{"block":{"tag":"minecraft:beds"}},"player":[{"condition":"reference","name":"no_sleep:can_use_bed"}]}}}; Advancement criteria cannot be empty
[15:23:05] [Render thread/ERROR]: Parsing error loading custom advancement tusb_remake:gimmic/simmic/trigger: Not a json array: {"block":{"blocks":["minecraft:trapped_chest"]}} missed input: {"open":{"trigger":"minecraft:item_used_on_block","conditions":{"player":[{"condition":"reference","name":"tusb_remake:is_interactable"}],"location":{"block":{"blocks":["minecraft:trapped_chest"]}}}}}; Advancement criteria cannot be empty
[15:23:05] [Render thread/INFO]: Loaded 1314 advancements
[15:23:05] [Server thread/INFO]: Starting integrated minecraft server version 1.20.4
[15:23:05] [Server thread/INFO]: Generating keypair
[15:23:06] [Server thread/INFO]: Preparing start region for dimension minecraft:overworld
[15:23:08] [Render thread/INFO]: ï¿½Xï¿½|ï¿½[ï¿½ï¿½ï¿½nï¿½_ï¿½ï¿½ï¿½ï¿½ï¿½ï¿½ï¿½ï¿½ï¿½F0%
[15:23:08] [Render thread/INFO]: ï¿½Xï¿½|ï¿½[ï¿½ï¿½ï¿½nï¿½_ï¿½ï¿½ï¿½ï¿½ï¿½ï¿½ï¿½ï¿½ï¿½F0%
[15:23:08] [Render thread/INFO]: ï¿½Xï¿½|ï¿½[ï¿½ï¿½ï¿½nï¿½_ï¿½ï¿½ï¿½ï¿½ï¿½ï¿½ï¿½ï¿½ï¿½F0%
[15:23:08] [Render thread/INFO]: ï¿½Xï¿½|ï¿½[ï¿½ï¿½ï¿½nï¿½_ï¿½ï¿½ï¿½ï¿½ï¿½ï¿½ï¿½ï¿½ï¿½F0%
[15:23:08] [Render thread/INFO]: ï¿½Xï¿½|ï¿½[ï¿½ï¿½ï¿½nï¿½_ï¿½ï¿½ï¿½ï¿½ï¿½ï¿½ï¿½ï¿½ï¿½F0%
[15:23:08] [Render thread/INFO]: ï¿½Xï¿½|ï¿½[ï¿½ï¿½ï¿½nï¿½_ï¿½ï¿½ï¿½ï¿½ï¿½ï¿½ï¿½ï¿½ï¿½F0%
[15:23:09] [Render thread/INFO]: ï¿½Xï¿½|ï¿½[ï¿½ï¿½ï¿½nï¿½_ï¿½ï¿½ï¿½ï¿½ï¿½ï¿½ï¿½ï¿½ï¿½F8%
[15:23:09] [Render thread/INFO]: ï¿½Xï¿½|ï¿½[ï¿½ï¿½ï¿½nï¿½_ï¿½ï¿½ï¿½ï¿½ï¿½ï¿½ï¿½ï¿½ï¿½F42%
[15:23:09] [Render thread/INFO]: Time elapsed: 3656 ms
[15:23:09] [Server thread/INFO]: Changing view distance to 12, from 10
[15:23:09] [Server thread/INFO]: Changing simulation distance to 12, from 0
[15:23:10] [Server thread/INFO]: oudonsan[local:E:dd82ed1d] logged in with entity id 55 at (-1908.4653361354071, 113.0, -135.93395746113396)
[15:23:11] [Server thread/INFO]: oudonsanï¿½ï¿½ï¿½Qï¿½[ï¿½ï¿½ï¿½ÉŽQï¿½ï¿½ï¿½ï¿½ï¿½Ü‚ï¿½ï¿½ï¿½
[15:23:11] [Render thread/INFO]: Loaded 2 advancements
[15:23:17] [Server thread/INFO]: Saving and pausing game...
[15:23:17] [Server thread/INFO]: Saving chunks for level 'ServerLevel[ï¿½ï¿½4ï¿½ï¿½k|ï¿½ï¿½cï¿½ï¿½k|ï¿½ï¿½4ï¿½ï¿½k|ï¿½ï¿½cï¿½ï¿½k|ï¿½ï¿½r ï¿½ï¿½cï¿½ï¿½lThe Unusual SkyBlockï¿½ï¿½r ï¿½ï¿½4ï¿½ï¿½k|ï¿½ï¿½cï¿½ï¿½k|ï¿½ï¿½4ï¿½ï¿½k|ï¿½ï¿½cï¿½ï¿½k|ï¿½ï¿½rï¿½ï¿½eï¿½ï¿½l v12Remakeï¿½ï¿½r]'/minecraft:overworld
[15:23:17] [Server thread/INFO]: Saving chunks for level 'ServerLevel[ï¿½ï¿½4ï¿½ï¿½k|ï¿½ï¿½cï¿½ï¿½k|ï¿½ï¿½4ï¿½ï¿½k|ï¿½ï¿½cï¿½ï¿½k|ï¿½ï¿½r ï¿½ï¿½cï¿½ï¿½lThe Unusual SkyBlockï¿½ï¿½r ï¿½ï¿½4ï¿½ï¿½k|ï¿½ï¿½cï¿½ï¿½k|ï¿½ï¿½4ï¿½ï¿½k|ï¿½ï¿½cï¿½ï¿½k|ï¿½ï¿½rï¿½ï¿½eï¿½ï¿½l v12Remakeï¿½ï¿½r]'/minecraft:the_nether
[15:23:17] [Server thread/INFO]: Saving chunks for level 'ServerLevel[ï¿½ï¿½4ï¿½ï¿½k|ï¿½ï¿½cï¿½ï¿½k|ï¿½ï¿½4ï¿½ï¿½k|ï¿½ï¿½cï¿½ï¿½k|ï¿½ï¿½r ï¿½ï¿½cï¿½ï¿½lThe Unusual SkyBlockï¿½ï¿½r ï¿½ï¿½4ï¿½ï¿½k|ï¿½ï¿½cï¿½ï¿½k|ï¿½ï¿½4ï¿½ï¿½k|ï¿½ï¿½cï¿½ï¿½k|ï¿½ï¿½rï¿½ï¿½eï¿½ï¿½l v12Remakeï¿½ï¿½r]'/minecraft:the_end
[15:23:17] [Server thread/INFO]: oudonsan lost connection: ï¿½Ø’fï¿½ï¿½ï¿½ï¿½Ü‚ï¿½ï¿½ï¿½
[15:23:17] [Server thread/INFO]: oudonsanï¿½ï¿½ï¿½Qï¿½[ï¿½ï¿½ï¿½ï¿½Þoï¿½ï¿½ï¿½Ü‚ï¿½ï¿½ï¿½
[15:23:17] [Server thread/INFO]: Stopping singleplayer server as player logged out
[15:23:17] [Server thread/INFO]: Stopping server
[15:23:17] [Server thread/INFO]: Saving players
[15:23:17] [Server thread/INFO]: Saving worlds
[15:23:17] [Server thread/INFO]: Saving chunks for level 'ServerLevel[ï¿½ï¿½4ï¿½ï¿½k|ï¿½ï¿½cï¿½ï¿½k|ï¿½ï¿½4ï¿½ï¿½k|ï¿½ï¿½cï¿½ï¿½k|ï¿½ï¿½r ï¿½ï¿½cï¿½ï¿½lThe Unusual SkyBlockï¿½ï¿½r ï¿½ï¿½4ï¿½ï¿½k|ï¿½ï¿½cï¿½ï¿½k|ï¿½ï¿½4ï¿½ï¿½k|ï¿½ï¿½cï¿½ï¿½k|ï¿½ï¿½rï¿½ï¿½eï¿½ï¿½l v12Remakeï¿½ï¿½r]'/minecraft:overworld
[15:23:17] [Server thread/INFO]: Saving chunks for level 'ServerLevel[ï¿½ï¿½4ï¿½ï¿½k|ï¿½ï¿½cï¿½ï¿½k|ï¿½ï¿½4ï¿½ï¿½k|ï¿½ï¿½cï¿½ï¿½k|ï¿½ï¿½r ï¿½ï¿½cï¿½ï¿½lThe Unusual SkyBlockï¿½ï¿½r ï¿½ï¿½4ï¿½ï¿½k|ï¿½ï¿½cï¿½ï¿½k|ï¿½ï¿½4ï¿½ï¿½k|ï¿½ï¿½cï¿½ï¿½k|ï¿½ï¿½rï¿½ï¿½eï¿½ï¿½l v12Remakeï¿½ï¿½r]'/minecraft:the_nether
[15:23:17] [Server thread/INFO]: Saving chunks for level 'ServerLevel[ï¿½ï¿½4ï¿½ï¿½k|ï¿½ï¿½cï¿½ï¿½k|ï¿½ï¿½4ï¿½ï¿½k|ï¿½ï¿½cï¿½ï¿½k|ï¿½ï¿½r ï¿½ï¿½cï¿½ï¿½lThe Unusual SkyBlockï¿½ï¿½r ï¿½ï¿½4ï¿½ï¿½k|ï¿½ï¿½cï¿½ï¿½k|ï¿½ï¿½4ï¿½ï¿½k|ï¿½ï¿½cï¿½ï¿½k|ï¿½ï¿½rï¿½ï¿½eï¿½ï¿½l v12Remakeï¿½ï¿½r]'/minecraft:the_end
[15:23:17] [Server thread/INFO]: ThreadedAnvilChunkStorage (TheUnusualSkyBlock_v12Remake-Test): All chunks are saved
[15:23:17] [Server thread/INFO]: ThreadedAnvilChunkStorage (DIM-1): All chunks are saved
[15:23:17] [Server thread/INFO]: ThreadedAnvilChunkStorage (DIM1): All chunks are saved
[15:23:17] [Server thread/INFO]: ThreadedAnvilChunkStorage: All dimensions are saved
